Tue  4 Apr 06:13:21 BST 2017
--- uzpak.uz ping statistics ---
100 packets transmitted, 100 received, 0% packet loss, time 99227ms
rtt min/avg/max/mdev = 121.749/122.658/123.843/0.692 ms


Tue  4 Apr 12:13:24 BST 2017
--- uzpak.uz ping statistics ---
100 packets transmitted, 100 received, 0% packet loss, time 99110ms
rtt min/avg/max/mdev = 119.918/120.215/122.050/0.431 ms


Tue  4 Apr 18:13:26 BST 2017
--- uzpak.uz ping statistics ---
100 packets transmitted, 100 received, 0% packet loss, time 99110ms
rtt min/avg/max/mdev = 119.333/119.552/120.664/0.197 ms


Wed  5 Apr 00:13:23 BST 2017
--- uzpak.uz ping statistics ---
100 packets transmitted, 100 received, 0% packet loss, time 99363ms
rtt min/avg/max/mdev = 4.252/114.063/123.299/29.542 ms


Wed  5 Apr 06:13:21 BST 2017
--- uzpak.uz ping statistics ---
100 packets transmitted, 100 received, 0% packet loss, time 99111ms
rtt min/avg/max/mdev = 85.056/113.508/120.936/13.538 ms


Wed  5 Apr 12:13:27 BST 2017
--- uzpak.uz ping statistics ---
100 packets transmitted, 100 received, 0% packet loss, time 99096ms
rtt min/avg/max/mdev = 119.365/119.584/122.610/0.452 ms


Wed  5 Apr 18:13:26 BST 2017
--- uzpak.uz ping statistics ---
100 packets transmitted, 100 received, 0% packet loss, time 99259ms
rtt min/avg/max/mdev = 121.524/122.386/124.855/0.605 ms


Thu  6 Apr 00:13:24 BST 2017
--- uzpak.uz ping statistics ---
100 packets transmitted, 100 received, 0% packet loss, time 99025ms
rtt min/avg/max/mdev = 119.377/119.930/120.664/0.292 ms


Thu  6 Apr 06:13:21 BST 2017
--- uzpak.uz ping statistics ---
100 packets transmitted, 100 received, 0% packet loss, time 99105ms
rtt min/avg/max/mdev = 119.362/119.477/120.669/0.457 ms


Thu  6 Apr 12:13:25 BST 2017
--- uzpak.uz ping statistics ---
100 packets transmitted, 100 received, 0% packet loss, time 99210ms
rtt min/avg/max/mdev = 121.498/122.384/127.487/0.828 ms


Thu  6 Apr 18:13:24 BST 2017
--- uzpak.uz ping statistics ---
100 packets transmitted, 100 received, 0% packet loss, time 99066ms
rtt min/avg/max/mdev = 119.415/119.914/121.173/0.461 ms


Fri  7 Apr 00:13:26 BST 2017
--- uzpak.uz ping statistics ---
100 packets transmitted, 100 received, 0% packet loss, time 99086ms
rtt min/avg/max/mdev = 115.175/115.273/115.696/0.217 ms


Fri  7 Apr 06:13:20 BST 2017
--- uzpak.uz ping statistics ---
100 packets transmitted, 100 received, 0% packet loss, time 99387ms
rtt min/avg/max/mdev = 21.220/118.825/124.424/17.093 ms


Fri  7 Apr 12:13:24 BST 2017
--- uzpak.uz ping statistics ---
100 packets transmitted, 100 received, 0% packet loss, time 99157ms
rtt min/avg/max/mdev = 120.410/121.123/129.190/0.919 ms


Fri  7 Apr 18:13:29 BST 2017
--- uzpak.uz ping statistics ---
100 packets transmitted, 100 received, 0% packet loss, time 99070ms
rtt min/avg/max/mdev = 119.379/119.531/120.131/0.152 ms


Sat  8 Apr 00:13:24 BST 2017
--- uzpak.uz ping statistics ---
100 packets transmitted, 100 received, 0% packet loss, time 99270ms
rtt min/avg/max/mdev = 121.071/121.728/122.837/0.461 ms


Sat  8 Apr 06:13:22 BST 2017
--- uzpak.uz ping statistics ---
100 packets transmitted, 100 received, 0% packet loss, time 99095ms
rtt min/avg/max/mdev = 119.346/119.423/119.817/0.285 ms


Sat  8 Apr 12:13:24 BST 2017
--- uzpak.uz ping statistics ---
100 packets transmitted, 100 received, 0% packet loss, time 99433ms
rtt min/avg/max/mdev = 0.000/114.138/126.791/33.680 ms


Sat  8 Apr 18:13:19 BST 2017
--- uzpak.uz ping statistics ---
100 packets transmitted, 100 received, 0% packet loss, time 99156ms
rtt min/avg/max/mdev = 119.396/121.326/122.563/0.993 ms


Sun  9 Apr 00:13:20 BST 2017
--- uzpak.uz ping statistics ---
100 packets transmitted, 100 received, 0% packet loss, time 99686ms
rtt min/avg/max/mdev = 119.341/119.414/119.895/0.300 ms


Sun  9 Apr 06:13:21 BST 2017
--- uzpak.uz ping statistics ---
100 packets transmitted, 100 received, 0% packet loss, time 99243ms
rtt min/avg/max/mdev = 122.692/123.908/126.940/0.899 ms


Sun  9 Apr 12:13:18 BST 2017
--- uzpak.uz ping statistics ---
100 packets transmitted, 100 received, 0% packet loss, time 99207ms
rtt min/avg/max/mdev = 119.377/121.320/123.126/1.017 ms


Sun  9 Apr 18:13:21 BST 2017
--- uzpak.uz ping statistics ---
100 packets transmitted, 100 received, 0% packet loss, time 99108ms
rtt min/avg/max/mdev = 119.382/119.852/151.388/3.208 ms


Mon 10 Apr 00:13:20 BST 2017
--- uzpak.uz ping statistics ---
100 packets transmitted, 100 received, 0% packet loss, time 99208ms
rtt min/avg/max/mdev = 122.655/123.796/125.130/0.873 ms


Mon 10 Apr 06:13:19 BST 2017
--- uzpak.uz ping statistics ---
100 packets transmitted, 100 received, 0% packet loss, time 99081ms
rtt min/avg/max/mdev = 120.065/121.446/124.221/0.664 ms


Mon 10 Apr 12:13:22 BST 2017
--- uzpak.uz ping statistics ---
100 packets transmitted, 100 received, 0% packet loss, time 99094ms
rtt min/avg/max/mdev = 119.354/119.937/143.397/3.149 ms


Mon 10 Apr 18:13:23 BST 2017
--- uzpak.uz ping statistics ---
100 packets transmitted, 100 received, 0% packet loss, time 99269ms
rtt min/avg/max/mdev = 122.524/123.740/127.674/0.985 ms


Tue 11 Apr 00:13:19 BST 2017
--- uzpak.uz ping statistics ---
100 packets transmitted, 100 received, 0% packet loss, time 99280ms
rtt min/avg/max/mdev = 48.728/112.279/142.879/23.839 ms


Tue 11 Apr 06:13:23 BST 2017
--- uzpak.uz ping statistics ---
100 packets transmitted, 100 received, 0% packet loss, time 99107ms
rtt min/avg/max/mdev = 119.340/119.435/119.878/0.287 ms


Tue 11 Apr 12:13:21 BST 2017
--- uzpak.uz ping statistics ---
100 packets transmitted, 100 received, 0% packet loss, time 99244ms
rtt min/avg/max/mdev = 121.603/125.017/127.332/1.779 ms


Tue 11 Apr 18:13:19 BST 2017
--- uzpak.uz ping statistics ---
100 packets transmitted, 99 received, 1% packet loss, time 99173ms
rtt min/avg/max/mdev = 52.449/119.703/122.399/9.542 ms


Wed 12 Apr 00:13:19 BST 2017
--- uzpak.uz ping statistics ---
100 packets transmitted, 100 received, 0% packet loss, time 99031ms
rtt min/avg/max/mdev = 119.218/121.180/232.597/13.435 ms


