Tue  4 Apr 06:11:40 BST 2017
--- thecuriouskiwi.co.nz ping statistics ---
100 packets transmitted, 100 received, 0% packet loss, time 99261ms
rtt min/avg/max/mdev = 281.794/283.941/287.118/1.495 ms


Tue  4 Apr 12:11:43 BST 2017
--- thecuriouskiwi.co.nz ping statistics ---
100 packets transmitted, 100 received, 0% packet loss, time 99069ms
rtt min/avg/max/mdev = 276.289/277.906/281.371/1.141 ms


Tue  4 Apr 18:11:45 BST 2017
--- thecuriouskiwi.co.nz ping statistics ---
100 packets transmitted, 100 received, 0% packet loss, time 99323ms
rtt min/avg/max/mdev = 0.000/273.268/277.833/27.489 ms


Wed  5 Apr 00:11:42 BST 2017
--- thecuriouskiwi.co.nz ping statistics ---
100 packets transmitted, 100 received, 0% packet loss, time 99268ms
rtt min/avg/max/mdev = 279.733/287.297/354.107/8.868 ms


Wed  5 Apr 06:11:41 BST 2017
--- thecuriouskiwi.co.nz ping statistics ---
100 packets transmitted, 100 received, 0% packet loss, time 99159ms
rtt min/avg/max/mdev = 281.001/281.897/300.222/1.944 ms


Wed  5 Apr 12:11:45 BST 2017
--- thecuriouskiwi.co.nz ping statistics ---
100 packets transmitted, 100 received, 0% packet loss, time 99020ms
rtt min/avg/max/mdev = 265.043/265.513/275.918/1.466 ms


Wed  5 Apr 18:11:44 BST 2017
--- thecuriouskiwi.co.nz ping statistics ---
100 packets transmitted, 100 received, 0% packet loss, time 99362ms
rtt min/avg/max/mdev = 293.205/297.883/426.508/17.862 ms


Thu  6 Apr 00:11:43 BST 2017
--- thecuriouskiwi.co.nz ping statistics ---
100 packets transmitted, 100 received, 0% packet loss, time 99152ms
rtt min/avg/max/mdev = 242.935/262.725/312.432/10.493 ms


Thu  6 Apr 06:11:41 BST 2017
--- thecuriouskiwi.co.nz ping statistics ---
100 packets transmitted, 100 received, 0% packet loss, time 99125ms
rtt min/avg/max/mdev = 261.985/264.981/276.561/1.567 ms


Thu  6 Apr 12:11:43 BST 2017
--- thecuriouskiwi.co.nz ping statistics ---
100 packets transmitted, 100 received, 0% packet loss, time 99124ms
rtt min/avg/max/mdev = 267.253/271.049/276.245/1.560 ms


Thu  6 Apr 18:11:43 BST 2017
--- thecuriouskiwi.co.nz ping statistics ---
100 packets transmitted, 100 received, 0% packet loss, time 99129ms
rtt min/avg/max/mdev = 210.392/263.033/391.436/14.955 ms


Fri  7 Apr 00:11:44 BST 2017
--- thecuriouskiwi.co.nz ping statistics ---
100 packets transmitted, 100 received, 0% packet loss, time 99334ms
rtt min/avg/max/mdev = 0.000/266.187/686.683/53.013 ms


Fri  7 Apr 06:11:40 BST 2017
--- thecuriouskiwi.co.nz ping statistics ---
100 packets transmitted, 100 received, 0% packet loss, time 99204ms
rtt min/avg/max/mdev = 261.723/266.775/270.149/2.646 ms


Fri  7 Apr 12:11:43 BST 2017
--- thecuriouskiwi.co.nz ping statistics ---
100 packets transmitted, 100 received, 0% packet loss, time 99060ms
rtt min/avg/max/mdev = 264.766/268.717/377.077/13.077 ms


Fri  7 Apr 18:11:49 BST 2017
--- thecuriouskiwi.co.nz ping statistics ---
100 packets transmitted, 100 received, 0% packet loss, time 99111ms
rtt min/avg/max/mdev = 261.586/262.059/277.865/1.661 ms


Sat  8 Apr 00:11:43 BST 2017
--- thecuriouskiwi.co.nz ping statistics ---
100 packets transmitted, 100 received, 0% packet loss, time 99110ms
rtt min/avg/max/mdev = 167.232/259.602/269.406/24.999 ms


Sat  8 Apr 06:11:42 BST 2017
--- thecuriouskiwi.co.nz ping statistics ---
100 packets transmitted, 100 received, 0% packet loss, time 99373ms
rtt min/avg/max/mdev = 0.000/258.947/264.184/26.048 ms


Sat  8 Apr 12:11:43 BST 2017
--- thecuriouskiwi.co.nz ping statistics ---
100 packets transmitted, 100 received, 0% packet loss, time 99462ms
rtt min/avg/max/mdev = 83.955/262.153/276.114/40.608 ms


Sat  8 Apr 18:11:39 BST 2017
--- thecuriouskiwi.co.nz ping statistics ---
100 packets transmitted, 100 received, 0% packet loss, time 99174ms
rtt min/avg/max/mdev = 172.653/250.082/271.570/34.482 ms


Sun  9 Apr 00:11:39 BST 2017
--- thecuriouskiwi.co.nz ping statistics ---
100 packets transmitted, 100 received, 0% packet loss, time 99779ms
rtt min/avg/max/mdev = 261.650/262.113/277.252/1.810 ms


Sun  9 Apr 06:11:41 BST 2017
--- thecuriouskiwi.co.nz ping statistics ---
100 packets transmitted, 100 received, 0% packet loss, time 99329ms
rtt min/avg/max/mdev = 79.664/235.482/277.047/73.642 ms


Sun  9 Apr 12:11:38 BST 2017
--- thecuriouskiwi.co.nz ping statistics ---
100 packets transmitted, 100 received, 0% packet loss, time 99199ms
rtt min/avg/max/mdev = 173.554/260.954/281.097/20.941 ms


Sun  9 Apr 18:11:41 BST 2017
--- thecuriouskiwi.co.nz ping statistics ---
100 packets transmitted, 100 received, 0% packet loss, time 99109ms
rtt min/avg/max/mdev = 261.615/261.852/262.392/0.476 ms


Mon 10 Apr 00:11:40 BST 2017
--- thecuriouskiwi.co.nz ping statistics ---
100 packets transmitted, 100 received, 0% packet loss, time 99433ms
rtt min/avg/max/mdev = 94.361/245.336/290.731/61.922 ms


Mon 10 Apr 06:11:39 BST 2017
--- thecuriouskiwi.co.nz ping statistics ---
100 packets transmitted, 100 received, 0% packet loss, time 99233ms
rtt min/avg/max/mdev = 182.095/258.088/283.126/25.008 ms


Mon 10 Apr 12:11:41 BST 2017
--- thecuriouskiwi.co.nz ping statistics ---
100 packets transmitted, 100 received, 0% packet loss, time 99103ms
rtt min/avg/max/mdev = 261.635/261.936/265.054/0.681 ms


Mon 10 Apr 18:11:42 BST 2017
--- thecuriouskiwi.co.nz ping statistics ---
100 packets transmitted, 100 received, 0% packet loss, time 99278ms
rtt min/avg/max/mdev = 268.469/270.987/279.687/2.085 ms


Tue 11 Apr 00:11:39 BST 2017
--- thecuriouskiwi.co.nz ping statistics ---
100 packets transmitted, 100 received, 0% packet loss, time 99127ms
rtt min/avg/max/mdev = 261.715/266.785/336.632/7.941 ms


Tue 11 Apr 06:11:42 BST 2017
--- thecuriouskiwi.co.nz ping statistics ---
100 packets transmitted, 100 received, 0% packet loss, time 99026ms
rtt min/avg/max/mdev = 256.912/262.298/317.806/5.772 ms


Tue 11 Apr 12:11:40 BST 2017
--- thecuriouskiwi.co.nz ping statistics ---
100 packets transmitted, 100 received, 0% packet loss, time 99252ms
rtt min/avg/max/mdev = 263.544/270.316/318.249/5.193 ms


Tue 11 Apr 18:11:39 BST 2017
--- thecuriouskiwi.co.nz ping statistics ---
100 packets transmitted, 100 received, 0% packet loss, time 99111ms
rtt min/avg/max/mdev = 190.825/258.515/350.323/23.046 ms


Wed 12 Apr 00:11:39 BST 2017
--- thecuriouskiwi.co.nz ping statistics ---
100 packets transmitted, 100 received, 0% packet loss, time 99144ms
rtt min/avg/max/mdev = 259.112/261.633/272.376/1.586 ms


Wed 12 Apr 06:11:40 BST 2017
--- thecuriouskiwi.co.nz ping statistics ---
100 packets transmitted, 100 received, 0% packet loss, time 99292ms
rtt min/avg/max/mdev = 104.353/267.765/286.131/22.857 ms


Wed 12 Apr 12:11:39 BST 2017
--- thecuriouskiwi.co.nz ping statistics ---
100 packets transmitted, 100 received, 0% packet loss, time 99051ms
rtt min/avg/max/mdev = 261.851/264.834/281.310/2.073 ms


Wed 12 Apr 18:11:42 BST 2017
--- thecuriouskiwi.co.nz ping statistics ---
100 packets transmitted, 100 received, 0% packet loss, time 99149ms
rtt min/avg/max/mdev = 238.724/261.519/280.362/3.395 ms


Thu 13 Apr 00:11:40 BST 2017
--- thecuriouskiwi.co.nz ping statistics ---
100 packets transmitted, 100 received, 0% packet loss, time 99263ms
rtt min/avg/max/mdev = 121.127/241.809/316.448/58.379 ms


Thu 13 Apr 06:11:38 BST 2017
--- thecuriouskiwi.co.nz ping statistics ---
100 packets transmitted, 100 received, 0% packet loss, time 99217ms
rtt min/avg/max/mdev = 261.763/264.678/266.488/1.556 ms


Thu 13 Apr 12:11:39 BST 2017
--- thecuriouskiwi.co.nz ping statistics ---
100 packets transmitted, 100 received, 0% packet loss, time 99069ms
rtt min/avg/max/mdev = 261.636/262.454/304.594/4.371 ms


Thu 13 Apr 18:11:38 BST 2017
--- thecuriouskiwi.co.nz ping statistics ---
100 packets transmitted, 100 received, 0% packet loss, time 99279ms
rtt min/avg/max/mdev = 261.658/271.794/521.958/26.538 ms


Fri 14 Apr 00:11:39 BST 2017
--- thecuriouskiwi.co.nz ping statistics ---
100 packets transmitted, 100 received, 0% packet loss, time 99097ms
rtt min/avg/max/mdev = 261.742/264.362/272.287/1.192 ms


Fri 14 Apr 06:11:38 BST 2017
--- thecuriouskiwi.co.nz ping statistics ---
100 packets transmitted, 100 received, 0% packet loss, time 99573ms
rtt min/avg/max/mdev = 261.661/264.563/293.389/5.364 ms


Fri 14 Apr 12:11:40 BST 2017
--- thecuriouskiwi.co.nz ping statistics ---
100 packets transmitted, 100 received, 0% packet loss, time 99354ms
rtt min/avg/max/mdev = 261.639/268.780/273.737/3.176 ms


Fri 14 Apr 18:11:39 BST 2017
--- thecuriouskiwi.co.nz ping statistics ---
100 packets transmitted, 100 received, 0% packet loss, time 99183ms
rtt min/avg/max/mdev = 198.739/255.496/266.356/17.654 ms


Sat 15 Apr 00:11:39 BST 2017
--- thecuriouskiwi.co.nz ping statistics ---
100 packets transmitted, 100 received, 0% packet loss, time 99112ms
rtt min/avg/max/mdev = 261.689/261.856/263.034/0.577 ms


Sat 15 Apr 06:11:39 BST 2017
--- thecuriouskiwi.co.nz ping statistics ---
100 packets transmitted, 100 received, 0% packet loss, time 99296ms
rtt min/avg/max/mdev = 135.839/254.228/270.917/40.929 ms


Sat 15 Apr 12:11:39 BST 2017
--- thecuriouskiwi.co.nz ping statistics ---
100 packets transmitted, 100 received, 0% packet loss, time 99177ms
rtt min/avg/max/mdev = 227.351/256.635/266.711/14.201 ms


Sat 15 Apr 18:11:41 BST 2017
--- thecuriouskiwi.co.nz ping statistics ---
100 packets transmitted, 100 received, 0% packet loss, time 99109ms
rtt min/avg/max/mdev = 261.649/262.450/324.302/6.240 ms


Sun 16 Apr 00:11:38 BST 2017
--- thecuriouskiwi.co.nz ping statistics ---
100 packets transmitted, 100 received, 0% packet loss, time 99287ms
rtt min/avg/max/mdev = 261.733/267.611/270.616/2.540 ms


Sun 16 Apr 06:11:38 BST 2017
--- thecuriouskiwi.co.nz ping statistics ---
100 packets transmitted, 100 received, 0% packet loss, time 99114ms
rtt min/avg/max/mdev = 263.089/263.819/276.475/1.449 ms


Sun 16 Apr 12:11:39 BST 2017
--- thecuriouskiwi.co.nz ping statistics ---
100 packets transmitted, 100 received, 0% packet loss, time 99109ms
rtt min/avg/max/mdev = 261.615/261.948/267.677/0.777 ms


Sun 16 Apr 18:11:39 BST 2017
--- thecuriouskiwi.co.nz ping statistics ---
100 packets transmitted, 100 received, 0% packet loss, time 99179ms
rtt min/avg/max/mdev = 266.569/268.475/278.996/1.646 ms


Mon 17 Apr 00:11:39 BST 2017
--- thecuriouskiwi.co.nz ping statistics ---
100 packets transmitted, 100 received, 0% packet loss, time 99093ms
rtt min/avg/max/mdev = 262.585/263.844/340.835/7.774 ms


Mon 17 Apr 06:11:39 BST 2017
--- thecuriouskiwi.co.nz ping statistics ---
100 packets transmitted, 100 received, 0% packet loss, time 99052ms
rtt min/avg/max/mdev = 261.693/262.256/270.942/1.309 ms


Mon 17 Apr 12:11:39 BST 2017
--- thecuriouskiwi.co.nz ping statistics ---
100 packets transmitted, 100 received, 0% packet loss, time 99222ms
rtt min/avg/max/mdev = 264.054/267.845/270.268/1.270 ms


Mon 17 Apr 18:11:38 BST 2017
--- thecuriouskiwi.co.nz ping statistics ---
100 packets transmitted, 100 received, 0% packet loss, time 99128ms
rtt min/avg/max/mdev = 241.396/261.015/263.400/5.955 ms


Tue 18 Apr 00:11:42 BST 2017
--- thecuriouskiwi.co.nz ping statistics ---
100 packets transmitted, 100 received, 0% packet loss, time 99470ms
rtt min/avg/max/mdev = 261.664/261.993/263.457/0.765 ms


Tue 18 Apr 06:11:38 BST 2017
--- thecuriouskiwi.co.nz ping statistics ---
100 packets transmitted, 100 received, 0% packet loss, time 99197ms
rtt min/avg/max/mdev = 261.774/267.004/272.336/2.490 ms


Tue 18 Apr 12:11:40 BST 2017
--- thecuriouskiwi.co.nz ping statistics ---
100 packets transmitted, 100 received, 0% packet loss, time 99154ms
rtt min/avg/max/mdev = 261.733/265.914/351.452/8.691 ms


Tue 18 Apr 18:11:39 BST 2017
--- thecuriouskiwi.co.nz ping statistics ---
100 packets transmitted, 100 received, 0% packet loss, time 99106ms
rtt min/avg/max/mdev = 261.669/262.026/270.132/1.108 ms


Wed 19 Apr 00:11:39 BST 2017
--- thecuriouskiwi.co.nz ping statistics ---
100 packets transmitted, 100 received, 0% packet loss, time 99170ms
rtt min/avg/max/mdev = 261.825/267.494/283.463/3.281 ms


Wed 19 Apr 06:10:16 BST 2017
--- thecuriouskiwi.co.nz ping statistics ---
100 packets transmitted, 100 received, 0% packet loss, time 99895ms
rtt min/avg/max/mdev = 0.000/259.001/262.603/26.044 ms


Wed 19 Apr 12:11:51 BST 2017
--- thecuriouskiwi.co.nz ping statistics ---
100 packets transmitted, 100 received, 0% packet loss, time 99201ms
rtt min/avg/max/mdev = 269.422/272.243/276.317/1.925 ms


Wed 19 Apr 18:11:46 BST 2017
--- thecuriouskiwi.co.nz ping statistics ---
100 packets transmitted, 100 received, 0% packet loss, time 99149ms
rtt min/avg/max/mdev = 171.298/251.126/270.308/35.460 ms


Thu 20 Apr 00:11:42 BST 2017
--- thecuriouskiwi.co.nz ping statistics ---
100 packets transmitted, 99 received, 1% packet loss, time 99009ms
rtt min/avg/max/mdev = 261.822/263.236/268.095/0.945 ms


Thu 20 Apr 06:11:40 BST 2017
--- thecuriouskiwi.co.nz ping statistics ---
100 packets transmitted, 100 received, 0% packet loss, time 99154ms
rtt min/avg/max/mdev = 261.791/270.330/275.025/3.715 ms


Thu 20 Apr 12:11:42 BST 2017
--- thecuriouskiwi.co.nz ping statistics ---
100 packets transmitted, 100 received, 0% packet loss, time 99182ms
rtt min/avg/max/mdev = 262.378/266.764/269.556/2.255 ms


Thu 20 Apr 18:11:43 BST 2017
--- thecuriouskiwi.co.nz ping statistics ---
100 packets transmitted, 100 received, 0% packet loss, time 99123ms
rtt min/avg/max/mdev = 262.281/263.308/347.313/8.467 ms


Fri 21 Apr 00:11:39 BST 2017
--- thecuriouskiwi.co.nz ping statistics ---
100 packets transmitted, 100 received, 0% packet loss, time 99179ms
rtt min/avg/max/mdev = 87.272/236.555/279.247/73.355 ms


Fri 21 Apr 06:11:39 BST 2017
--- thecuriouskiwi.co.nz ping statistics ---
100 packets transmitted, 100 received, 0% packet loss, time 99245ms
rtt min/avg/max/mdev = 178.027/250.197/276.102/35.010 ms


Fri 21 Apr 12:11:40 BST 2017
--- thecuriouskiwi.co.nz ping statistics ---
100 packets transmitted, 100 received, 0% packet loss, time 100180ms
rtt min/avg/max/mdev = 0.000/259.955/266.082/26.135 ms


Fri 21 Apr 18:11:42 BST 2017
--- thecuriouskiwi.co.nz ping statistics ---
100 packets transmitted, 100 received, 0% packet loss, time 99143ms
rtt min/avg/max/mdev = 93.692/237.491/275.455/69.417 ms


Sat 22 Apr 00:11:39 BST 2017
--- thecuriouskiwi.co.nz ping statistics ---
100 packets transmitted, 100 received, 0% packet loss, time 99037ms
rtt min/avg/max/mdev = 265.491/266.458/269.845/0.884 ms


Sat 22 Apr 06:11:43 BST 2017
--- thecuriouskiwi.co.nz ping statistics ---
100 packets transmitted, 100 received, 0% packet loss, time 99091ms
rtt min/avg/max/mdev = 262.281/262.502/263.806/0.419 ms


Sat 22 Apr 12:11:39 BST 2017
--- thecuriouskiwi.co.nz ping statistics ---
100 packets transmitted, 100 received, 0% packet loss, time 99127ms
rtt min/avg/max/mdev = 262.238/269.793/273.796/3.925 ms


Sat 22 Apr 18:11:39 BST 2017
--- thecuriouskiwi.co.nz ping statistics ---
100 packets transmitted, 100 received, 0% packet loss, time 99140ms
rtt min/avg/max/mdev = 198.129/253.125/269.608/26.688 ms


Sun 23 Apr 00:11:41 BST 2017
--- thecuriouskiwi.co.nz ping statistics ---
100 packets transmitted, 100 received, 0% packet loss, time 99064ms
rtt min/avg/max/mdev = 278.033/278.164/278.970/0.696 ms


Sun 23 Apr 06:11:40 BST 2017
--- thecuriouskiwi.co.nz ping statistics ---
100 packets transmitted, 100 received, 0% packet loss, time 99214ms
rtt min/avg/max/mdev = 278.235/287.928/298.442/3.458 ms


Sun 23 Apr 12:11:39 BST 2017
--- thecuriouskiwi.co.nz ping statistics ---
100 packets transmitted, 100 received, 0% packet loss, time 99113ms
rtt min/avg/max/mdev = 262.292/265.590/304.955/4.228 ms


Sun 23 Apr 18:11:46 BST 2017
--- thecuriouskiwi.co.nz ping statistics ---
100 packets transmitted, 100 received, 0% packet loss, time 99119ms
rtt min/avg/max/mdev = 259.251/262.019/268.528/1.239 ms


Mon 24 Apr 00:11:41 BST 2017
--- thecuriouskiwi.co.nz ping statistics ---
100 packets transmitted, 100 received, 0% packet loss, time 99082ms
rtt min/avg/max/mdev = 265.809/270.545/273.924/1.849 ms


Mon 24 Apr 06:11:40 BST 2017
--- thecuriouskiwi.co.nz ping statistics ---
100 packets transmitted, 100 received, 0% packet loss, time 99092ms
rtt min/avg/max/mdev = 262.405/265.243/268.489/1.497 ms


Mon 24 Apr 12:11:41 BST 2017
--- thecuriouskiwi.co.nz ping statistics ---
100 packets transmitted, 100 received, 0% packet loss, time 99069ms
rtt min/avg/max/mdev = 262.335/262.783/272.334/1.360 ms


Mon 24 Apr 18:11:43 BST 2017
--- thecuriouskiwi.co.nz ping statistics ---
100 packets transmitted, 100 received, 0% packet loss, time 99141ms
rtt min/avg/max/mdev = 117.178/260.561/274.896/34.504 ms


Tue 25 Apr 00:11:41 BST 2017
--- thecuriouskiwi.co.nz ping statistics ---
100 packets transmitted, 100 received, 0% packet loss, time 99107ms
rtt min/avg/max/mdev = 262.381/267.112/403.866/15.873 ms


Tue 25 Apr 06:11:40 BST 2017
--- thecuriouskiwi.co.nz ping statistics ---
100 packets transmitted, 100 received, 0% packet loss, time 99084ms
rtt min/avg/max/mdev = 262.240/262.583/268.814/0.783 ms


Tue 25 Apr 12:11:43 BST 2017
--- thecuriouskiwi.co.nz ping statistics ---
100 packets transmitted, 100 received, 0% packet loss, time 99061ms
rtt min/avg/max/mdev = 262.387/269.453/290.417/3.849 ms


Tue 25 Apr 18:11:45 BST 2017
--- thecuriouskiwi.co.nz ping statistics ---
100 packets transmitted, 100 received, 0% packet loss, time 99111ms
rtt min/avg/max/mdev = 262.339/264.572/270.673/1.455 ms


Wed 26 Apr 00:11:43 BST 2017
--- thecuriouskiwi.co.nz ping statistics ---
100 packets transmitted, 100 received, 0% packet loss, time 99822ms
rtt min/avg/max/mdev = 0.000/264.110/289.878/27.299 ms


Wed 26 Apr 06:11:39 BST 2017
--- thecuriouskiwi.co.nz ping statistics ---
100 packets transmitted, 100 received, 0% packet loss, time 99470ms
rtt min/avg/max/mdev = 141.494/267.341/274.572/17.930 ms


Wed 26 Apr 12:11:41 BST 2017
--- thecuriouskiwi.co.nz ping statistics ---
100 packets transmitted, 100 received, 0% packet loss, time 99052ms
rtt min/avg/max/mdev = 262.282/264.364/272.354/1.522 ms


Wed 26 Apr 18:11:45 BST 2017
--- thecuriouskiwi.co.nz ping statistics ---
100 packets transmitted, 100 received, 0% packet loss, time 99493ms
rtt min/avg/max/mdev = 262.248/262.480/263.757/0.649 ms


Thu 27 Apr 00:11:44 BST 2017
--- thecuriouskiwi.co.nz ping statistics ---
100 packets transmitted, 100 received, 0% packet loss, time 99170ms
rtt min/avg/max/mdev = 146.251/245.760/279.208/48.580 ms


Thu 27 Apr 06:11:45 BST 2017
--- thecuriouskiwi.co.nz ping statistics ---
100 packets transmitted, 100 received, 0% packet loss, time 99099ms
rtt min/avg/max/mdev = 262.305/262.583/264.618/0.452 ms


Thu 27 Apr 12:11:43 BST 2017
--- thecuriouskiwi.co.nz ping statistics ---
100 packets transmitted, 100 received, 0% packet loss, time 106004ms
rtt min/avg/max/mdev = 262.317/262.764/266.536/0.814 ms


Thu 27 Apr 18:15:05 BST 2017
--- thecuriouskiwi.co.nz ping statistics ---
100 packets transmitted, 100 received, 0% packet loss, time 99141ms
rtt min/avg/max/mdev = 262.337/268.354/276.056/2.981 ms


Fri 28 Apr 00:15:04 BST 2017
--- thecuriouskiwi.co.nz ping statistics ---
100 packets transmitted, 100 received, 0% packet loss, time 99028ms
rtt min/avg/max/mdev = 238.926/259.469/270.644/9.195 ms


Fri 28 Apr 06:15:01 BST 2017
--- thecuriouskiwi.co.nz ping statistics ---
100 packets transmitted, 100 received, 0% packet loss, time 99532ms
rtt min/avg/max/mdev = 262.309/263.138/293.062/3.213 ms


Fri 28 Apr 12:15:03 BST 2017
--- thecuriouskiwi.co.nz ping statistics ---
100 packets transmitted, 100 received, 0% packet loss, time 99184ms
rtt min/avg/max/mdev = 158.077/247.535/278.403/43.205 ms


Fri 28 Apr 18:16:46 BST 2017
--- thecuriouskiwi.co.nz ping statistics ---
100 packets transmitted, 100 received, 0% packet loss, time 99108ms
rtt min/avg/max/mdev = 263.026/274.428/917.288/74.531 ms


Sat 29 Apr 00:16:43 BST 2017
--- thecuriouskiwi.co.nz ping statistics ---
100 packets transmitted, 100 received, 0% packet loss, time 99147ms
rtt min/avg/max/mdev = 262.303/267.146/545.819/32.944 ms


Sat 29 Apr 06:16:42 BST 2017
--- thecuriouskiwi.co.nz ping statistics ---
100 packets transmitted, 100 received, 0% packet loss, time 99178ms
rtt min/avg/max/mdev = 262.501/269.621/280.494/2.950 ms


Sat 29 Apr 12:16:44 BST 2017
--- thecuriouskiwi.co.nz ping statistics ---
100 packets transmitted, 100 received, 0% packet loss, time 99106ms
rtt min/avg/max/mdev = 262.370/264.012/305.685/4.641 ms


Sat 29 Apr 18:16:50 BST 2017
--- thecuriouskiwi.co.nz ping statistics ---
100 packets transmitted, 100 received, 0% packet loss, time 99088ms
rtt min/avg/max/mdev = 262.299/262.582/264.186/0.772 ms


Sun 30 Apr 00:16:44 BST 2017
--- thecuriouskiwi.co.nz ping statistics ---
100 packets transmitted, 100 received, 0% packet loss, time 99176ms
rtt min/avg/max/mdev = 262.327/267.971/293.080/3.777 ms


Sun 30 Apr 06:16:45 BST 2017
--- thecuriouskiwi.co.nz ping statistics ---
100 packets transmitted, 100 received, 0% packet loss, time 99266ms
rtt min/avg/max/mdev = 262.300/269.293/275.500/4.440 ms


Sun 30 Apr 12:16:45 BST 2017
--- thecuriouskiwi.co.nz ping statistics ---
100 packets transmitted, 100 received, 0% packet loss, time 99010ms
rtt min/avg/max/mdev = 262.286/262.500/263.145/0.710 ms


Sun 30 Apr 18:22:58 BST 2017
--- thecuriouskiwi.co.nz ping statistics ---
100 packets transmitted, 100 received, 0% packet loss, time 99124ms
rtt min/avg/max/mdev = 266.360/272.290/649.288/38.234 ms


Mon  1 May 00:16:54 BST 2017
--- thecuriouskiwi.co.nz ping statistics ---
100 packets transmitted, 99 received, 1% packet loss, time 99011ms
rtt min/avg/max/mdev = 262.317/263.272/299.616/3.790 ms


Mon  1 May 06:16:44 BST 2017
--- thecuriouskiwi.co.nz ping statistics ---
100 packets transmitted, 100 received, 0% packet loss, time 99841ms
rtt min/avg/max/mdev = 0.000/245.622/494.780/78.979 ms


Mon  1 May 12:16:46 BST 2017
--- thecuriouskiwi.co.nz ping statistics ---
100 packets transmitted, 100 received, 0% packet loss, time 99147ms
rtt min/avg/max/mdev = 262.417/267.157/273.993/1.957 ms


Mon  1 May 18:16:50 BST 2017
--- thecuriouskiwi.co.nz ping statistics ---
100 packets transmitted, 100 received, 0% packet loss, time 99010ms
rtt min/avg/max/mdev = 262.280/262.458/263.744/0.626 ms


Tue  2 May 00:16:45 BST 2017
--- thecuriouskiwi.co.nz ping statistics ---
100 packets transmitted, 100 received, 0% packet loss, time 99234ms
rtt min/avg/max/mdev = 92.227/237.680/277.501/70.663 ms


Tue  2 May 06:16:42 BST 2017
--- thecuriouskiwi.co.nz ping statistics ---
100 packets transmitted, 100 received, 0% packet loss, time 99105ms
rtt min/avg/max/mdev = 262.143/266.422/271.060/2.183 ms


Tue  2 May 12:16:47 BST 2017
--- thecuriouskiwi.co.nz ping statistics ---
100 packets transmitted, 100 received, 0% packet loss, time 99124ms
rtt min/avg/max/mdev = 265.654/269.710/575.864/30.796 ms


Tue  2 May 18:16:48 BST 2017
--- thecuriouskiwi.co.nz ping statistics ---
100 packets transmitted, 100 received, 0% packet loss, time 99090ms
rtt min/avg/max/mdev = 262.132/262.761/263.273/0.409 ms


Wed  3 May 00:16:52 BST 2017
--- thecuriouskiwi.co.nz ping statistics ---
100 packets transmitted, 100 received, 0% packet loss, time 99125ms
rtt min/avg/max/mdev = 219.244/264.084/271.748/4.724 ms


Wed  3 May 06:16:47 BST 2017
--- thecuriouskiwi.co.nz ping statistics ---
100 packets transmitted, 100 received, 0% packet loss, time 99111ms
rtt min/avg/max/mdev = 262.235/263.453/270.083/1.171 ms


Wed  3 May 12:16:47 BST 2017
--- thecuriouskiwi.co.nz ping statistics ---
100 packets transmitted, 100 received, 0% packet loss, time 99118ms
rtt min/avg/max/mdev = 262.130/265.021/275.945/2.053 ms


Wed  3 May 18:16:46 BST 2017
--- thecuriouskiwi.co.nz ping statistics ---
100 packets transmitted, 100 received, 0% packet loss, time 99107ms
rtt min/avg/max/mdev = 262.137/266.214/273.181/2.239 ms


Thu  4 May 00:16:48 BST 2017
--- thecuriouskiwi.co.nz ping statistics ---
100 packets transmitted, 100 received, 0% packet loss, time 99098ms
rtt min/avg/max/mdev = 262.202/263.942/340.992/7.836 ms


Thu  4 May 06:16:46 BST 2017
--- thecuriouskiwi.co.nz ping statistics ---
100 packets transmitted, 100 received, 0% packet loss, time 99141ms
rtt min/avg/max/mdev = 262.216/265.022/272.731/1.741 ms


Thu  4 May 12:16:48 BST 2017
--- thecuriouskiwi.co.nz ping statistics ---
100 packets transmitted, 100 received, 0% packet loss, time 99153ms
rtt min/avg/max/mdev = 262.163/267.223/345.081/8.289 ms


Thu  4 May 18:16:47 BST 2017
--- thecuriouskiwi.co.nz ping statistics ---
100 packets transmitted, 100 received, 0% packet loss, time 99191ms
rtt min/avg/max/mdev = 156.212/251.019/275.338/40.084 ms


Fri  5 May 00:16:46 BST 2017
--- thecuriouskiwi.co.nz ping statistics ---
100 packets transmitted, 100 received, 0% packet loss, time 99044ms
rtt min/avg/max/mdev = 263.565/264.587/269.319/0.730 ms


Fri  5 May 06:16:41 BST 2017
--- thecuriouskiwi.co.nz ping statistics ---
100 packets transmitted, 100 received, 0% packet loss, time 99314ms
rtt min/avg/max/mdev = 268.711/271.260/280.197/1.976 ms


Fri  5 May 12:16:48 BST 2017
--- thecuriouskiwi.co.nz ping statistics ---
100 packets transmitted, 100 received, 0% packet loss, time 99121ms
rtt min/avg/max/mdev = 262.221/268.178/279.677/2.178 ms


Fri  5 May 20:46:58 BST 2017


