Tue  4 Apr 06:06:42 BST 2017
--- kcbbs.gen.nz ping statistics ---
100 packets transmitted, 100 received, 0% packet loss, time 99255ms
rtt min/avg/max/mdev = 274.352/281.497/285.271/2.699 ms


Tue  4 Apr 12:06:45 BST 2017
--- kcbbs.gen.nz ping statistics ---
100 packets transmitted, 100 received, 0% packet loss, time 99113ms
rtt min/avg/max/mdev = 275.201/276.362/278.067/0.810 ms


Tue  4 Apr 18:06:44 BST 2017
--- kcbbs.gen.nz ping statistics ---
100 packets transmitted, 100 received, 0% packet loss, time 99395ms
rtt min/avg/max/mdev = 274.035/274.788/276.158/0.806 ms


Wed  5 Apr 00:06:43 BST 2017
--- kcbbs.gen.nz ping statistics ---
100 packets transmitted, 100 received, 0% packet loss, time 99240ms
rtt min/avg/max/mdev = 156.527/257.151/285.694/49.387 ms


Wed  5 Apr 06:06:43 BST 2017
--- kcbbs.gen.nz ping statistics ---
100 packets transmitted, 100 received, 0% packet loss, time 99044ms
rtt min/avg/max/mdev = 274.128/275.798/285.318/1.386 ms


Wed  5 Apr 12:06:44 BST 2017
--- kcbbs.gen.nz ping statistics ---
100 packets transmitted, 100 received, 0% packet loss, time 99090ms
rtt min/avg/max/mdev = 274.121/275.293/276.231/0.716 ms


Wed  5 Apr 18:06:43 BST 2017
--- kcbbs.gen.nz ping statistics ---
100 packets transmitted, 100 received, 0% packet loss, time 99187ms
rtt min/avg/max/mdev = 274.090/280.499/284.593/2.970 ms


Thu  6 Apr 00:06:43 BST 2017
--- kcbbs.gen.nz ping statistics ---
100 packets transmitted, 100 received, 0% packet loss, time 99126ms
rtt min/avg/max/mdev = 274.316/276.640/283.926/1.117 ms


Thu  6 Apr 06:06:43 BST 2017
--- kcbbs.gen.nz ping statistics ---
100 packets transmitted, 100 received, 0% packet loss, time 99103ms
rtt min/avg/max/mdev = 275.406/275.765/276.306/0.404 ms


Thu  6 Apr 12:06:42 BST 2017
--- kcbbs.gen.nz ping statistics ---
100 packets transmitted, 100 received, 0% packet loss, time 99500ms
rtt min/avg/max/mdev = 162.624/260.862/283.707/40.741 ms


Thu  6 Apr 18:06:43 BST 2017
--- kcbbs.gen.nz ping statistics ---
100 packets transmitted, 100 received, 0% packet loss, time 99848ms
rtt min/avg/max/mdev = 275.531/276.513/278.307/1.025 ms


Fri  7 Apr 00:06:45 BST 2017
--- kcbbs.gen.nz ping statistics ---
100 packets transmitted, 100 received, 0% packet loss, time 99131ms
rtt min/avg/max/mdev = 271.342/274.927/278.907/1.402 ms


Fri  7 Apr 06:06:42 BST 2017
--- kcbbs.gen.nz ping statistics ---
100 packets transmitted, 100 received, 0% packet loss, time 99064ms
rtt min/avg/max/mdev = 276.750/280.718/283.716/1.777 ms


Fri  7 Apr 12:06:44 BST 2017
--- kcbbs.gen.nz ping statistics ---
100 packets transmitted, 100 received, 0% packet loss, time 99029ms
rtt min/avg/max/mdev = 274.464/275.007/307.667/3.321 ms


Fri  7 Apr 18:06:46 BST 2017
--- kcbbs.gen.nz ping statistics ---
100 packets transmitted, 100 received, 0% packet loss, time 99952ms
rtt min/avg/max/mdev = 103.092/274.847/287.621/38.642 ms


Sat  8 Apr 00:06:45 BST 2017
--- kcbbs.gen.nz ping statistics ---
100 packets transmitted, 100 received, 0% packet loss, time 99140ms
rtt min/avg/max/mdev = 274.484/279.928/283.171/2.460 ms


Sat  8 Apr 06:06:44 BST 2017
--- kcbbs.gen.nz ping statistics ---
100 packets transmitted, 100 received, 0% packet loss, time 99092ms
rtt min/avg/max/mdev = 274.464/275.198/276.521/0.953 ms


Sat  8 Apr 12:06:45 BST 2017
--- kcbbs.gen.nz ping statistics ---
100 packets transmitted, 100 received, 0% packet loss, time 99324ms
rtt min/avg/max/mdev = 96.185/280.465/290.071/26.508 ms


Sat  8 Apr 18:06:40 BST 2017
--- kcbbs.gen.nz ping statistics ---
100 packets transmitted, 100 received, 0% packet loss, time 99140ms
rtt min/avg/max/mdev = 278.039/280.298/282.890/1.354 ms


Sun  9 Apr 00:06:40 BST 2017
--- kcbbs.gen.nz ping statistics ---
100 packets transmitted, 100 received, 0% packet loss, time 99112ms
rtt min/avg/max/mdev = 281.654/288.305/291.841/2.728 ms


Sun  9 Apr 06:06:42 BST 2017
--- kcbbs.gen.nz ping statistics ---
100 packets transmitted, 100 received, 0% packet loss, time 99130ms
rtt min/avg/max/mdev = 274.621/283.891/288.101/3.145 ms


Sun  9 Apr 12:06:40 BST 2017
--- kcbbs.gen.nz ping statistics ---
100 packets transmitted, 100 received, 0% packet loss, time 99171ms
rtt min/avg/max/mdev = 193.631/263.866/282.141/33.184 ms


Sun  9 Apr 18:06:42 BST 2017
--- kcbbs.gen.nz ping statistics ---
100 packets transmitted, 100 received, 0% packet loss, time 99069ms
rtt min/avg/max/mdev = 274.460/277.130/445.063/16.901 ms


Mon 10 Apr 00:06:41 BST 2017
--- kcbbs.gen.nz ping statistics ---
100 packets transmitted, 100 received, 0% packet loss, time 99343ms
rtt min/avg/max/mdev = 281.843/285.233/289.027/1.937 ms


Mon 10 Apr 06:06:41 BST 2017
--- kcbbs.gen.nz ping statistics ---
100 packets transmitted, 100 received, 0% packet loss, time 99097ms
rtt min/avg/max/mdev = 192.917/263.225/281.971/32.642 ms


Mon 10 Apr 12:06:43 BST 2017
--- kcbbs.gen.nz ping statistics ---
100 packets transmitted, 100 received, 0% packet loss, time 99077ms
rtt min/avg/max/mdev = 274.455/275.460/276.938/0.791 ms


Mon 10 Apr 18:06:43 BST 2017
--- kcbbs.gen.nz ping statistics ---
100 packets transmitted, 100 received, 0% packet loss, time 99270ms
rtt min/avg/max/mdev = 274.482/283.477/288.206/4.279 ms


Tue 11 Apr 00:06:41 BST 2017
--- kcbbs.gen.nz ping statistics ---
100 packets transmitted, 100 received, 0% packet loss, time 99088ms
rtt min/avg/max/mdev = 201.805/275.763/281.428/14.915 ms


Tue 11 Apr 06:06:44 BST 2017
--- kcbbs.gen.nz ping statistics ---
100 packets transmitted, 100 received, 0% packet loss, time 99076ms
rtt min/avg/max/mdev = 274.742/276.241/277.071/0.440 ms


Tue 11 Apr 12:06:41 BST 2017
--- kcbbs.gen.nz ping statistics ---
100 packets transmitted, 100 received, 0% packet loss, time 99282ms
rtt min/avg/max/mdev = 121.525/265.142/470.169/57.032 ms


Tue 11 Apr 18:06:41 BST 2017
--- kcbbs.gen.nz ping statistics ---
100 packets transmitted, 100 received, 0% packet loss, time 99119ms
rtt min/avg/max/mdev = 275.928/279.148/281.209/1.319 ms


Wed 12 Apr 00:06:41 BST 2017
--- kcbbs.gen.nz ping statistics ---
100 packets transmitted, 100 received, 0% packet loss, time 99061ms
rtt min/avg/max/mdev = 274.465/274.850/276.441/0.444 ms


Wed 12 Apr 06:06:42 BST 2017
--- kcbbs.gen.nz ping statistics ---
100 packets transmitted, 100 received, 0% packet loss, time 99381ms
rtt min/avg/max/mdev = 120.044/260.082/288.570/54.885 ms


Wed 12 Apr 12:06:41 BST 2017
--- kcbbs.gen.nz ping statistics ---
100 packets transmitted, 100 received, 0% packet loss, time 99134ms
rtt min/avg/max/mdev = 274.586/278.050/280.300/1.526 ms


Wed 12 Apr 18:06:43 BST 2017
--- kcbbs.gen.nz ping statistics ---
100 packets transmitted, 100 received, 0% packet loss, time 99645ms
rtt min/avg/max/mdev = 274.423/275.458/276.380/0.699 ms


Thu 13 Apr 00:06:42 BST 2017
--- kcbbs.gen.nz ping statistics ---
100 packets transmitted, 100 received, 0% packet loss, time 99172ms
rtt min/avg/max/mdev = 274.593/284.199/376.327/9.768 ms


Thu 13 Apr 06:06:40 BST 2017
--- kcbbs.gen.nz ping statistics ---
100 packets transmitted, 100 received, 0% packet loss, time 99214ms
rtt min/avg/max/mdev = 276.707/278.369/280.242/1.155 ms


Thu 13 Apr 12:06:40 BST 2017
--- kcbbs.gen.nz ping statistics ---
100 packets transmitted, 100 received, 0% packet loss, time 99008ms
rtt min/avg/max/mdev = 274.292/275.363/277.670/1.126 ms


Thu 13 Apr 18:06:40 BST 2017
--- kcbbs.gen.nz ping statistics ---
100 packets transmitted, 100 received, 0% packet loss, time 99220ms
rtt min/avg/max/mdev = 138.530/266.773/286.354/46.004 ms


Fri 14 Apr 00:06:41 BST 2017
--- kcbbs.gen.nz ping statistics ---
100 packets transmitted, 100 received, 0% packet loss, time 99135ms
rtt min/avg/max/mdev = 276.675/278.815/281.030/1.146 ms


Fri 14 Apr 06:06:40 BST 2017
--- kcbbs.gen.nz ping statistics ---
100 packets transmitted, 100 received, 0% packet loss, time 99001ms
rtt min/avg/max/mdev = 275.134/278.072/290.764/2.943 ms


Fri 14 Apr 12:06:41 BST 2017
--- kcbbs.gen.nz ping statistics ---
100 packets transmitted, 100 received, 0% packet loss, time 99192ms
rtt min/avg/max/mdev = 281.278/284.941/288.655/1.691 ms


Fri 14 Apr 18:06:41 BST 2017
--- kcbbs.gen.nz ping statistics ---
100 packets transmitted, 100 received, 0% packet loss, time 99110ms
rtt min/avg/max/mdev = 234.311/269.184/279.145/16.782 ms


Sat 15 Apr 00:06:41 BST 2017
--- kcbbs.gen.nz ping statistics ---
100 packets transmitted, 100 received, 0% packet loss, time 99122ms
rtt min/avg/max/mdev = 270.393/275.481/277.694/1.451 ms


Sat 15 Apr 06:06:39 BST 2017
--- kcbbs.gen.nz ping statistics ---
100 packets transmitted, 96 received, 4% packet loss, time 99282ms
rtt min/avg/max/mdev = 161.514/273.521/308.447/46.633 ms


Sat 15 Apr 12:06:40 BST 2017
--- kcbbs.gen.nz ping statistics ---
100 packets transmitted, 100 received, 0% packet loss, time 99015ms
rtt min/avg/max/mdev = 275.686/277.931/280.076/1.123 ms


Sat 15 Apr 18:06:42 BST 2017
--- kcbbs.gen.nz ping statistics ---
100 packets transmitted, 100 received, 0% packet loss, time 99578ms
rtt min/avg/max/mdev = 0.000/272.594/276.810/27.417 ms


Sun 16 Apr 00:06:40 BST 2017
--- kcbbs.gen.nz ping statistics ---
100 packets transmitted, 100 received, 0% packet loss, time 99149ms
rtt min/avg/max/mdev = 275.853/282.721/285.966/2.065 ms


Sun 16 Apr 06:06:40 BST 2017
--- kcbbs.gen.nz ping statistics ---
100 packets transmitted, 100 received, 0% packet loss, time 99116ms
rtt min/avg/max/mdev = 274.246/276.328/278.153/1.170 ms


Sun 16 Apr 12:06:40 BST 2017
--- kcbbs.gen.nz ping statistics ---
100 packets transmitted, 100 received, 0% packet loss, time 99767ms
rtt min/avg/max/mdev = 0.000/273.051/391.980/29.846 ms


Sun 16 Apr 18:06:41 BST 2017
--- kcbbs.gen.nz ping statistics ---
100 packets transmitted, 100 received, 0% packet loss, time 99270ms
rtt min/avg/max/mdev = 167.988/271.333/284.453/32.083 ms


Mon 17 Apr 00:06:41 BST 2017
--- kcbbs.gen.nz ping statistics ---
100 packets transmitted, 100 received, 0% packet loss, time 99118ms
rtt min/avg/max/mdev = 274.260/276.035/278.085/0.964 ms


Mon 17 Apr 06:06:40 BST 2017
--- kcbbs.gen.nz ping statistics ---
100 packets transmitted, 100 received, 0% packet loss, time 99081ms
rtt min/avg/max/mdev = 274.227/275.086/281.135/1.049 ms


Mon 17 Apr 12:06:40 BST 2017
--- kcbbs.gen.nz ping statistics ---
100 packets transmitted, 100 received, 0% packet loss, time 99207ms
rtt min/avg/max/mdev = 274.314/280.481/284.312/2.828 ms


Mon 17 Apr 18:06:40 BST 2017
--- kcbbs.gen.nz ping statistics ---
100 packets transmitted, 100 received, 0% packet loss, time 99104ms
rtt min/avg/max/mdev = 274.353/276.582/278.257/1.114 ms


Tue 18 Apr 00:06:42 BST 2017
--- kcbbs.gen.nz ping statistics ---
100 packets transmitted, 100 received, 0% packet loss, time 99083ms
rtt min/avg/max/mdev = 274.176/275.071/277.656/0.788 ms


Tue 18 Apr 06:06:40 BST 2017
--- kcbbs.gen.nz ping statistics ---
100 packets transmitted, 100 received, 0% packet loss, time 99178ms
rtt min/avg/max/mdev = 274.282/280.177/284.299/2.816 ms


Tue 18 Apr 12:06:42 BST 2017
--- kcbbs.gen.nz ping statistics ---
100 packets transmitted, 100 received, 0% packet loss, time 99211ms
rtt min/avg/max/mdev = 116.455/255.525/351.457/58.529 ms


Tue 18 Apr 18:06:40 BST 2017
--- kcbbs.gen.nz ping statistics ---
100 packets transmitted, 100 received, 0% packet loss, time 99121ms
rtt min/avg/max/mdev = 270.064/274.208/275.966/1.221 ms


Wed 19 Apr 00:06:41 BST 2017
--- kcbbs.gen.nz ping statistics ---
100 packets transmitted, 100 received, 0% packet loss, time 99098ms
rtt min/avg/max/mdev = 262.085/266.971/270.502/2.437 ms


Wed 19 Apr 06:05:18 BST 2017
--- kcbbs.gen.nz ping statistics ---
100 packets transmitted, 100 received, 0% packet loss, time 99088ms
rtt min/avg/max/mdev = 274.257/275.496/276.997/0.923 ms


Wed 19 Apr 12:06:50 BST 2017
--- kcbbs.gen.nz ping statistics ---
100 packets transmitted, 100 received, 0% packet loss, time 100239ms
rtt min/avg/max/mdev = 106.825/251.178/290.036/70.312 ms


Wed 19 Apr 18:06:44 BST 2017
--- kcbbs.gen.nz ping statistics ---
100 packets transmitted, 100 received, 0% packet loss, time 99776ms
rtt min/avg/max/mdev = 274.207/280.133/348.326/7.254 ms


Thu 20 Apr 00:06:43 BST 2017
--- kcbbs.gen.nz ping statistics ---
100 packets transmitted, 100 received, 0% packet loss, time 99082ms
rtt min/avg/max/mdev = 274.182/275.004/276.861/0.776 ms


Thu 20 Apr 06:06:42 BST 2017
--- kcbbs.gen.nz ping statistics ---
100 packets transmitted, 100 received, 0% packet loss, time 99378ms
rtt min/avg/max/mdev = 274.335/283.602/289.318/4.087 ms


Thu 20 Apr 12:06:41 BST 2017
--- kcbbs.gen.nz ping statistics ---
100 packets transmitted, 100 received, 0% packet loss, time 99508ms
rtt min/avg/max/mdev = 278.759/280.518/283.134/1.145 ms


Thu 20 Apr 18:06:42 BST 2017
--- kcbbs.gen.nz ping statistics ---
100 packets transmitted, 100 received, 0% packet loss, time 99605ms
rtt min/avg/max/mdev = 274.871/275.740/284.562/1.339 ms


Fri 21 Apr 00:06:41 BST 2017
--- kcbbs.gen.nz ping statistics ---
100 packets transmitted, 100 received, 0% packet loss, time 99109ms
rtt min/avg/max/mdev = 274.926/283.972/289.287/4.636 ms


Fri 21 Apr 06:06:40 BST 2017
--- kcbbs.gen.nz ping statistics ---
100 packets transmitted, 100 received, 0% packet loss, time 99043ms
rtt min/avg/max/mdev = 274.930/279.277/282.614/2.190 ms


Fri 21 Apr 12:06:42 BST 2017
--- kcbbs.gen.nz ping statistics ---
100 packets transmitted, 100 received, 0% packet loss, time 99104ms
rtt min/avg/max/mdev = 272.163/274.823/293.174/2.122 ms


Fri 21 Apr 18:06:41 BST 2017
--- kcbbs.gen.nz ping statistics ---
100 packets transmitted, 100 received, 0% packet loss, time 99155ms
rtt min/avg/max/mdev = 115.357/252.385/289.091/67.014 ms


Sat 22 Apr 00:06:41 BST 2017
--- kcbbs.gen.nz ping statistics ---
100 packets transmitted, 100 received, 0% packet loss, time 99148ms
rtt min/avg/max/mdev = 207.705/266.159/281.991/28.247 ms


Sat 22 Apr 06:06:43 BST 2017
--- kcbbs.gen.nz ping statistics ---
100 packets transmitted, 100 received, 0% packet loss, time 99068ms
rtt min/avg/max/mdev = 274.888/275.877/277.279/0.808 ms


Sat 22 Apr 12:06:41 BST 2017
--- kcbbs.gen.nz ping statistics ---
100 packets transmitted, 100 received, 0% packet loss, time 99064ms
rtt min/avg/max/mdev = 279.091/284.541/287.826/2.084 ms


Sat 22 Apr 18:06:41 BST 2017
--- kcbbs.gen.nz ping statistics ---
100 packets transmitted, 100 received, 0% packet loss, time 99121ms
rtt min/avg/max/mdev = 276.562/283.201/630.421/35.025 ms


Sun 23 Apr 00:06:42 BST 2017
--- kcbbs.gen.nz ping statistics ---
100 packets transmitted, 100 received, 0% packet loss, time 99084ms
rtt min/avg/max/mdev = 294.257/298.242/302.310/2.423 ms


Sun 23 Apr 06:06:42 BST 2017
--- kcbbs.gen.nz ping statistics ---
100 packets transmitted, 100 received, 0% packet loss, time 99299ms
rtt min/avg/max/mdev = 128.242/270.702/298.521/56.529 ms


Sun 23 Apr 12:06:40 BST 2017
--- kcbbs.gen.nz ping statistics ---
100 packets transmitted, 100 received, 0% packet loss, time 99050ms
rtt min/avg/max/mdev = 277.351/279.758/364.006/8.524 ms


Sun 23 Apr 18:06:43 BST 2017
--- kcbbs.gen.nz ping statistics ---
100 packets transmitted, 100 received, 0% packet loss, time 99818ms
rtt min/avg/max/mdev = 0.000/272.761/279.033/27.451 ms


Mon 24 Apr 00:06:41 BST 2017
--- kcbbs.gen.nz ping statistics ---
100 packets transmitted, 100 received, 0% packet loss, time 99444ms
rtt min/avg/max/mdev = 275.192/284.140/287.946/2.369 ms


Mon 24 Apr 06:06:41 BST 2017
--- kcbbs.gen.nz ping statistics ---
100 packets transmitted, 100 received, 0% packet loss, time 99035ms
rtt min/avg/max/mdev = 277.185/278.941/280.777/1.127 ms


Mon 24 Apr 12:06:42 BST 2017
--- kcbbs.gen.nz ping statistics ---
100 packets transmitted, 100 received, 0% packet loss, time 98980ms
rtt min/avg/max/mdev = 274.930/275.133/276.146/0.568 ms


Mon 24 Apr 18:06:42 BST 2017
--- kcbbs.gen.nz ping statistics ---
100 packets transmitted, 100 received, 0% packet loss, time 99909ms
rtt min/avg/max/mdev = 142.132/256.101/286.941/56.203 ms


Tue 25 Apr 00:06:41 BST 2017
--- kcbbs.gen.nz ping statistics ---
100 packets transmitted, 100 received, 0% packet loss, time 99092ms
rtt min/avg/max/mdev = 278.442/282.265/557.295/27.679 ms


Tue 25 Apr 06:06:41 BST 2017
--- kcbbs.gen.nz ping statistics ---
100 packets transmitted, 100 received, 0% packet loss, time 99006ms
rtt min/avg/max/mdev = 275.034/276.280/277.283/0.746 ms


Tue 25 Apr 12:06:41 BST 2017
--- kcbbs.gen.nz ping statistics ---
100 packets transmitted, 100 received, 0% packet loss, time 99865ms
rtt min/avg/max/mdev = 276.391/283.546/287.119/2.320 ms


Tue 25 Apr 18:06:44 BST 2017
--- kcbbs.gen.nz ping statistics ---
100 packets transmitted, 100 received, 0% packet loss, time 99137ms
rtt min/avg/max/mdev = 221.005/270.111/306.474/16.916 ms


Wed 26 Apr 00:06:43 BST 2017
--- kcbbs.gen.nz ping statistics ---
100 packets transmitted, 100 received, 0% packet loss, time 98995ms
rtt min/avg/max/mdev = 274.904/275.753/277.402/0.728 ms


Wed 26 Apr 06:06:40 BST 2017
--- kcbbs.gen.nz ping statistics ---
100 packets transmitted, 100 received, 0% packet loss, time 99151ms
rtt min/avg/max/mdev = 144.981/272.871/286.419/34.323 ms


Wed 26 Apr 12:06:41 BST 2017
--- kcbbs.gen.nz ping statistics ---
100 packets transmitted, 100 received, 0% packet loss, time 99507ms
rtt min/avg/max/mdev = 276.650/277.547/303.017/2.685 ms


Wed 26 Apr 18:06:42 BST 2017
--- kcbbs.gen.nz ping statistics ---
100 packets transmitted, 100 received, 0% packet loss, time 99304ms
rtt min/avg/max/mdev = 275.165/275.960/276.946/0.923 ms


Thu 27 Apr 00:06:42 BST 2017
--- kcbbs.gen.nz ping statistics ---
100 packets transmitted, 100 received, 0% packet loss, time 99455ms
rtt min/avg/max/mdev = 280.656/283.520/286.676/1.587 ms


Thu 27 Apr 06:06:43 BST 2017
--- kcbbs.gen.nz ping statistics ---
100 packets transmitted, 100 received, 0% packet loss, time 99744ms
rtt min/avg/max/mdev = 275.239/275.719/277.083/0.910 ms


Thu 27 Apr 12:06:42 BST 2017
--- kcbbs.gen.nz ping statistics ---
100 packets transmitted, 100 received, 0% packet loss, time 99389ms
rtt min/avg/max/mdev = 0.000/272.877/282.387/27.467 ms


Thu 27 Apr 18:08:23 BST 2017
--- kcbbs.gen.nz ping statistics ---
100 packets transmitted, 100 received, 0% packet loss, time 99654ms
rtt min/avg/max/mdev = 279.240/287.577/652.975/38.026 ms


Fri 28 Apr 00:08:23 BST 2017
--- kcbbs.gen.nz ping statistics ---
100 packets transmitted, 100 received, 0% packet loss, time 99078ms
rtt min/avg/max/mdev = 275.255/277.089/278.604/1.042 ms


Fri 28 Apr 06:08:22 BST 2017
--- kcbbs.gen.nz ping statistics ---
100 packets transmitted, 100 received, 0% packet loss, time 99429ms
rtt min/avg/max/mdev = 0.000/273.167/277.458/27.473 ms


Fri 28 Apr 12:08:22 BST 2017
--- kcbbs.gen.nz ping statistics ---
100 packets transmitted, 100 received, 0% packet loss, time 99045ms
rtt min/avg/max/mdev = 280.042/284.969/459.424/18.914 ms


Fri 28 Apr 18:10:05 BST 2017
--- kcbbs.gen.nz ping statistics ---
100 packets transmitted, 100 received, 0% packet loss, time 99865ms
rtt min/avg/max/mdev = 275.234/276.667/278.194/0.942 ms


Sat 29 Apr 00:10:04 BST 2017
--- kcbbs.gen.nz ping statistics ---
100 packets transmitted, 100 received, 0% packet loss, time 99081ms
rtt min/avg/max/mdev = 275.191/277.130/394.615/12.126 ms


Sat 29 Apr 06:10:04 BST 2017
--- kcbbs.gen.nz ping statistics ---
100 packets transmitted, 100 received, 0% packet loss, time 99245ms
rtt min/avg/max/mdev = 275.221/281.002/285.069/2.907 ms


Sat 29 Apr 12:10:05 BST 2017
--- kcbbs.gen.nz ping statistics ---
100 packets transmitted, 100 received, 0% packet loss, time 99096ms
rtt min/avg/max/mdev = 220.591/278.256/423.355/18.336 ms


Sat 29 Apr 18:10:09 BST 2017
--- kcbbs.gen.nz ping statistics ---
100 packets transmitted, 100 received, 0% packet loss, time 99602ms
rtt min/avg/max/mdev = 98.513/277.607/498.623/28.606 ms


Sun 30 Apr 00:10:03 BST 2017
--- kcbbs.gen.nz ping statistics ---
100 packets transmitted, 100 received, 0% packet loss, time 99161ms
rtt min/avg/max/mdev = 175.287/261.230/284.344/41.894 ms


Sun 30 Apr 06:10:05 BST 2017
--- kcbbs.gen.nz ping statistics ---
100 packets transmitted, 100 received, 0% packet loss, time 99640ms
rtt min/avg/max/mdev = 275.327/276.766/277.612/0.816 ms


Sun 30 Apr 12:10:03 BST 2017
--- kcbbs.gen.nz ping statistics ---
100 packets transmitted, 100 received, 0% packet loss, time 99575ms
rtt min/avg/max/mdev = 275.191/277.206/365.445/8.905 ms


Sun 30 Apr 18:16:16 BST 2017
--- kcbbs.gen.nz ping statistics ---
100 packets transmitted, 100 received, 0% packet loss, time 99745ms
rtt min/avg/max/mdev = 193.610/268.894/283.600/29.820 ms


Mon  1 May 00:10:12 BST 2017
--- kcbbs.gen.nz ping statistics ---
100 packets transmitted, 100 received, 0% packet loss, time 99677ms
rtt min/avg/max/mdev = 275.389/276.406/278.128/0.899 ms


Mon  1 May 06:10:06 BST 2017
--- kcbbs.gen.nz ping statistics ---
100 packets transmitted, 100 received, 0% packet loss, time 99259ms
rtt min/avg/max/mdev = 100.747/250.811/291.077/73.421 ms


Mon  1 May 12:10:07 BST 2017
--- kcbbs.gen.nz ping statistics ---
100 packets transmitted, 100 received, 0% packet loss, time 99066ms
rtt min/avg/max/mdev = 275.529/280.410/283.446/1.958 ms


Mon  1 May 18:10:08 BST 2017
--- kcbbs.gen.nz ping statistics ---
100 packets transmitted, 100 received, 0% packet loss, time 100108ms
rtt min/avg/max/mdev = 275.207/279.272/567.346/28.962 ms


Tue  2 May 00:10:05 BST 2017
--- kcbbs.gen.nz ping statistics ---
100 packets transmitted, 100 received, 0% packet loss, time 99205ms
rtt min/avg/max/mdev = 282.839/286.583/290.101/2.049 ms


Tue  2 May 06:10:03 BST 2017
--- kcbbs.gen.nz ping statistics ---
100 packets transmitted, 100 received, 0% packet loss, time 99126ms
rtt min/avg/max/mdev = 275.415/282.393/289.760/3.431 ms


Tue  2 May 12:10:06 BST 2017
--- kcbbs.gen.nz ping statistics ---
100 packets transmitted, 100 received, 0% packet loss, time 99370ms
rtt min/avg/max/mdev = 275.475/278.020/349.356/7.217 ms


Tue  2 May 18:10:08 BST 2017
--- kcbbs.gen.nz ping statistics ---
100 packets transmitted, 100 received, 0% packet loss, time 99503ms
rtt min/avg/max/mdev = 275.221/277.832/279.250/0.948 ms


Wed  3 May 00:10:10 BST 2017
--- kcbbs.gen.nz ping statistics ---
100 packets transmitted, 100 received, 0% packet loss, time 100787ms
rtt min/avg/max/mdev = 276.980/277.687/278.759/0.852 ms


Wed  3 May 06:10:08 BST 2017
--- kcbbs.gen.nz ping statistics ---
100 packets transmitted, 100 received, 0% packet loss, time 99123ms
rtt min/avg/max/mdev = 275.949/276.982/278.362/0.773 ms


Wed  3 May 12:10:06 BST 2017
--- kcbbs.gen.nz ping statistics ---
100 packets transmitted, 100 received, 0% packet loss, time 99761ms
rtt min/avg/max/mdev = 275.212/279.145/293.269/2.085 ms


Wed  3 May 18:10:05 BST 2017
--- kcbbs.gen.nz ping statistics ---
100 packets transmitted, 100 received, 0% packet loss, time 99610ms
rtt min/avg/max/mdev = 278.424/279.935/282.470/1.082 ms


Thu  4 May 00:10:08 BST 2017
--- kcbbs.gen.nz ping statistics ---
100 packets transmitted, 100 received, 0% packet loss, time 99138ms
rtt min/avg/max/mdev = 263.184/274.280/277.986/5.094 ms


Thu  4 May 06:10:07 BST 2017
--- kcbbs.gen.nz ping statistics ---
100 packets transmitted, 100 received, 0% packet loss, time 99186ms
rtt min/avg/max/mdev = 227.022/269.157/280.976/20.324 ms


Thu  4 May 12:10:06 BST 2017
--- kcbbs.gen.nz ping statistics ---
100 packets transmitted, 100 received, 0% packet loss, time 99414ms
rtt min/avg/max/mdev = 278.486/279.734/281.461/1.029 ms


Thu  4 May 18:10:06 BST 2017
--- kcbbs.gen.nz ping statistics ---
100 packets transmitted, 100 received, 0% packet loss, time 99935ms
rtt min/avg/max/mdev = 177.087/264.133/472.158/45.489 ms


Fri  5 May 00:10:06 BST 2017
--- kcbbs.gen.nz ping statistics ---
100 packets transmitted, 100 received, 0% packet loss, time 99119ms
rtt min/avg/max/mdev = 275.273/278.492/279.967/1.290 ms


Fri  5 May 06:10:02 BST 2017
--- kcbbs.gen.nz ping statistics ---
100 packets transmitted, 100 received, 0% packet loss, time 99164ms
rtt min/avg/max/mdev = 277.607/284.857/288.350/2.013 ms


Fri  5 May 12:10:07 BST 2017
--- kcbbs.gen.nz ping statistics ---
100 packets transmitted, 100 received, 0% packet loss, time 99856ms
rtt min/avg/max/mdev = 186.671/263.772/371.699/38.844 ms


Fri  5 May 19:40:13 BST 2017


Sat  6 May 01:40:19 BST 2017


Sat  6 May 07:40:12 BST 2017


Sat  6 May 13:40:12 BST 2017


Sat  6 May 19:40:19 BST 2017


Sun  7 May 01:40:19 BST 2017


Sun  7 May 07:40:12 BST 2017


Sun  7 May 13:40:16 BST 2017


Sun  7 May 19:40:15 BST 2017


Mon  8 May 01:40:13 BST 2017


Mon  8 May 07:40:14 BST 2017


Mon  8 May 13:40:11 BST 2017


Mon  8 May 19:40:10 BST 2017


Tue  9 May 01:40:15 BST 2017


Tue  9 May 07:40:14 BST 2017


Tue  9 May 13:40:10 BST 2017


Tue  9 May 19:40:17 BST 2017


