Tue  4 Apr 06:05:02 BST 2017
--- internet.fo ping statistics ---
100 packets transmitted, 100 received, 0% packet loss, time 99420ms
rtt min/avg/max/mdev = 49.935/51.307/51.970/0.552 ms


Tue  4 Apr 12:05:06 BST 2017
--- internet.fo ping statistics ---
100 packets transmitted, 100 received, 0% packet loss, time 99167ms
rtt min/avg/max/mdev = 50.176/50.408/51.301/0.338 ms


Tue  4 Apr 18:05:04 BST 2017
--- internet.fo ping statistics ---
100 packets transmitted, 100 received, 0% packet loss, time 99010ms
rtt min/avg/max/mdev = 49.963/50.649/64.879/2.061 ms


Wed  5 Apr 00:05:04 BST 2017
--- internet.fo ping statistics ---
100 packets transmitted, 100 received, 0% packet loss, time 99365ms
rtt min/avg/max/mdev = 50.896/51.521/54.253/0.533 ms


Wed  5 Apr 06:05:04 BST 2017
--- internet.fo ping statistics ---
100 packets transmitted, 100 received, 0% packet loss, time 99130ms
rtt min/avg/max/mdev = 49.922/50.426/52.910/0.374 ms


Wed  5 Apr 12:05:05 BST 2017
--- internet.fo ping statistics ---
100 packets transmitted, 100 received, 0% packet loss, time 99099ms
rtt min/avg/max/mdev = 49.884/50.227/52.546/0.444 ms


Wed  5 Apr 18:05:03 BST 2017
--- internet.fo ping statistics ---
100 packets transmitted, 100 received, 0% packet loss, time 99269ms
rtt min/avg/max/mdev = 50.065/51.297/55.080/0.662 ms


Thu  6 Apr 00:05:03 BST 2017
--- internet.fo ping statistics ---
100 packets transmitted, 100 received, 0% packet loss, time 99084ms
rtt min/avg/max/mdev = 49.982/50.631/57.697/1.151 ms


Thu  6 Apr 06:05:03 BST 2017
--- internet.fo ping statistics ---
100 packets transmitted, 100 received, 0% packet loss, time 99502ms
rtt min/avg/max/mdev = 47.683/50.126/50.459/0.326 ms


Thu  6 Apr 12:05:03 BST 2017
--- internet.fo ping statistics ---
100 packets transmitted, 100 received, 0% packet loss, time 99202ms
rtt min/avg/max/mdev = 50.737/51.321/53.254/0.458 ms


Thu  6 Apr 18:05:03 BST 2017
--- internet.fo ping statistics ---
100 packets transmitted, 100 received, 0% packet loss, time 99145ms
rtt min/avg/max/mdev = 50.007/50.576/55.959/0.624 ms


Fri  7 Apr 00:05:05 BST 2017
--- internet.fo ping statistics ---
100 packets transmitted, 100 received, 0% packet loss, time 99062ms
rtt min/avg/max/mdev = 49.944/50.746/59.780/1.560 ms


Fri  7 Apr 06:05:03 BST 2017
--- internet.fo ping statistics ---
100 packets transmitted, 100 received, 0% packet loss, time 99242ms
rtt min/avg/max/mdev = 0.000/49.714/55.414/8.776 ms


Fri  7 Apr 12:05:04 BST 2017
--- internet.fo ping statistics ---
100 packets transmitted, 100 received, 0% packet loss, time 99750ms
rtt min/avg/max/mdev = 0.000/48.950/52.330/7.044 ms


Fri  7 Apr 18:05:06 BST 2017
--- internet.fo ping statistics ---
100 packets transmitted, 100 received, 0% packet loss, time 99646ms
rtt min/avg/max/mdev = 0.000/49.184/154.004/17.749 ms


Sat  8 Apr 00:05:05 BST 2017
--- internet.fo ping statistics ---
100 packets transmitted, 100 received, 0% packet loss, time 99234ms
rtt min/avg/max/mdev = 49.970/51.476/59.932/1.419 ms


Sat  8 Apr 06:05:04 BST 2017
--- internet.fo ping statistics ---
100 packets transmitted, 100 received, 0% packet loss, time 99064ms
rtt min/avg/max/mdev = 49.911/50.116/50.659/0.212 ms


Sat  8 Apr 12:05:05 BST 2017
--- internet.fo ping statistics ---
100 packets transmitted, 100 received, 0% packet loss, time 99354ms
rtt min/avg/max/mdev = 51.351/52.375/64.557/1.709 ms


Sat  8 Apr 18:05:01 BST 2017
--- internet.fo ping statistics ---
100 packets transmitted, 100 received, 0% packet loss, time 99159ms
rtt min/avg/max/mdev = 50.027/51.327/57.070/1.172 ms


Sun  9 Apr 00:05:01 BST 2017
--- internet.fo ping statistics ---
100 packets transmitted, 100 received, 0% packet loss, time 99087ms
rtt min/avg/max/mdev = 49.948/51.081/67.770/2.604 ms


Sun  9 Apr 06:05:03 BST 2017
--- internet.fo ping statistics ---
100 packets transmitted, 100 received, 0% packet loss, time 99248ms
rtt min/avg/max/mdev = 49.978/52.478/84.723/3.614 ms


Sun  9 Apr 12:05:00 BST 2017
--- internet.fo ping statistics ---
100 packets transmitted, 100 received, 0% packet loss, time 99193ms
rtt min/avg/max/mdev = 50.551/51.114/53.660/0.433 ms


Sun  9 Apr 18:05:03 BST 2017
--- internet.fo ping statistics ---
100 packets transmitted, 100 received, 0% packet loss, time 99087ms
rtt min/avg/max/mdev = 49.986/50.377/54.156/0.748 ms


Mon 10 Apr 00:05:02 BST 2017
--- internet.fo ping statistics ---
100 packets transmitted, 100 received, 0% packet loss, time 99216ms
rtt min/avg/max/mdev = 0.000/50.451/76.284/10.703 ms


Mon 10 Apr 06:05:02 BST 2017
--- internet.fo ping statistics ---
100 packets transmitted, 100 received, 0% packet loss, time 99165ms
rtt min/avg/max/mdev = 50.504/50.859/51.363/0.376 ms


Mon 10 Apr 12:05:03 BST 2017
--- internet.fo ping statistics ---
100 packets transmitted, 100 received, 0% packet loss, time 99086ms
rtt min/avg/max/mdev = 49.878/50.512/71.708/2.206 ms


Mon 10 Apr 18:05:03 BST 2017
--- internet.fo ping statistics ---
100 packets transmitted, 100 received, 0% packet loss, time 99254ms
rtt min/avg/max/mdev = 0.000/50.290/54.278/8.884 ms


Tue 11 Apr 00:05:02 BST 2017
--- internet.fo ping statistics ---
100 packets transmitted, 100 received, 0% packet loss, time 99243ms
rtt min/avg/max/mdev = 50.526/51.159/57.853/0.919 ms


Tue 11 Apr 06:05:04 BST 2017
--- internet.fo ping statistics ---
100 packets transmitted, 100 received, 0% packet loss, time 99083ms
rtt min/avg/max/mdev = 49.876/50.167/51.081/0.233 ms


Tue 11 Apr 12:05:02 BST 2017
--- internet.fo ping statistics ---
100 packets transmitted, 100 received, 0% packet loss, time 99335ms
rtt min/avg/max/mdev = 51.084/51.768/53.185/0.395 ms


Tue 11 Apr 18:05:01 BST 2017
--- internet.fo ping statistics ---
100 packets transmitted, 100 received, 0% packet loss, time 99151ms
rtt min/avg/max/mdev = 49.974/50.946/54.594/0.688 ms


Wed 12 Apr 00:05:02 BST 2017
--- internet.fo ping statistics ---
100 packets transmitted, 100 received, 0% packet loss, time 99082ms
rtt min/avg/max/mdev = 49.941/50.698/60.094/1.473 ms


Wed 12 Apr 06:05:02 BST 2017
--- internet.fo ping statistics ---
100 packets transmitted, 100 received, 0% packet loss, time 99308ms
rtt min/avg/max/mdev = 50.026/51.655/52.530/0.671 ms


Wed 12 Apr 12:05:02 BST 2017
--- internet.fo ping statistics ---
100 packets transmitted, 100 received, 0% packet loss, time 99203ms
rtt min/avg/max/mdev = 50.396/51.990/170.358/11.901 ms


Wed 12 Apr 18:05:03 BST 2017
--- internet.fo ping statistics ---
100 packets transmitted, 100 received, 0% packet loss, time 99183ms
rtt min/avg/max/mdev = 0.000/49.676/68.175/5.551 ms


Thu 13 Apr 00:05:02 BST 2017
--- internet.fo ping statistics ---
100 packets transmitted, 100 received, 0% packet loss, time 99371ms
rtt min/avg/max/mdev = 49.971/51.785/59.580/1.184 ms


Thu 13 Apr 06:05:00 BST 2017
--- internet.fo ping statistics ---
100 packets transmitted, 100 received, 0% packet loss, time 99150ms
rtt min/avg/max/mdev = 50.015/50.700/52.152/0.400 ms


Thu 13 Apr 12:05:01 BST 2017
--- internet.fo ping statistics ---
100 packets transmitted, 100 received, 0% packet loss, time 99608ms
rtt min/avg/max/mdev = 47.653/50.193/51.595/0.477 ms


Thu 13 Apr 18:05:01 BST 2017
--- internet.fo ping statistics ---
100 packets transmitted, 100 received, 0% packet loss, time 99297ms
rtt min/avg/max/mdev = 51.019/51.780/55.617/0.739 ms


Fri 14 Apr 00:05:01 BST 2017
--- internet.fo ping statistics ---
100 packets transmitted, 100 received, 0% packet loss, time 99152ms
rtt min/avg/max/mdev = 49.985/50.913/65.191/1.588 ms


Fri 14 Apr 06:05:01 BST 2017
--- internet.fo ping statistics ---
100 packets transmitted, 100 received, 0% packet loss, time 99085ms
rtt min/avg/max/mdev = 49.937/50.173/51.529/0.272 ms


Fri 14 Apr 12:05:02 BST 2017
--- internet.fo ping statistics ---
100 packets transmitted, 100 received, 0% packet loss, time 99186ms
rtt min/avg/max/mdev = 50.997/51.770/58.848/0.873 ms


Fri 14 Apr 18:05:02 BST 2017
--- internet.fo ping statistics ---
100 packets transmitted, 100 received, 0% packet loss, time 99160ms
rtt min/avg/max/mdev = 50.256/50.635/53.598/0.488 ms


Sat 15 Apr 00:05:02 BST 2017
--- internet.fo ping statistics ---
100 packets transmitted, 100 received, 0% packet loss, time 99091ms
rtt min/avg/max/mdev = 49.961/50.584/60.602/1.403 ms


Sat 15 Apr 06:05:00 BST 2017
--- internet.fo ping statistics ---
100 packets transmitted, 100 received, 0% packet loss, time 99304ms
rtt min/avg/max/mdev = 50.195/51.436/54.490/0.483 ms


Sat 15 Apr 12:05:01 BST 2017
--- internet.fo ping statistics ---
100 packets transmitted, 100 received, 0% packet loss, time 99111ms
rtt min/avg/max/mdev = 49.936/50.600/60.887/1.364 ms


Sat 15 Apr 18:05:03 BST 2017
--- internet.fo ping statistics ---
100 packets transmitted, 100 received, 0% packet loss, time 99085ms
rtt min/avg/max/mdev = 49.872/50.220/57.404/0.841 ms


Sun 16 Apr 00:05:01 BST 2017
--- internet.fo ping statistics ---
100 packets transmitted, 100 received, 0% packet loss, time 99272ms
rtt min/avg/max/mdev = 0.000/48.413/54.753/12.260 ms


Sun 16 Apr 06:05:01 BST 2017
--- internet.fo ping statistics ---
100 packets transmitted, 100 received, 0% packet loss, time 99135ms
rtt min/avg/max/mdev = 49.930/50.397/50.896/0.308 ms


Sun 16 Apr 12:05:01 BST 2017
--- internet.fo ping statistics ---
100 packets transmitted, 100 received, 0% packet loss, time 99083ms
rtt min/avg/max/mdev = 49.853/50.203/53.077/0.464 ms


Sun 16 Apr 18:05:01 BST 2017
--- internet.fo ping statistics ---
100 packets transmitted, 100 received, 0% packet loss, time 99154ms
rtt min/avg/max/mdev = 50.001/51.427/55.328/0.657 ms


Mon 17 Apr 00:05:02 BST 2017
--- internet.fo ping statistics ---
100 packets transmitted, 100 received, 0% packet loss, time 99115ms
rtt min/avg/max/mdev = 49.979/50.875/68.270/2.356 ms


Mon 17 Apr 06:05:01 BST 2017
--- internet.fo ping statistics ---
100 packets transmitted, 100 received, 0% packet loss, time 99083ms
rtt min/avg/max/mdev = 49.887/50.085/50.822/0.307 ms


Mon 17 Apr 12:05:01 BST 2017
--- internet.fo ping statistics ---
100 packets transmitted, 100 received, 0% packet loss, time 99280ms
rtt min/avg/max/mdev = 0.000/47.686/52.614/13.088 ms


Mon 17 Apr 18:05:01 BST 2017
--- internet.fo ping statistics ---
100 packets transmitted, 100 received, 0% packet loss, time 99123ms
rtt min/avg/max/mdev = 50.172/50.550/52.389/0.463 ms


Tue 18 Apr 00:05:03 BST 2017
--- internet.fo ping statistics ---
100 packets transmitted, 100 received, 0% packet loss, time 99082ms
rtt min/avg/max/mdev = 49.856/50.319/53.959/0.657 ms


Tue 18 Apr 06:05:00 BST 2017
--- internet.fo ping statistics ---
100 packets transmitted, 100 received, 0% packet loss, time 99222ms
rtt min/avg/max/mdev = 50.461/51.206/52.467/0.432 ms


Tue 18 Apr 12:05:02 BST 2017
--- internet.fo ping statistics ---
100 packets transmitted, 100 received, 0% packet loss, time 99098ms
rtt min/avg/max/mdev = 49.919/50.304/52.586/0.644 ms


Tue 18 Apr 18:05:00 BST 2017
--- internet.fo ping statistics ---
100 packets transmitted, 100 received, 0% packet loss, time 99083ms
rtt min/avg/max/mdev = 49.935/51.194/137.916/8.728 ms


Wed 19 Apr 00:05:01 BST 2017
--- internet.fo ping statistics ---
100 packets transmitted, 99 received, 1% packet loss, time 99112ms
rtt min/avg/max/mdev = 68.773/82.052/122.351/13.631 ms


Wed 19 Apr 06:03:38 BST 2017
--- internet.fo ping statistics ---
100 packets transmitted, 100 received, 0% packet loss, time 99664ms
rtt min/avg/max/mdev = 0.000/49.657/50.585/4.997 ms


Wed 19 Apr 12:05:10 BST 2017
--- internet.fo ping statistics ---
100 packets transmitted, 100 received, 0% packet loss, time 99190ms
rtt min/avg/max/mdev = 50.013/51.837/52.780/0.728 ms


Wed 19 Apr 18:05:05 BST 2017
--- internet.fo ping statistics ---
100 packets transmitted, 100 received, 0% packet loss, time 99144ms
rtt min/avg/max/mdev = 49.859/51.003/53.262/0.653 ms


Thu 20 Apr 00:05:03 BST 2017
--- internet.fo ping statistics ---
100 packets transmitted, 100 received, 0% packet loss, time 99673ms
rtt min/avg/max/mdev = 49.868/50.422/57.330/1.026 ms


Thu 20 Apr 06:05:02 BST 2017
--- internet.fo ping statistics ---
100 packets transmitted, 100 received, 0% packet loss, time 99369ms
rtt min/avg/max/mdev = 49.958/51.968/56.267/0.743 ms


Thu 20 Apr 12:05:02 BST 2017
--- internet.fo ping statistics ---
100 packets transmitted, 100 received, 0% packet loss, time 99209ms
rtt min/avg/max/mdev = 0.000/47.656/52.304/14.054 ms


Thu 20 Apr 18:05:03 BST 2017
--- internet.fo ping statistics ---
100 packets transmitted, 100 received, 0% packet loss, time 99122ms
rtt min/avg/max/mdev = 50.679/51.112/55.790/0.802 ms


Fri 21 Apr 00:05:02 BST 2017
--- internet.fo ping statistics ---
100 packets transmitted, 100 received, 0% packet loss, time 99179ms
rtt min/avg/max/mdev = 50.604/54.661/237.510/18.408 ms


Fri 21 Apr 06:05:01 BST 2017
--- internet.fo ping statistics ---
100 packets transmitted, 100 received, 0% packet loss, time 99205ms
rtt min/avg/max/mdev = 50.575/51.531/53.311/0.544 ms


Fri 21 Apr 12:05:02 BST 2017
--- internet.fo ping statistics ---
100 packets transmitted, 100 received, 0% packet loss, time 99093ms
rtt min/avg/max/mdev = 50.585/50.905/54.905/0.482 ms


Fri 21 Apr 18:05:01 BST 2017
--- internet.fo ping statistics ---
100 packets transmitted, 100 received, 0% packet loss, time 99422ms
rtt min/avg/max/mdev = 50.664/52.401/54.785/0.875 ms


Sat 22 Apr 00:05:01 BST 2017
--- internet.fo ping statistics ---
100 packets transmitted, 100 received, 0% packet loss, time 99148ms
rtt min/avg/max/mdev = 50.711/51.662/55.207/0.703 ms


Sat 22 Apr 06:05:03 BST 2017
--- internet.fo ping statistics ---
100 packets transmitted, 100 received, 0% packet loss, time 99676ms
rtt min/avg/max/mdev = 50.572/50.771/51.322/0.296 ms


Sat 22 Apr 12:05:02 BST 2017
--- internet.fo ping statistics ---
100 packets transmitted, 100 received, 0% packet loss, time 99163ms
rtt min/avg/max/mdev = 51.859/52.492/56.228/0.576 ms


Sat 22 Apr 18:05:01 BST 2017
--- internet.fo ping statistics ---
100 packets transmitted, 100 received, 0% packet loss, time 99144ms
rtt min/avg/max/mdev = 51.200/51.649/55.482/0.617 ms


Sun 23 Apr 00:05:02 BST 2017
--- internet.fo ping statistics ---
100 packets transmitted, 100 received, 0% packet loss, time 99050ms
rtt min/avg/max/mdev = 50.626/50.958/53.847/0.473 ms


Sun 23 Apr 06:05:02 BST 2017
--- internet.fo ping statistics ---
100 packets transmitted, 100 received, 0% packet loss, time 99192ms
rtt min/avg/max/mdev = 50.707/52.354/54.393/0.645 ms


Sun 23 Apr 12:05:01 BST 2017
--- internet.fo ping statistics ---
100 packets transmitted, 100 received, 0% packet loss, time 99123ms
rtt min/avg/max/mdev = 50.668/51.449/56.673/0.770 ms


Sun 23 Apr 18:05:03 BST 2017
--- internet.fo ping statistics ---
100 packets transmitted, 100 received, 0% packet loss, time 99612ms
rtt min/avg/max/mdev = 50.649/52.126/160.234/10.885 ms


Mon 24 Apr 00:05:01 BST 2017
--- internet.fo ping statistics ---
100 packets transmitted, 100 received, 0% packet loss, time 99080ms
rtt min/avg/max/mdev = 50.655/52.306/53.642/0.713 ms


