Tue  4 Apr 06:03:22 BST 2017
--- ez.net.id ping statistics ---
100 packets transmitted, 100 received, 0% packet loss, time 99231ms
rtt min/avg/max/mdev = 347.005/350.056/361.256/2.503 ms


Tue  4 Apr 12:03:23 BST 2017
--- ez.net.id ping statistics ---
100 packets transmitted, 100 received, 0% packet loss, time 99065ms
rtt min/avg/max/mdev = 340.447/342.690/351.918/1.763 ms


Tue  4 Apr 18:03:24 BST 2017
--- ez.net.id ping statistics ---
100 packets transmitted, 100 received, 0% packet loss, time 99156ms
rtt min/avg/max/mdev = 340.492/347.129/368.689/6.172 ms


Wed  5 Apr 00:03:23 BST 2017
--- ez.net.id ping statistics ---
100 packets transmitted, 100 received, 0% packet loss, time 99131ms
rtt min/avg/max/mdev = 358.538/378.370/389.549/7.505 ms


Wed  5 Apr 06:03:24 BST 2017
--- ez.net.id ping statistics ---
100 packets transmitted, 100 received, 0% packet loss, time 99067ms
rtt min/avg/max/mdev = 323.495/348.526/357.009/11.215 ms


Wed  5 Apr 12:03:24 BST 2017
--- ez.net.id ping statistics ---
100 packets transmitted, 100 received, 0% packet loss, time 99120ms
rtt min/avg/max/mdev = 348.694/351.923/356.702/1.586 ms


Wed  5 Apr 18:03:23 BST 2017
--- ez.net.id ping statistics ---
100 packets transmitted, 100 received, 0% packet loss, time 99267ms
rtt min/avg/max/mdev = 357.589/360.496/382.290/2.745 ms


Thu  6 Apr 00:03:23 BST 2017
--- ez.net.id ping statistics ---
100 packets transmitted, 100 received, 0% packet loss, time 99098ms
rtt min/avg/max/mdev = 360.210/376.921/383.221/8.042 ms


Thu  6 Apr 06:03:23 BST 2017
--- ez.net.id ping statistics ---
100 packets transmitted, 100 received, 0% packet loss, time 99073ms
rtt min/avg/max/mdev = 358.697/359.318/361.529/0.633 ms


Thu  6 Apr 12:03:22 BST 2017
--- ez.net.id ping statistics ---
100 packets transmitted, 100 received, 0% packet loss, time 99218ms
rtt min/avg/max/mdev = 290.542/302.176/310.446/4.243 ms


Thu  6 Apr 18:03:23 BST 2017
--- ez.net.id ping statistics ---
100 packets transmitted, 100 received, 0% packet loss, time 99197ms
rtt min/avg/max/mdev = 294.677/302.991/309.555/2.202 ms


Fri  7 Apr 00:03:23 BST 2017
--- ez.net.id ping statistics ---
100 packets transmitted, 100 received, 0% packet loss, time 99083ms
rtt min/avg/max/mdev = 282.406/298.837/310.545/7.750 ms


Fri  7 Apr 06:03:23 BST 2017
--- ez.net.id ping statistics ---
100 packets transmitted, 100 received, 0% packet loss, time 99198ms
rtt min/avg/max/mdev = 285.896/297.110/308.264/5.796 ms


Fri  7 Apr 12:03:24 BST 2017
--- ez.net.id ping statistics ---
100 packets transmitted, 100 received, 0% packet loss, time 99092ms
rtt min/avg/max/mdev = 282.453/292.533/305.549/5.226 ms


Fri  7 Apr 18:03:25 BST 2017
--- ez.net.id ping statistics ---
100 packets transmitted, 97 received, 3% packet loss, time 99205ms
rtt min/avg/max/mdev = 294.776/310.498/318.203/4.584 ms


Sat  8 Apr 00:03:24 BST 2017
--- ez.net.id ping statistics ---
100 packets transmitted, 100 received, 0% packet loss, time 99200ms
rtt min/avg/max/mdev = 286.173/287.842/292.454/1.189 ms


Sat  8 Apr 06:03:25 BST 2017
--- ez.net.id ping statistics ---
100 packets transmitted, 100 received, 0% packet loss, time 99088ms
rtt min/avg/max/mdev = 282.371/285.543/296.734/3.274 ms


Sat  8 Apr 12:03:24 BST 2017
--- ez.net.id ping statistics ---
100 packets transmitted, 99 received, 1% packet loss, time 99282ms
rtt min/avg/max/mdev = 291.710/303.364/317.021/5.414 ms


Sat  8 Apr 18:03:21 BST 2017
--- ez.net.id ping statistics ---
100 packets transmitted, 98 received, 2% packet loss, time 99190ms
rtt min/avg/max/mdev = 300.779/312.599/325.546/5.300 ms


Sun  9 Apr 00:03:21 BST 2017
--- ez.net.id ping statistics ---
100 packets transmitted, 100 received, 0% packet loss, time 99307ms
rtt min/avg/max/mdev = 0.000/282.021/287.980/28.367 ms


Sun  9 Apr 06:03:22 BST 2017
--- ez.net.id ping statistics ---
100 packets transmitted, 99 received, 1% packet loss, time 99268ms
rtt min/avg/max/mdev = 294.153/305.526/326.213/5.635 ms


Sun  9 Apr 12:03:20 BST 2017
--- ez.net.id ping statistics ---
100 packets transmitted, 98 received, 2% packet loss, time 99124ms
rtt min/avg/max/mdev = 290.409/305.267/308.876/2.686 ms


Sun  9 Apr 18:03:22 BST 2017
--- ez.net.id ping statistics ---
100 packets transmitted, 94 received, 6% packet loss, time 99112ms
rtt min/avg/max/mdev = 301.139/306.586/319.993/4.158 ms


Mon 10 Apr 00:03:22 BST 2017
--- ez.net.id ping statistics ---
100 packets transmitted, 100 received, 0% packet loss, time 99324ms
rtt min/avg/max/mdev = 147.292/303.999/321.388/39.729 ms


Mon 10 Apr 06:03:21 BST 2017
--- ez.net.id ping statistics ---
100 packets transmitted, 99 received, 1% packet loss, time 99174ms
rtt min/avg/max/mdev = 212.540/286.810/309.560/30.322 ms


Mon 10 Apr 12:03:21 BST 2017
--- ez.net.id ping statistics ---
100 packets transmitted, 98 received, 2% packet loss, time 99016ms
rtt min/avg/max/mdev = 286.044/298.850/303.077/3.349 ms


Mon 10 Apr 18:03:23 BST 2017
--- ez.net.id ping statistics ---
100 packets transmitted, 93 received, 7% packet loss, time 99331ms
rtt min/avg/max/mdev = 137.385/291.054/319.709/55.015 ms


Tue 11 Apr 00:03:22 BST 2017
--- ez.net.id ping statistics ---
100 packets transmitted, 100 received, 0% packet loss, time 99059ms
rtt min/avg/max/mdev = 285.563/305.926/315.040/7.688 ms


Tue 11 Apr 06:03:22 BST 2017
--- ez.net.id ping statistics ---
100 packets transmitted, 99 received, 1% packet loss, time 99875ms
rtt min/avg/max/mdev = 0.000/290.920/307.066/29.846 ms


Tue 11 Apr 12:03:22 BST 2017
--- ez.net.id ping statistics ---
100 packets transmitted, 100 received, 0% packet loss, time 99322ms
rtt min/avg/max/mdev = 151.854/302.520/320.396/26.236 ms


Tue 11 Apr 18:03:21 BST 2017
--- ez.net.id ping statistics ---
100 packets transmitted, 96 received, 4% packet loss, time 99197ms
rtt min/avg/max/mdev = 300.393/304.489/311.649/2.180 ms


Wed 12 Apr 00:03:22 BST 2017
--- ez.net.id ping statistics ---
100 packets transmitted, 100 received, 0% packet loss, time 99089ms
rtt min/avg/max/mdev = 285.299/302.226/313.256/6.959 ms


Wed 12 Apr 06:03:22 BST 2017
--- ez.net.id ping statistics ---
100 packets transmitted, 100 received, 0% packet loss, time 99280ms
rtt min/avg/max/mdev = 133.298/292.709/305.447/22.205 ms


Wed 12 Apr 12:03:22 BST 2017
--- ez.net.id ping statistics ---
100 packets transmitted, 100 received, 0% packet loss, time 99194ms
rtt min/avg/max/mdev = 232.034/279.428/301.904/22.660 ms


Wed 12 Apr 18:03:22 BST 2017
--- ez.net.id ping statistics ---
100 packets transmitted, 100 received, 0% packet loss, time 99601ms
rtt min/avg/max/mdev = 286.758/301.416/363.818/9.196 ms


Thu 13 Apr 00:03:23 BST 2017
--- ez.net.id ping statistics ---
100 packets transmitted, 100 received, 0% packet loss, time 99231ms
rtt min/avg/max/mdev = 291.425/311.571/319.675/7.504 ms


Thu 13 Apr 06:03:20 BST 2017
--- ez.net.id ping statistics ---
100 packets transmitted, 100 received, 0% packet loss, time 99271ms
rtt min/avg/max/mdev = 229.533/277.933/297.149/22.652 ms


Thu 13 Apr 12:03:21 BST 2017
--- ez.net.id ping statistics ---
100 packets transmitted, 100 received, 0% packet loss, time 99010ms
rtt min/avg/max/mdev = 284.382/289.402/630.261/35.204 ms


Thu 13 Apr 18:03:21 BST 2017
--- ez.net.id ping statistics ---
100 packets transmitted, 100 received, 0% packet loss, time 99353ms
rtt min/avg/max/mdev = 155.385/281.677/618.008/55.397 ms


Fri 14 Apr 00:03:21 BST 2017
--- ez.net.id ping statistics ---
100 packets transmitted, 100 received, 0% packet loss, time 99193ms
rtt min/avg/max/mdev = 259.387/297.655/314.350/18.025 ms


Fri 14 Apr 06:03:21 BST 2017
--- ez.net.id ping statistics ---
100 packets transmitted, 100 received, 0% packet loss, time 99139ms
rtt min/avg/max/mdev = 281.839/284.652/291.268/1.441 ms


Fri 14 Apr 12:03:22 BST 2017
--- ez.net.id ping statistics ---
100 packets transmitted, 100 received, 0% packet loss, time 99349ms
rtt min/avg/max/mdev = 284.295/291.976/301.200/3.729 ms


Fri 14 Apr 18:03:22 BST 2017
--- ez.net.id ping statistics ---
100 packets transmitted, 100 received, 0% packet loss, time 99030ms
rtt min/avg/max/mdev = 285.839/291.790/306.078/5.105 ms


Sat 15 Apr 00:03:22 BST 2017
--- ez.net.id ping statistics ---
100 packets transmitted, 100 received, 0% packet loss, time 98994ms
rtt min/avg/max/mdev = 284.351/301.236/308.279/6.456 ms


Sat 15 Apr 06:03:20 BST 2017
--- ez.net.id ping statistics ---
100 packets transmitted, 100 received, 0% packet loss, time 99147ms
rtt min/avg/max/mdev = 289.766/292.573/298.740/1.848 ms


Sat 15 Apr 12:03:21 BST 2017
--- ez.net.id ping statistics ---
100 packets transmitted, 100 received, 0% packet loss, time 99156ms
rtt min/avg/max/mdev = 256.486/282.918/295.152/11.025 ms


Sat 15 Apr 18:03:23 BST 2017
--- ez.net.id ping statistics ---
100 packets transmitted, 100 received, 0% packet loss, time 99090ms
rtt min/avg/max/mdev = 284.563/294.083/312.291/5.714 ms


Sun 16 Apr 00:03:21 BST 2017
--- ez.net.id ping statistics ---
100 packets transmitted, 100 received, 0% packet loss, time 99183ms
rtt min/avg/max/mdev = 285.303/291.051/294.092/1.735 ms


Sun 16 Apr 06:03:21 BST 2017
--- ez.net.id ping statistics ---
100 packets transmitted, 100 received, 0% packet loss, time 99057ms
rtt min/avg/max/mdev = 252.797/280.681/293.764/12.186 ms


Sun 16 Apr 12:03:21 BST 2017
--- ez.net.id ping statistics ---
100 packets transmitted, 100 received, 0% packet loss, time 99538ms
rtt min/avg/max/mdev = 284.193/285.014/288.300/1.079 ms


Sun 16 Apr 18:03:21 BST 2017
--- ez.net.id ping statistics ---
100 packets transmitted, 100 received, 0% packet loss, time 99368ms
rtt min/avg/max/mdev = 289.505/297.695/361.238/8.607 ms


Mon 17 Apr 00:03:22 BST 2017
--- ez.net.id ping statistics ---
100 packets transmitted, 100 received, 0% packet loss, time 99079ms
rtt min/avg/max/mdev = 284.235/285.838/294.737/1.255 ms


Mon 17 Apr 06:03:21 BST 2017
--- ez.net.id ping statistics ---
100 packets transmitted, 100 received, 0% packet loss, time 99007ms
rtt min/avg/max/mdev = 284.081/285.324/290.096/1.278 ms


Mon 17 Apr 12:03:21 BST 2017
--- ez.net.id ping statistics ---
100 packets transmitted, 100 received, 0% packet loss, time 99123ms
rtt min/avg/max/mdev = 284.802/290.744/297.316/2.504 ms


Mon 17 Apr 18:03:21 BST 2017
--- ez.net.id ping statistics ---
100 packets transmitted, 100 received, 0% packet loss, time 99034ms
rtt min/avg/max/mdev = 285.934/297.637/310.080/5.600 ms


Tue 18 Apr 00:03:22 BST 2017
--- ez.net.id ping statistics ---
100 packets transmitted, 100 received, 0% packet loss, time 98998ms
rtt min/avg/max/mdev = 284.282/302.302/311.503/6.789 ms


Tue 18 Apr 06:03:20 BST 2017
--- ez.net.id ping statistics ---
100 packets transmitted, 100 received, 0% packet loss, time 99238ms
rtt min/avg/max/mdev = 288.755/291.403/299.864/2.484 ms


Tue 18 Apr 12:03:23 BST 2017
--- ez.net.id ping statistics ---
100 packets transmitted, 100 received, 0% packet loss, time 99087ms
rtt min/avg/max/mdev = 284.131/285.431/293.556/1.474 ms


Tue 18 Apr 18:03:21 BST 2017
--- ez.net.id ping statistics ---
100 packets transmitted, 100 received, 0% packet loss, time 99082ms
rtt min/avg/max/mdev = 284.244/292.678/305.702/5.718 ms


Wed 19 Apr 00:03:21 BST 2017
--- ez.net.id ping statistics ---
100 packets transmitted, 100 received, 0% packet loss, time 99047ms
rtt min/avg/max/mdev = 219.172/294.789/316.400/31.048 ms


Wed 19 Apr 06:03:23 BST 2017


Wed 19 Apr 06:03:23 BST 2017


Wed 19 Apr 12:03:20 BST 2017
--- ez.net.id ping statistics ---
100 packets transmitted, 100 received, 0% packet loss, time 102042ms
rtt min/avg/max/mdev = 292.392/297.377/424.787/13.217 ms


Wed 19 Apr 18:03:22 BST 2017
--- ez.net.id ping statistics ---
100 packets transmitted, 100 received, 0% packet loss, time 99123ms
rtt min/avg/max/mdev = 285.231/300.276/311.187/6.722 ms


Thu 20 Apr 00:03:23 BST 2017
--- ez.net.id ping statistics ---
100 packets transmitted, 100 received, 0% packet loss, time 99081ms
rtt min/avg/max/mdev = 281.615/299.127/311.472/6.840 ms


Thu 20 Apr 06:03:22 BST 2017
--- ez.net.id ping statistics ---
100 packets transmitted, 100 received, 0% packet loss, time 99264ms
rtt min/avg/max/mdev = 292.229/297.467/404.954/11.307 ms


Thu 20 Apr 12:03:21 BST 2017
--- ez.net.id ping statistics ---
100 packets transmitted, 100 received, 0% packet loss, time 99087ms
rtt min/avg/max/mdev = 288.963/291.434/299.990/1.947 ms


Thu 20 Apr 18:03:22 BST 2017
--- ez.net.id ping statistics ---
100 packets transmitted, 100 received, 0% packet loss, time 99004ms
rtt min/avg/max/mdev = 285.002/289.651/307.243/4.792 ms


Fri 21 Apr 00:03:22 BST 2017
--- ez.net.id ping statistics ---
100 packets transmitted, 100 received, 0% packet loss, time 99100ms
rtt min/avg/max/mdev = 117.365/274.290/318.173/73.402 ms


Fri 21 Apr 06:03:21 BST 2017
--- ez.net.id ping statistics ---
100 packets transmitted, 100 received, 0% packet loss, time 99048ms
rtt min/avg/max/mdev = 202.623/279.209/299.032/28.166 ms


Fri 21 Apr 12:03:22 BST 2017
--- ez.net.id ping statistics ---
100 packets transmitted, 100 received, 0% packet loss, time 99919ms
rtt min/avg/max/mdev = 0.000/287.052/651.300/46.408 ms


Fri 21 Apr 18:03:21 BST 2017
--- ez.net.id ping statistics ---
100 packets transmitted, 100 received, 0% packet loss, time 99157ms
rtt min/avg/max/mdev = 133.259/270.131/301.141/58.550 ms


Sat 22 Apr 00:03:21 BST 2017
--- ez.net.id ping statistics ---
100 packets transmitted, 100 received, 0% packet loss, time 99106ms
rtt min/avg/max/mdev = 286.748/306.572/317.024/7.205 ms


