Tue  4 Apr 06:00:03 BST 2017
--- 103.10.124.1 ping statistics ---
100 packets transmitted, 100 received, 0% packet loss, time 99103ms
rtt min/avg/max/mdev = 201.710/204.080/233.304/4.191 ms


Tue  4 Apr 12:00:04 BST 2017
--- 103.10.124.1 ping statistics ---
100 packets transmitted, 100 received, 0% packet loss, time 99093ms
rtt min/avg/max/mdev = 198.370/199.745/230.536/3.207 ms


Tue  4 Apr 18:00:05 BST 2017
--- 103.10.124.1 ping statistics ---
100 packets transmitted, 100 received, 0% packet loss, time 99012ms
rtt min/avg/max/mdev = 198.344/198.812/203.348/0.929 ms


Wed  5 Apr 00:00:04 BST 2017
--- 103.10.124.1 ping statistics ---
100 packets transmitted, 100 received, 0% packet loss, time 99187ms
rtt min/avg/max/mdev = 94.837/185.642/212.624/39.735 ms


Wed  5 Apr 06:00:05 BST 2017
--- 103.10.124.1 ping statistics ---
100 packets transmitted, 100 received, 0% packet loss, time 99134ms
rtt min/avg/max/mdev = 171.494/194.860/225.609/11.348 ms


Wed  5 Apr 12:00:05 BST 2017
--- 103.10.124.1 ping statistics ---
100 packets transmitted, 100 received, 0% packet loss, time 99097ms
rtt min/avg/max/mdev = 198.272/198.986/213.020/2.006 ms


Wed  5 Apr 18:00:04 BST 2017
--- 103.10.124.1 ping statistics ---
100 packets transmitted, 100 received, 0% packet loss, time 99148ms
rtt min/avg/max/mdev = 201.701/203.829/237.615/4.136 ms


Thu  6 Apr 00:00:04 BST 2017
--- 103.10.124.1 ping statistics ---
100 packets transmitted, 100 received, 0% packet loss, time 99110ms
rtt min/avg/max/mdev = 198.369/199.844/224.626/3.333 ms


Thu  6 Apr 06:00:04 BST 2017
--- 103.10.124.1 ping statistics ---
100 packets transmitted, 100 received, 0% packet loss, time 99496ms
rtt min/avg/max/mdev = 198.304/199.048/235.849/3.917 ms


Thu  6 Apr 12:00:03 BST 2017
--- 103.10.124.1 ping statistics ---
100 packets transmitted, 100 received, 0% packet loss, time 99089ms
rtt min/avg/max/mdev = 198.637/203.166/224.099/3.374 ms


Thu  6 Apr 18:00:03 BST 2017
--- 103.10.124.1 ping statistics ---
100 packets transmitted, 100 received, 0% packet loss, time 99044ms
rtt min/avg/max/mdev = 108.993/198.269/207.627/17.908 ms


Fri  7 Apr 00:00:04 BST 2017
--- 103.10.124.1 ping statistics ---
100 packets transmitted, 100 received, 0% packet loss, time 99017ms
rtt min/avg/max/mdev = 198.349/199.476/269.001/7.131 ms


Fri  7 Apr 06:00:04 BST 2017
--- 103.10.124.1 ping statistics ---
100 packets transmitted, 100 received, 0% packet loss, time 99142ms
rtt min/avg/max/mdev = 198.460/202.508/220.663/2.439 ms


Fri  7 Apr 12:00:04 BST 2017
--- 103.10.124.1 ping statistics ---
100 packets transmitted, 100 received, 0% packet loss, time 99103ms
rtt min/avg/max/mdev = 198.308/199.413/220.842/2.739 ms


Fri  7 Apr 18:00:05 BST 2017
--- 103.10.124.1 ping statistics ---
100 packets transmitted, 100 received, 0% packet loss, time 99155ms
rtt min/avg/max/mdev = 204.007/208.250/267.308/9.604 ms


Sat  8 Apr 00:00:04 BST 2017
--- 103.10.124.1 ping statistics ---
100 packets transmitted, 100 received, 0% packet loss, time 99167ms
rtt min/avg/max/mdev = 112.473/193.417/285.576/30.786 ms


