Tue  4 Apr 06:16:41 BST 2017
--- waiotapu.co.nz ping statistics ---
100 packets transmitted, 96 received, 4% packet loss, time 99846ms
rtt min/avg/max/mdev = 144.223/265.993/270.234/12.581 ms


Tue  4 Apr 12:16:43 BST 2017
--- waiotapu.co.nz ping statistics ---
100 packets transmitted, 92 received, 8% packet loss, time 99073ms
rtt min/avg/max/mdev = 225.183/255.572/262.911/13.675 ms


Tue  4 Apr 18:16:45 BST 2017
--- waiotapu.co.nz ping statistics ---
100 packets transmitted, 96 received, 4% packet loss, time 99037ms
rtt min/avg/max/mdev = 260.378/260.639/262.714/0.661 ms


Wed  5 Apr 00:16:44 BST 2017
--- waiotapu.co.nz ping statistics ---
100 packets transmitted, 95 received, 5% packet loss, time 99350ms
rtt min/avg/max/mdev = 268.841/270.848/278.361/1.490 ms


Wed  5 Apr 06:16:41 BST 2017
--- waiotapu.co.nz ping statistics ---
100 packets transmitted, 95 received, 5% packet loss, time 99106ms
rtt min/avg/max/mdev = 263.797/265.638/266.676/0.783 ms


Wed  5 Apr 12:16:47 BST 2017
--- waiotapu.co.nz ping statistics ---
100 packets transmitted, 91 received, 9% packet loss, time 99133ms
rtt min/avg/max/mdev = 263.768/264.038/266.336/0.707 ms


Wed  5 Apr 18:16:47 BST 2017
--- waiotapu.co.nz ping statistics ---
100 packets transmitted, 100 received, 0% packet loss, time 100063ms
rtt min/avg/max/mdev = 263.827/284.057/320.974/21.962 ms


Thu  6 Apr 00:16:44 BST 2017
--- waiotapu.co.nz ping statistics ---
100 packets transmitted, 79 received, 21% packet loss, time 99861ms
rtt min/avg/max/mdev = 263.884/265.373/267.680/0.837 ms


