Tue  4 Apr 06:15:01 BST 2017
--- waggagolf.com.au ping statistics ---
100 packets transmitted, 99 received, 1% packet loss, time 99144ms
rtt min/avg/max/mdev = 214.524/329.782/361.405/52.488 ms


Tue  4 Apr 12:15:03 BST 2017
--- waggagolf.com.au ping statistics ---
100 packets transmitted, 100 received, 0% packet loss, time 99111ms
rtt min/avg/max/mdev = 346.638/348.002/349.989/1.167 ms


Tue  4 Apr 18:15:05 BST 2017
--- waggagolf.com.au ping statistics ---
100 packets transmitted, 100 received, 0% packet loss, time 99073ms
rtt min/avg/max/mdev = 344.899/345.884/347.456/0.913 ms


Wed  5 Apr 00:15:02 BST 2017
--- waggagolf.com.au ping statistics ---
100 packets transmitted, 97 received, 3% packet loss, time 99362ms
rtt min/avg/max/mdev = 347.247/357.366/375.895/5.916 ms


Wed  5 Apr 06:15:01 BST 2017
--- waggagolf.com.au ping statistics ---
100 packets transmitted, 100 received, 0% packet loss, time 99059ms
rtt min/avg/max/mdev = 315.632/342.916/350.865/12.719 ms


Wed  5 Apr 12:15:06 BST 2017
--- waggagolf.com.au ping statistics ---
100 packets transmitted, 98 received, 2% packet loss, time 99140ms
rtt min/avg/max/mdev = 342.916/346.611/349.093/1.341 ms


Wed  5 Apr 18:15:06 BST 2017
--- waggagolf.com.au ping statistics ---
100 packets transmitted, 100 received, 0% packet loss, time 99264ms
rtt min/avg/max/mdev = 231.224/334.790/369.022/46.531 ms


Thu  6 Apr 00:15:04 BST 2017
--- waggagolf.com.au ping statistics ---
100 packets transmitted, 100 received, 0% packet loss, time 99019ms
rtt min/avg/max/mdev = 323.465/348.516/352.658/3.700 ms


Thu  6 Apr 06:15:00 BST 2017
--- waggagolf.com.au ping statistics ---
100 packets transmitted, 100 received, 0% packet loss, time 99030ms
rtt min/avg/max/mdev = 341.770/347.116/351.355/1.460 ms


Thu  6 Apr 12:15:04 BST 2017
--- waggagolf.com.au ping statistics ---
100 packets transmitted, 98 received, 2% packet loss, time 99074ms
rtt min/avg/max/mdev = 231.098/330.818/358.734/49.300 ms


Thu  6 Apr 18:15:04 BST 2017
--- waggagolf.com.au ping statistics ---
100 packets transmitted, 100 received, 0% packet loss, time 99104ms
rtt min/avg/max/mdev = 346.232/347.917/350.179/1.374 ms


Fri  7 Apr 00:15:05 BST 2017
--- waggagolf.com.au ping statistics ---
100 packets transmitted, 99 received, 1% packet loss, time 99036ms
rtt min/avg/max/mdev = 342.448/346.722/426.605/8.218 ms


Fri  7 Apr 06:15:00 BST 2017
--- waggagolf.com.au ping statistics ---
100 packets transmitted, 100 received, 0% packet loss, time 99309ms
rtt min/avg/max/mdev = 345.284/352.861/370.081/3.954 ms


Fri  7 Apr 12:15:03 BST 2017
--- waggagolf.com.au ping statistics ---
100 packets transmitted, 100 received, 0% packet loss, time 99133ms
rtt min/avg/max/mdev = 298.171/345.459/353.684/13.071 ms


Fri  7 Apr 18:15:10 BST 2017
--- waggagolf.com.au ping statistics ---
100 packets transmitted, 100 received, 0% packet loss, time 99010ms
rtt min/avg/max/mdev = 345.221/346.197/347.786/1.144 ms


Sat  8 Apr 00:15:04 BST 2017
--- waggagolf.com.au ping statistics ---
100 packets transmitted, 100 received, 0% packet loss, time 99246ms
rtt min/avg/max/mdev = 345.427/352.750/356.129/2.019 ms


Sat  8 Apr 06:15:01 BST 2017
--- waggagolf.com.au ping statistics ---
100 packets transmitted, 99 received, 1% packet loss, time 99083ms
rtt min/avg/max/mdev = 345.224/346.193/348.742/1.021 ms


Sat  8 Apr 12:15:04 BST 2017
--- waggagolf.com.au ping statistics ---
100 packets transmitted, 100 received, 0% packet loss, time 99210ms
rtt min/avg/max/mdev = 355.336/359.460/364.908/2.649 ms


Sat  8 Apr 18:14:58 BST 2017
--- waggagolf.com.au ping statistics ---
100 packets transmitted, 100 received, 0% packet loss, time 99142ms
rtt min/avg/max/mdev = 345.241/351.938/389.827/4.739 ms


Sun  9 Apr 00:15:00 BST 2017
--- waggagolf.com.au ping statistics ---
100 packets transmitted, 100 received, 0% packet loss, time 99017ms
rtt min/avg/max/mdev = 353.438/354.431/356.224/0.984 ms


Sun  9 Apr 06:15:00 BST 2017
--- waggagolf.com.au ping statistics ---
100 packets transmitted, 100 received, 0% packet loss, time 99188ms
rtt min/avg/max/mdev = 345.341/357.429/364.450/5.608 ms


