Tue  4 Apr 06:01:43 BST 2017
--- catcafe.jp ping statistics ---
100 packets transmitted, 100 received, 0% packet loss, time 99284ms
rtt min/avg/max/mdev = 242.181/243.835/246.147/1.214 ms


Tue  4 Apr 12:01:43 BST 2017
--- catcafe.jp ping statistics ---
100 packets transmitted, 100 received, 0% packet loss, time 99105ms
rtt min/avg/max/mdev = 238.487/238.881/239.350/0.668 ms


Tue  4 Apr 18:01:45 BST 2017
--- catcafe.jp ping statistics ---
100 packets transmitted, 100 received, 0% packet loss, time 99066ms
rtt min/avg/max/mdev = 237.935/238.065/238.599/0.464 ms


Wed  5 Apr 00:01:43 BST 2017
--- catcafe.jp ping statistics ---
100 packets transmitted, 100 received, 0% packet loss, time 99094ms
rtt min/avg/max/mdev = 237.991/242.940/246.043/2.331 ms


Wed  5 Apr 06:01:44 BST 2017
--- catcafe.jp ping statistics ---
100 packets transmitted, 100 received, 0% packet loss, time 99136ms
rtt min/avg/max/mdev = 238.887/239.315/239.797/0.505 ms


Wed  5 Apr 12:01:44 BST 2017
--- catcafe.jp ping statistics ---
100 packets transmitted, 100 received, 0% packet loss, time 99740ms
rtt min/avg/max/mdev = 0.000/235.675/238.339/23.700 ms


Wed  5 Apr 18:01:43 BST 2017
--- catcafe.jp ping statistics ---
100 packets transmitted, 100 received, 0% packet loss, time 99300ms
rtt min/avg/max/mdev = 241.990/243.427/246.006/1.178 ms


Thu  6 Apr 00:01:43 BST 2017
--- catcafe.jp ping statistics ---
100 packets transmitted, 100 received, 0% packet loss, time 99079ms
rtt min/avg/max/mdev = 238.623/238.970/239.284/0.669 ms


Thu  6 Apr 06:01:44 BST 2017
--- catcafe.jp ping statistics ---
100 packets transmitted, 100 received, 0% packet loss, time 99062ms
rtt min/avg/max/mdev = 237.901/238.044/238.587/0.421 ms


Thu  6 Apr 12:01:43 BST 2017
--- catcafe.jp ping statistics ---
100 packets transmitted, 100 received, 0% packet loss, time 99199ms
rtt min/avg/max/mdev = 133.050/221.969/245.514/43.469 ms


Thu  6 Apr 18:01:43 BST 2017
--- catcafe.jp ping statistics ---
100 packets transmitted, 100 received, 0% packet loss, time 99186ms
rtt min/avg/max/mdev = 238.000/240.520/242.398/1.376 ms


Fri  7 Apr 00:01:44 BST 2017
--- catcafe.jp ping statistics ---
100 packets transmitted, 100 received, 0% packet loss, time 99127ms
rtt min/avg/max/mdev = 237.629/237.758/237.922/0.369 ms


Fri  7 Apr 06:01:43 BST 2017
--- catcafe.jp ping statistics ---
100 packets transmitted, 100 received, 0% packet loss, time 99264ms
rtt min/avg/max/mdev = 144.638/223.956/244.419/38.006 ms


Fri  7 Apr 12:01:44 BST 2017
--- catcafe.jp ping statistics ---
100 packets transmitted, 100 received, 0% packet loss, time 99078ms
rtt min/avg/max/mdev = 237.641/237.765/237.986/0.609 ms


Fri  7 Apr 18:01:44 BST 2017
--- catcafe.jp ping statistics ---
100 packets transmitted, 100 received, 0% packet loss, time 99254ms
rtt min/avg/max/mdev = 50.871/228.137/249.760/57.203 ms


Sat  8 Apr 00:01:43 BST 2017
--- catcafe.jp ping statistics ---
100 packets transmitted, 100 received, 0% packet loss, time 99179ms
rtt min/avg/max/mdev = 240.895/241.982/245.570/1.042 ms


Sat  8 Apr 06:01:44 BST 2017
--- catcafe.jp ping statistics ---
100 packets transmitted, 100 received, 0% packet loss, time 99919ms
rtt min/avg/max/mdev = 0.000/235.370/239.097/23.670 ms


Sat  8 Apr 12:01:44 BST 2017
--- catcafe.jp ping statistics ---
100 packets transmitted, 100 received, 0% packet loss, time 99325ms
rtt min/avg/max/mdev = 244.307/246.665/250.792/1.757 ms


Sat  8 Apr 18:01:41 BST 2017
--- catcafe.jp ping statistics ---
100 packets transmitted, 100 received, 0% packet loss, time 99102ms
rtt min/avg/max/mdev = 237.638/241.123/242.994/1.761 ms


