--2017-05-01 22:02:36--  ftp://bks-speedtest-1.tele2.net/2MB.zip
           => ‘/dev/null’
Resolving bks-speedtest-1.tele2.net (bks-speedtest-1.tele2.net)... 90.130.74.113, 2a00:800:1010:9::2
Connecting to bks-speedtest-1.tele2.net (bks-speedtest-1.tele2.net)|90.130.74.113|:21... connected.
Logging in as anonymous ... Logged in!
==> SYST ... done.    ==> PWD ... done.
==> TYPE I ... done.  ==> CWD not needed.
==> SIZE 2MB.zip ... 2097152
==> PASV ... done.    ==> RETR 2MB.zip ... done.
Length: 2097152 (2.0M) (unauthoritative)

     0K .......... .......... .......... .......... ..........  2%  537K 4s
    50K .......... .......... .......... .......... ..........  4% 1.06M 3s
   100K .......... .......... .......... .......... ..........  7% 49.1M 2s
   150K .......... .......... .......... .......... ..........  9% 1.07M 2s
   200K .......... .......... .......... .......... .......... 12% 50.0M 1s
   250K .......... .......... .......... .......... .......... 14% 23.3M 1s
   300K .......... .......... .......... .......... .......... 17%  435M 1s
   350K .......... .......... .......... .......... .......... 19% 1.10M 1s
   400K .......... .......... .......... .......... .......... 21% 77.5M 1s
   450K .......... .......... .......... .......... .......... 24% 34.1M 1s
   500K .......... .......... .......... .......... .......... 26% 1.13M 1s
   550K .......... .......... .......... .......... .......... 29%  112M 1s
   600K .......... .......... .......... .......... .......... 31% 52.2M 1s
   650K .......... .......... .......... .......... .......... 34% 94.4M 1s
   700K .......... .......... .......... .......... .......... 36%  162M 0s
   750K .......... .......... .......... .......... .......... 39% 49.7M 0s
   800K .......... .......... .......... .......... .......... 41% 95.9M 0s
   850K .......... .......... .......... .......... .......... 43%  121M 0s
   900K .......... .......... .......... .......... .......... 46% 1.15M 0s
   950K .......... .......... .......... .......... .......... 48% 66.1M 0s
  1000K .......... .......... .......... .......... .......... 51% 80.5M 0s
  1050K .......... .......... .......... .......... .......... 53% 63.6M 0s
  1100K .......... .......... .......... .......... .......... 56% 56.9M 0s
  1150K .......... .......... .......... .......... .......... 58%  385M 0s
  1200K .......... .......... .......... .......... .......... 61% 50.5M 0s
  1250K .......... .......... .......... .......... .......... 63%  379M 0s
  1300K .......... .......... .......... .......... .......... 65%  459M 0s
  1350K .......... .......... .......... .......... .......... 68% 66.4M 0s
  1400K .......... .......... .......... .......... .......... 70% 1.31M 0s
  1450K .......... .......... .......... .......... .......... 73% 11.3M 0s
  1500K .......... .......... .......... .......... .......... 75% 82.0M 0s
  1550K .......... .......... .......... .......... .......... 78%  110M 0s
  1600K .......... .......... .......... .......... .......... 80% 94.8M 0s
  1650K .......... .......... .......... .......... .......... 83%  201M 0s
  1700K .......... .......... .......... .......... .......... 85%  115M 0s
  1750K .......... .......... .......... .......... .......... 87% 82.1M 0s
  1800K .......... .......... .......... .......... .......... 90%  145M 0s
  1850K .......... .......... .......... .......... .......... 92%  123M 0s
  1900K .......... .......... .......... .......... .......... 95% 76.8M 0s
  1950K .......... .......... .......... .......... .......... 97%  105M 0s
  2000K .......... .......... .......... .......... ........  100%  157M=0.4s

2017-05-01 22:02:37 (5.32 MB/s) - ‘/dev/null’ saved [2097152]

--2017-05-01 22:02:41--  ftp://bks-speedtest-1.tele2.net/2MB.zip
           => ‘/dev/null’
Resolving bks-speedtest-1.tele2.net (bks-speedtest-1.tele2.net)... 90.130.74.113, 2a00:800:1010:9::2
Connecting to bks-speedtest-1.tele2.net (bks-speedtest-1.tele2.net)|90.130.74.113|:21... connected.
Logging in as anonymous ... Logged in!
==> SYST ... done.    ==> PWD ... done.
==> TYPE I ... done.  ==> CWD not needed.
==> SIZE 2MB.zip ... 2097152
==> PASV ... done.    ==> RETR 2MB.zip ... done.
Length: 2097152 (2.0M) (unauthoritative)

     0K .......... .......... .......... .......... ..........  2%  539K 4s
    50K .......... .......... .......... .......... ..........  4% 1.05M 3s
   100K .......... .......... .......... .......... ..........  7% 1.07M 2s
   150K .......... .......... .......... .......... ..........  9% 39.0M 2s
   200K .......... .......... .......... .......... .......... 12% 1.09M 2s
   250K .......... .......... .......... .......... .......... 14% 75.1M 1s
   300K .......... .......... .......... .......... .......... 17% 54.3M 1s
   350K .......... .......... .......... .......... .......... 19% 1.34M 1s
   400K .......... .......... .......... .......... .......... 21% 5.42M 1s
   450K .......... .......... .......... .......... .......... 24% 90.2M 1s
   500K .......... .......... .......... .......... .......... 26% 97.8M 1s
   550K .......... .......... .......... .......... .......... 29% 1.35M 1s
   600K .......... .......... .......... .......... .......... 31% 64.7M 1s
   650K .......... .......... .......... .......... .......... 34% 6.05M 1s
   700K .......... .......... .......... .......... .......... 36% 71.4M 1s
   750K .......... .......... .......... .......... .......... 39%  109M 1s
   800K .......... .......... .......... .......... .......... 41%  109M 0s
   850K .......... .......... .......... .......... .......... 43% 86.2M 0s
   900K .......... .......... .......... .......... .......... 46% 1.40M 0s
   950K .......... .......... .......... .......... .......... 48% 66.0M 0s
  1000K .......... .......... .......... .......... .......... 51%  125M 0s
  1050K .......... .......... .......... .......... .......... 53%  130M 0s
  1100K .......... .......... .......... .......... .......... 56%  109M 0s
  1150K .......... .......... .......... .......... .......... 58% 6.38M 0s
  1200K .......... .......... .......... .......... .......... 61%  110M 0s
  1250K .......... .......... .......... .......... .......... 63% 72.5M 0s
  1300K .......... .......... .......... .......... .......... 65%  105M 0s
  1350K .......... .......... .......... .......... .......... 68% 98.3M 0s
  1400K .......... .......... .......... .......... .......... 70%  246M 0s
  1450K .......... .......... .......... .......... .......... 73% 62.2M 0s
  1500K .......... .......... .......... .......... .......... 75% 1.45M 0s
  1550K .......... .......... .......... .......... .......... 78% 78.7M 0s
  1600K .......... .......... .......... .......... .......... 80%  110M 0s
  1650K .......... .......... .......... .......... .......... 83%  108M 0s
  1700K .......... .......... .......... .......... .......... 85% 84.1M 0s
  1750K .......... .......... .......... .......... .......... 87% 89.2M 0s
  1800K .......... .......... .......... .......... .......... 90%  126M 0s
  1850K .......... .......... .......... .......... .......... 92% 8.43M 0s
  1900K .......... .......... .......... .......... .......... 95% 70.9M 0s
  1950K .......... .......... .......... .......... .......... 97% 98.2M 0s
  2000K .......... .......... .......... .......... ........  100%  109M=0.4s

2017-05-01 22:02:42 (4.79 MB/s) - ‘/dev/null’ saved [2097152]

--2017-05-01 22:02:46--  ftp://bks-speedtest-1.tele2.net/2MB.zip
           => ‘/dev/null’
Resolving bks-speedtest-1.tele2.net (bks-speedtest-1.tele2.net)... 90.130.74.113, 2a00:800:1010:9::2
Connecting to bks-speedtest-1.tele2.net (bks-speedtest-1.tele2.net)|90.130.74.113|:21... connected.
Logging in as anonymous ... Logged in!
==> SYST ... done.    ==> PWD ... done.
==> TYPE I ... done.  ==> CWD not needed.
==> SIZE 2MB.zip ... 2097152
==> PASV ... done.    ==> RETR 2MB.zip ... done.
Length: 2097152 (2.0M) (unauthoritative)

     0K .......... .......... .......... .......... ..........  2%  537K 4s
    50K .......... .......... .......... .......... ..........  4% 1.02M 3s
   100K .......... .......... .......... .......... ..........  7%  107M 2s
   150K .......... .......... .......... .......... ..........  9% 1.03M 2s
   200K .......... .......... .......... .......... .......... 12% 90.1M 1s
   250K .......... .......... .......... .......... .......... 14% 1.04M 1s
   300K .......... .......... .......... .......... .......... 17% 94.9M 1s
   350K .......... .......... .......... .......... .......... 19%  108M 1s
   400K .......... .......... .......... .......... .......... 21% 1.06M 1s
   450K .......... .......... .......... .......... .......... 24% 86.5M 1s
   500K .......... .......... .......... .......... .......... 26% 48.2M 1s
   550K .......... .......... .......... .......... .......... 29%  101M 1s
   600K .......... .......... .......... .......... .......... 31%  130M 1s
   650K .......... .......... .......... .......... .......... 34% 1.08M 1s
   700K .......... .......... .......... .......... .......... 36% 79.0M 1s
   750K .......... .......... .......... .......... .......... 39%  119M 1s
   800K .......... .......... .......... .......... .......... 41%  102M 0s
   850K .......... .......... .......... .......... .......... 43%  123M 0s
   900K .......... .......... .......... .......... .......... 46%  108M 0s
   950K .......... .......... .......... .......... .......... 48%  105M 0s
  1000K .......... .......... .......... .......... .......... 51%  111M 0s
  1050K .......... .......... .......... .......... .......... 53% 95.5M 0s
  1100K .......... .......... .......... .......... .......... 56% 1.11M 0s
  1150K .......... .......... .......... .......... .......... 58% 63.2M 0s
  1200K .......... .......... .......... .......... .......... 61%  145M 0s
  1250K .......... .......... .......... .......... .......... 63%  109M 0s
  1300K .......... .......... .......... .......... .......... 65% 86.9M 0s
  1350K .......... .......... .......... .......... .......... 68% 88.8M 0s
  1400K .......... .......... .......... .......... .......... 70%  103M 0s
  1450K .......... .......... .......... .......... .......... 73%  132M 0s
  1500K .......... .......... .......... .......... .......... 75%  114M 0s
  1550K .......... .......... .......... .......... .......... 78% 78.6M 0s
  1600K .......... .......... .......... .......... .......... 80%  114M 0s
  1650K .......... .......... .......... .......... .......... 83%  129M 0s
  1700K .......... .......... .......... .......... .......... 85%  354M 0s
  1750K .......... .......... .......... .......... .......... 87% 1.16M 0s
  1800K .......... .......... .......... .......... .......... 90%  109M 0s
  1850K .......... .......... .......... .......... .......... 92% 89.2M 0s
  1900K .......... .......... .......... .......... .......... 95%  128M 0s
  1950K .......... .......... .......... .......... .......... 97%  152M 0s
  2000K .......... .......... .......... .......... ........  100%  152M=0.4s

2017-05-01 22:02:47 (4.67 MB/s) - ‘/dev/null’ saved [2097152]

--2017-05-01 22:02:51--  ftp://bks-speedtest-1.tele2.net/2MB.zip
           => ‘/dev/null’
Resolving bks-speedtest-1.tele2.net (bks-speedtest-1.tele2.net)... 90.130.74.113, 2a00:800:1010:9::2
Connecting to bks-speedtest-1.tele2.net (bks-speedtest-1.tele2.net)|90.130.74.113|:21... connected.
Logging in as anonymous ... Logged in!
==> SYST ... done.    ==> PWD ... done.
==> TYPE I ... done.  ==> CWD not needed.
==> SIZE 2MB.zip ... 2097152
==> PASV ... done.    ==> RETR 2MB.zip ... done.
Length: 2097152 (2.0M) (unauthoritative)

     0K .......... .......... .......... .......... ..........  2%  537K 4s
    50K .......... .......... .......... .......... ..........  4% 1.02M 3s
   100K .......... .......... .......... .......... ..........  7%  129M 2s
   150K .......... .......... .......... .......... ..........  9% 1.03M 2s
   200K .......... .......... .......... .......... .......... 12% 98.8M 1s
   250K .......... .......... .......... .......... .......... 14% 1.03M 1s
   300K .......... .......... .......... .......... .......... 17% 94.2M 1s
   350K .......... .......... .......... .......... .......... 19%  269M 1s
   400K .......... .......... .......... .......... .......... 21% 1.04M 1s
   450K .......... .......... .......... .......... .......... 24%  115M 1s
   500K .......... .......... .......... .......... .......... 26%  141M 1s
   550K .......... .......... .......... .......... .......... 29%  231M 1s
   600K .......... .......... .......... .......... .......... 31%  101M 1s
   650K .......... .......... .......... .......... .......... 34% 1.06M 1s
   700K .......... .......... .......... .......... .......... 36%  103M 1s
   750K .......... .......... .......... .......... .......... 39%  108M 1s
   800K .......... .......... .......... .......... .......... 41% 99.3M 0s
   850K .......... .......... .......... .......... .......... 43%  109M 0s
   900K .......... .......... .......... .......... .......... 46%  128M 0s
   950K .......... .......... .......... .......... .......... 48% 75.1M 0s
  1000K .......... .......... .......... .......... .......... 51%  273M 0s
  1050K .......... .......... .......... .......... .......... 53% 1.10M 0s
  1100K .......... .......... .......... .......... .......... 56% 91.9M 0s
  1150K .......... .......... .......... .......... .......... 58%  132M 0s
  1200K .......... .......... .......... .......... .......... 61%  103M 0s
  1250K .......... .......... .......... .......... .......... 63%  114M 0s
  1300K .......... .......... .......... .......... .......... 65%  126M 0s
  1350K .......... .......... .......... .......... .......... 68% 92.7M 0s
  1400K .......... .......... .......... .......... .......... 70%  108M 0s
  1450K .......... .......... .......... .......... .......... 73%  136M 0s
  1500K .......... .......... .......... .......... .......... 75%  106M 0s
  1550K .......... .......... .......... .......... .......... 78%  105M 0s
  1600K .......... .......... .......... .......... .......... 80% 96.6M 0s
  1650K .......... .......... .......... .......... .......... 83%  116M 0s
  1700K .......... .......... .......... .......... .......... 85%  121M 0s
  1750K .......... .......... .......... .......... .......... 87% 1.16M 0s
  1800K .......... .......... .......... .......... .......... 90%  128M 0s
  1850K .......... .......... .......... .......... .......... 92%  114M 0s
  1900K .......... .......... .......... .......... .......... 95%  135M 0s
  1950K .......... .......... .......... .......... .......... 97%  133M 0s
  2000K .......... .......... .......... .......... ........  100% 96.3M=0.4s

2017-05-01 22:02:52 (4.66 MB/s) - ‘/dev/null’ saved [2097152]

--2017-05-01 22:02:56--  ftp://bks-speedtest-1.tele2.net/2MB.zip
           => ‘/dev/null’
Resolving bks-speedtest-1.tele2.net (bks-speedtest-1.tele2.net)... 90.130.74.113, 2a00:800:1010:9::2
Connecting to bks-speedtest-1.tele2.net (bks-speedtest-1.tele2.net)|90.130.74.113|:21... connected.
Logging in as anonymous ... Logged in!
==> SYST ... done.    ==> PWD ... done.
==> TYPE I ... done.  ==> CWD not needed.
==> SIZE 2MB.zip ... 2097152
==> PASV ... done.    ==> RETR 2MB.zip ... done.
Length: 2097152 (2.0M) (unauthoritative)

     0K .......... .......... .......... .......... ..........  2%  511K 4s
    50K .......... .......... .......... .......... ..........  4% 1.00M 3s
   100K .......... .......... .......... .......... ..........  7% 1.02M 2s
   150K .......... .......... .......... .......... ..........  9% 60.8M 2s
   200K .......... .......... .......... .......... .......... 12% 1.02M 2s
   250K .......... .......... .......... .......... .......... 14%  125M 1s
   300K .......... .......... .......... .......... .......... 17% 74.8M 1s
   350K .......... .......... .......... .......... .......... 19%  111M 1s
   400K .......... .......... .......... .......... .......... 21% 1.04M 1s
   450K .......... .......... .......... .......... .......... 24% 70.4M 1s
   500K .......... .......... .......... .......... .......... 26% 81.8M 1s
   550K .......... .......... .......... .......... .......... 29%  118M 1s
   600K .......... .......... .......... .......... .......... 31%  115M 1s
   650K .......... .......... .......... .......... .......... 34% 1.05M 1s
   700K .......... .......... .......... .......... .......... 36%  162M 1s
   750K .......... .......... .......... .......... .......... 39% 76.8M 1s
   800K .......... .......... .......... .......... .......... 41%  122M 0s
   850K .......... .......... .......... .......... .......... 43%  122M 0s
   900K .......... .......... .......... .......... .......... 46%  113M 0s
   950K .......... .......... .......... .......... .......... 48%  112M 0s
  1000K .......... .......... .......... .......... .......... 51% 98.7M 0s
  1050K .......... .......... .......... .......... .......... 53%  118M 0s
  1100K .......... .......... .......... .......... .......... 56%  118M 0s
  1150K .......... .......... .......... .......... .......... 58%  122M 0s
  1200K .......... .......... .......... .......... .......... 61% 1.11M 0s
  1250K .......... .......... .......... .......... .......... 63% 88.0M 0s
  1300K .......... .......... .......... .......... .......... 65%  104M 0s
  1350K .......... .......... .......... .......... .......... 68%  132M 0s
  1400K .......... .......... .......... .......... .......... 70%  105M 0s
  1450K .......... .......... .......... .......... .......... 73%  100M 0s
  1500K .......... .......... .......... .......... .......... 75%  113M 0s
  1550K .......... .......... .......... .......... .......... 78%  101M 0s
  1600K .......... .......... .......... .......... .......... 80%  112M 0s
  1650K .......... .......... .......... .......... .......... 83%  189M 0s
  1700K .......... .......... .......... .......... .......... 85% 83.4M 0s
  1750K .......... .......... .......... .......... .......... 87%  124M 0s
  1800K .......... .......... .......... .......... .......... 90%  100M 0s
  1850K .......... .......... .......... .......... .......... 92%  158M 0s
  1900K .......... .......... .......... .......... .......... 95%  118M 0s
  1950K .......... .......... .......... .......... .......... 97% 1.18M 0s
  2000K .......... .......... .......... .......... ........  100%  104M=0.4s

2017-05-01 22:02:57 (4.58 MB/s) - ‘/dev/null’ saved [2097152]

--2017-05-01 22:03:01--  ftp://bks-speedtest-1.tele2.net/2MB.zip
           => ‘/dev/null’
Resolving bks-speedtest-1.tele2.net (bks-speedtest-1.tele2.net)... 90.130.74.113, 2a00:800:1010:9::2
Connecting to bks-speedtest-1.tele2.net (bks-speedtest-1.tele2.net)|90.130.74.113|:21... connected.
Logging in as anonymous ... Logged in!
==> SYST ... done.    ==> PWD ... done.
==> TYPE I ... done.  ==> CWD not needed.
==> SIZE 2MB.zip ... 2097152
==> PASV ... done.    ==> RETR 2MB.zip ... done.
Length: 2097152 (2.0M) (unauthoritative)

     0K .......... .......... .......... .......... ..........  2%  515K 4s
    50K .......... .......... .......... .......... ..........  4% 1.02M 3s
   100K .......... .......... .......... .......... ..........  7% 71.4M 2s
   150K .......... .......... .......... .......... ..........  9% 1.01M 2s
   200K .......... .......... .......... .......... .......... 12%  284M 1s
   250K .......... .......... .......... .......... .......... 14% 34.0M 1s
   300K .......... .......... .......... .......... .......... 17% 1.08M 1s
   350K .......... .......... .......... .......... .......... 19% 50.2M 1s
   400K .......... .......... .......... .......... .......... 21% 88.8M 1s
   450K .......... .......... .......... .......... .......... 24% 48.2M 1s
   500K .......... .......... .......... .......... .......... 26% 94.6M 1s
   550K .......... .......... .......... .......... .......... 29% 1.10M 1s
   600K .......... .......... .......... .......... .......... 31% 35.7M 1s
   650K .......... .......... .......... .......... .......... 34%  103M 1s
   700K .......... .......... .......... .......... .......... 36% 62.6M 1s
   750K .......... .......... .......... .......... .......... 39% 79.3M 0s
   800K .......... .......... .......... .......... .......... 41%  115M 0s
   850K .......... .......... .......... .......... .......... 43%  129M 0s
   900K .......... .......... .......... .......... .......... 46% 1.27M 0s
   950K .......... .......... .......... .......... .......... 48% 7.34M 0s
  1000K .......... .......... .......... .......... .......... 51%  138M 0s
  1050K .......... .......... .......... .......... .......... 53% 81.5M 0s
  1100K .......... .......... .......... .......... .......... 56%  175M 0s
  1150K .......... .......... .......... .......... .......... 58%  202M 0s
  1200K .......... .......... .......... .......... .......... 61% 15.9M 0s
  1250K .......... .......... .......... .......... .......... 63%  420M 0s
  1300K .......... .......... .......... .......... .......... 65%  454M 0s
  1350K .......... .......... .......... .......... .......... 68%  395M 0s
  1400K .......... .......... .......... .......... .......... 70%  459M 0s
  1450K .......... .......... .......... .......... .......... 73%  464M 0s
  1500K .......... .......... .......... .......... .......... 75%  460M 0s
  1550K .......... .......... .......... .......... .......... 78% 1.33M 0s
  1600K .......... .......... .......... .......... .......... 80% 7.15M 0s
  1650K .......... .......... .......... .......... .......... 83%  106M 0s
  1700K .......... .......... .......... .......... .......... 85%  135M 0s
  1750K .......... .......... .......... .......... .......... 87%  114M 0s
  1800K .......... .......... .......... .......... .......... 90% 83.2M 0s
  1850K .......... .......... .......... .......... .......... 92%  218M 0s
  1900K .......... .......... .......... .......... .......... 95% 56.8M 0s
  1950K .......... .......... .......... .......... .......... 97%  135M 0s
  2000K .......... .......... .......... .......... ........  100% 32.9M=0.4s

2017-05-01 22:03:03 (5.12 MB/s) - ‘/dev/null’ saved [2097152]

--2017-05-01 22:03:07--  ftp://bks-speedtest-1.tele2.net/2MB.zip
           => ‘/dev/null’
Resolving bks-speedtest-1.tele2.net (bks-speedtest-1.tele2.net)... 90.130.74.113, 2a00:800:1010:9::2
Connecting to bks-speedtest-1.tele2.net (bks-speedtest-1.tele2.net)|90.130.74.113|:21... connected.
Logging in as anonymous ... Logged in!
==> SYST ... done.    ==> PWD ... done.
==> TYPE I ... done.  ==> CWD not needed.
==> SIZE 2MB.zip ... 2097152
==> PASV ... done.    ==> RETR 2MB.zip ... done.
Length: 2097152 (2.0M) (unauthoritative)

     0K .......... .......... .......... .......... ..........  2%  478K 4s
    50K .......... .......... .......... .......... ..........  4%  990K 3s
   100K .......... .......... .......... .......... ..........  7% 96.3M 2s
   150K .......... .......... .......... .......... ..........  9%  990K 2s
   200K .......... .......... .......... .......... .......... 12% 80.6M 1s
   250K .......... .......... .......... .......... .......... 14% 1003K 1s
   300K .......... .......... .......... .......... .......... 17% 80.7M 1s
   350K .......... .......... .......... .......... .......... 19% 83.0M 1s
   400K .......... .......... .......... .......... .......... 21% 89.7M 1s
   450K .......... .......... .......... .......... .......... 24% 1014K 1s
   500K .......... .......... .......... .......... .......... 26% 63.6M 1s
   550K .......... .......... .......... .......... .......... 29% 78.1M 1s
   600K .......... .......... .......... .......... .......... 31%  147M 1s
   650K .......... .......... .......... .......... .......... 34%  122M 1s
   700K .......... .......... .......... .......... .......... 36%  123M 1s
   750K .......... .......... .......... .......... .......... 39% 1.33M 1s
   800K .......... .......... .......... .......... .......... 41% 4.10M 1s
   850K .......... .......... .......... .......... .......... 43% 84.7M 0s
   900K .......... .......... .......... .......... .......... 46%  141M 0s
   950K .......... .......... .......... .......... .......... 48% 88.6M 0s
  1000K .......... .......... .......... .......... .......... 51% 82.0M 0s
  1050K .......... .......... .......... .......... .......... 53%  209M 0s
  1100K .......... .......... .......... .......... .......... 56%  127M 0s
  1150K .......... .......... .......... .......... .......... 58% 85.0M 0s
  1200K .......... .......... .......... .......... .......... 61%  114M 0s
  1250K .......... .......... .......... .......... .......... 63%  144M 0s
  1300K .......... .......... .......... .......... .......... 65% 1.40M 0s
  1350K .......... .......... .......... .......... .......... 68% 4.08M 0s
  1400K .......... .......... .......... .......... .......... 70% 96.8M 0s
  1450K .......... .......... .......... .......... .......... 73% 70.2M 0s
  1500K .......... .......... .......... .......... .......... 75% 61.1M 0s
  1550K .......... .......... .......... .......... .......... 78%  439M 0s
  1600K .......... .......... .......... .......... .......... 80% 42.9M 0s
  1650K .......... .......... .......... .......... .......... 83%  445M 0s
  1700K .......... .......... .......... .......... .......... 85% 43.5M 0s
  1750K .......... .......... .......... .......... .......... 87%  375M 0s
  1800K .......... .......... .......... .......... .......... 90%  448M 0s
  1850K .......... .......... .......... .......... .......... 92% 35.3M 0s
  1900K .......... .......... .......... .......... .......... 95%  386M 0s
  1950K .......... .......... .......... .......... .......... 97%  216M 0s
  2000K .......... .......... .......... .......... ........  100%  421M=0.4s

2017-05-01 22:03:08 (4.81 MB/s) - ‘/dev/null’ saved [2097152]

--2017-05-01 22:03:12--  ftp://bks-speedtest-1.tele2.net/2MB.zip
           => ‘/dev/null’
Resolving bks-speedtest-1.tele2.net (bks-speedtest-1.tele2.net)... 90.130.74.113, 2a00:800:1010:9::2
Connecting to bks-speedtest-1.tele2.net (bks-speedtest-1.tele2.net)|90.130.74.113|:21... connected.
Logging in as anonymous ... Logged in!
==> SYST ... done.    ==> PWD ... done.
==> TYPE I ... done.  ==> CWD not needed.
==> SIZE 2MB.zip ... 2097152
==> PASV ... done.    ==> RETR 2MB.zip ... done.
Length: 2097152 (2.0M) (unauthoritative)

     0K .......... .......... .......... .......... ..........  2%  545K 4s
    50K .......... .......... .......... .......... ..........  4% 1.03M 3s
   100K .......... .......... .......... .......... ..........  7%  109M 2s
   150K .......... .......... .......... .......... ..........  9% 1.05M 2s
   200K .......... .......... .......... .......... .......... 12% 91.4M 1s
   250K .......... .......... .......... .......... .......... 14% 1.04M 1s
   300K .......... .......... .......... .......... .......... 17% 89.7M 1s
   350K .......... .......... .......... .......... .......... 19%  164M 1s
   400K .......... .......... .......... .......... .......... 21%  361M 1s
   450K .......... .......... .......... .......... .......... 24% 1.08M 1s
   500K .......... .......... .......... .......... .......... 26% 7.68M 1s
   550K .......... .......... .......... .......... .......... 29%  326M 1s
   600K .......... .......... .......... .......... .......... 31%  373M 1s
   650K .......... .......... .......... .......... .......... 34%  376M 1s
   700K .......... .......... .......... .......... .......... 36% 1.21M 1s
   750K .......... .......... .......... .......... .......... 39%  130M 1s
   800K .......... .......... .......... .......... .......... 41% 54.5M 0s
   850K .......... .......... .......... .......... .......... 43%  104M 0s
   900K .......... .......... .......... .......... .......... 46%  122M 0s
   950K .......... .......... .......... .......... .......... 48%  129M 0s
  1000K .......... .......... .......... .......... .......... 51% 13.7M 0s
  1050K .......... .......... .......... .......... .......... 53% 51.5M 0s
  1100K .......... .......... .......... .......... .......... 56% 1.14M 0s
  1150K .......... .......... .......... .......... .......... 58%  109M 0s
  1200K .......... .......... .......... .......... .......... 61%  205M 0s
  1250K .......... .......... .......... .......... .......... 63%  408M 0s
  1300K .......... .......... .......... .......... .......... 65%  444M 0s
  1350K .......... .......... .......... .......... .......... 68%  167M 0s
  1400K .......... .......... .......... .......... .......... 70%  343M 0s
  1450K .......... .......... .......... .......... .......... 73%  448M 0s
  1500K .......... .......... .......... .......... .......... 75%  457M 0s
  1550K .......... .......... .......... .......... .......... 78% 21.8M 0s
  1600K .......... .......... .......... .......... .......... 80% 1.22M 0s
  1650K .......... .......... .......... .......... .......... 83% 30.5M 0s
  1700K .......... .......... .......... .......... .......... 85% 83.7M 0s
  1750K .......... .......... .......... .......... .......... 87%  119M 0s
  1800K .......... .......... .......... .......... .......... 90%  104M 0s
  1850K .......... .......... .......... .......... .......... 92%  161M 0s
  1900K .......... .......... .......... .......... .......... 95%  102M 0s
  1950K .......... .......... .......... .......... .......... 97%  123M 0s
  2000K .......... .......... .......... .......... ........  100% 91.2M=0.4s

2017-05-01 22:03:13 (4.70 MB/s) - ‘/dev/null’ saved [2097152]

--2017-05-01 22:03:17--  ftp://bks-speedtest-1.tele2.net/2MB.zip
           => ‘/dev/null’
Resolving bks-speedtest-1.tele2.net (bks-speedtest-1.tele2.net)... 90.130.74.113, 2a00:800:1010:9::2
Connecting to bks-speedtest-1.tele2.net (bks-speedtest-1.tele2.net)|90.130.74.113|:21... connected.
Logging in as anonymous ... Logged in!
==> SYST ... done.    ==> PWD ... done.
==> TYPE I ... done.  ==> CWD not needed.
==> SIZE 2MB.zip ... 2097152
==> PASV ... done.    ==> RETR 2MB.zip ... done.
Length: 2097152 (2.0M) (unauthoritative)

     0K .......... .......... .......... .......... ..........  2%  509K 4s
    50K .......... .......... .......... .......... ..........  4% 1016K 3s
   100K .......... .......... .......... .......... ..........  7%  109M 2s
   150K .......... .......... .......... .......... ..........  9% 1023K 2s
   200K .......... .......... .......... .......... .......... 12%  110M 1s
   250K .......... .......... .......... .......... .......... 14% 1022K 1s
   300K .......... .......... .......... .......... .......... 17% 95.3M 1s
   350K .......... .......... .......... .......... .......... 19% 1.23M 1s
   400K .......... .......... .......... .......... .......... 21% 5.50M 1s
   450K .......... .......... .......... .......... .......... 24% 48.3M 1s
   500K .......... .......... .......... .......... .......... 26%  323M 1s
   550K .......... .......... .......... .......... .......... 29% 1.25M 1s
   600K .......... .......... .......... .......... .......... 31% 5.61M 1s
   650K .......... .......... .......... .......... .......... 34% 55.3M 1s
   700K .......... .......... .......... .......... .......... 36%  103M 1s
   750K .......... .......... .......... .......... .......... 39% 88.6M 1s
   800K .......... .......... .......... .......... .......... 41%  210M 0s
   850K .......... .......... .......... .......... .......... 43% 1.28M 0s
   900K .......... .......... .......... .......... .......... 46% 76.9M 0s
   950K .......... .......... .......... .......... .......... 48% 95.5M 0s
  1000K .......... .......... .......... .......... .......... 51% 5.92M 0s
  1050K .......... .......... .......... .......... .......... 53% 90.9M 0s
  1100K .......... .......... .......... .......... .......... 56% 98.6M 0s
  1150K .......... .......... .......... .......... .......... 58%  132M 0s
  1200K .......... .......... .......... .......... .......... 61% 28.4M 0s
  1250K .......... .......... .......... .......... .......... 63%  228M 0s
  1300K .......... .......... .......... .......... .......... 65%  383M 0s
  1350K .......... .......... .......... .......... .......... 68%  334M 0s
  1400K .......... .......... .......... .......... .......... 70% 1.32M 0s
  1450K .......... .......... .......... .......... .......... 73% 68.1M 0s
  1500K .......... .......... .......... .......... .......... 75% 6.14M 0s
  1550K .......... .......... .......... .......... .......... 78%  117M 0s
  1600K .......... .......... .......... .......... .......... 80%  271M 0s
  1650K .......... .......... .......... .......... .......... 83%  149M 0s
  1700K .......... .......... .......... .......... .......... 85%  140M 0s
  1750K .......... .......... .......... .......... .......... 87%  115M 0s
  1800K .......... .......... .......... .......... .......... 90% 90.0M 0s
  1850K .......... .......... .......... .......... .......... 92%  104M 0s
  1900K .......... .......... .......... .......... .......... 95%  119M 0s
  1950K .......... .......... .......... .......... .......... 97%  124M 0s
  2000K .......... .......... .......... .......... ........  100%  124M=0.4s

2017-05-01 22:03:19 (4.47 MB/s) - ‘/dev/null’ saved [2097152]

--2017-05-01 22:03:22--  ftp://bks-speedtest-1.tele2.net/2MB.zip
           => ‘/dev/null’
Resolving bks-speedtest-1.tele2.net (bks-speedtest-1.tele2.net)... 90.130.74.113, 2a00:800:1010:9::2
Connecting to bks-speedtest-1.tele2.net (bks-speedtest-1.tele2.net)|90.130.74.113|:21... connected.
Logging in as anonymous ... Logged in!
==> SYST ... done.    ==> PWD ... done.
==> TYPE I ... done.  ==> CWD not needed.
==> SIZE 2MB.zip ... 2097152
==> PASV ... done.    ==> RETR 2MB.zip ... done.
Length: 2097152 (2.0M) (unauthoritative)

     0K .......... .......... .......... .......... ..........  2%  515K 4s
    50K .......... .......... .......... .......... ..........  4% 1.02M 3s
   100K .......... .......... .......... .......... ..........  7%  106M 2s
   150K .......... .......... .......... .......... ..........  9% 1.02M 2s
   200K .......... .......... .......... .......... .......... 12% 83.9M 1s
   250K .......... .......... .......... .......... .......... 14% 1.02M 1s
   300K .......... .......... .......... .......... .......... 17% 63.1M 1s
   350K .......... .......... .......... .......... .......... 19%  157M 1s
   400K .......... .......... .......... .......... .......... 21% 1.26M 1s
   450K .......... .......... .......... .......... .......... 24% 5.74M 1s
   500K .......... .......... .......... .......... .......... 26% 61.6M 1s
   550K .......... .......... .......... .......... .......... 29% 1.26M 1s
   600K .......... .......... .......... .......... .......... 31% 5.82M 1s
   650K .......... .......... .......... .......... .......... 34% 61.5M 1s
   700K .......... .......... .......... .......... .......... 36% 79.0M 1s
   750K .......... .......... .......... .......... .......... 39% 1.28M 1s
   800K .......... .......... .......... .......... .......... 41% 50.1M 1s
   850K .......... .......... .......... .......... .......... 43%  276M 0s
   900K .......... .......... .......... .......... .......... 46% 6.19M 0s
   950K .......... .......... .......... .......... .......... 48% 88.8M 0s
  1000K .......... .......... .......... .......... .......... 51%  115M 0s
  1050K .......... .......... .......... .......... .......... 53% 86.0M 0s
  1100K .......... .......... .......... .......... .......... 56%  113M 0s
  1150K .......... .......... .......... .......... .......... 58% 1.30M 0s
  1200K .......... .......... .......... .......... .......... 61% 81.3M 0s
  1250K .......... .......... .......... .......... .......... 63% 64.5M 0s
  1300K .......... .......... .......... .......... .......... 65%  145M 0s
  1350K .......... .......... .......... .......... .......... 68% 6.90M 0s
  1400K .......... .......... .......... .......... .......... 70% 66.9M 0s
  1450K .......... .......... .......... .......... .......... 73%  111M 0s
  1500K .......... .......... .......... .......... .......... 75%  110M 0s
  1550K .......... .......... .......... .......... .......... 78% 75.9M 0s
  1600K .......... .......... .......... .......... .......... 80%  119M 0s
  1650K .......... .......... .......... .......... .......... 83%  104M 0s
  1700K .......... .......... .......... .......... .......... 85%  244M 0s
  1750K .......... .......... .......... .......... .......... 87% 1.34M 0s
  1800K .......... .......... .......... .......... .......... 90%  126M 0s
  1850K .......... .......... .......... .......... .......... 92% 71.8M 0s
  1900K .......... .......... .......... .......... .......... 95%  150M 0s
  1950K .......... .......... .......... .......... .......... 97%  109M 0s
  2000K .......... .......... .......... .......... ........  100%  159M=0.5s

2017-05-01 22:03:23 (4.20 MB/s) - ‘/dev/null’ saved [2097152]

