Fri 28 Apr 18:03:24 BST 2017
--- 37.252.251.19 ping statistics ---
100 packets transmitted, 100 received, 0% packet loss, time 99104ms
rtt min/avg/max/mdev = 215.690/216.935/220.072/0.788 ms


Sat 29 Apr 00:03:25 BST 2017
--- 37.252.251.19 ping statistics ---
100 packets transmitted, 100 received, 0% packet loss, time 99682ms
rtt min/avg/max/mdev = 0.000/213.769/216.886/21.490 ms


Sat 29 Apr 06:03:24 BST 2017
--- 37.252.251.19 ping statistics ---
100 packets transmitted, 100 received, 0% packet loss, time 99089ms
rtt min/avg/max/mdev = 215.646/220.253/223.286/1.405 ms


Sat 29 Apr 12:03:27 BST 2017
--- 37.252.251.19 ping statistics ---
100 packets transmitted, 100 received, 0% packet loss, time 99130ms
rtt min/avg/max/mdev = 51.668/209.531/226.252/35.091 ms


Sat 29 Apr 18:03:27 BST 2017
--- 37.252.251.19 ping statistics ---
100 packets transmitted, 100 received, 0% packet loss, time 99176ms
rtt min/avg/max/mdev = 28.722/190.116/226.827/68.950 ms


Sun 30 Apr 00:03:24 BST 2017
--- 37.252.251.19 ping statistics ---
100 packets transmitted, 100 received, 0% packet loss, time 99065ms
rtt min/avg/max/mdev = 132.409/218.360/224.870/12.191 ms


Sun 30 Apr 06:03:25 BST 2017
--- 37.252.251.19 ping statistics ---
100 packets transmitted, 100 received, 0% packet loss, time 99078ms
rtt min/avg/max/mdev = 215.574/216.006/219.092/0.584 ms


Sun 30 Apr 12:03:24 BST 2017
--- 37.252.251.19 ping statistics ---
100 packets transmitted, 100 received, 0% packet loss, time 99022ms
rtt min/avg/max/mdev = 215.483/215.631/216.039/0.320 ms


Sun 30 Apr 18:09:35 BST 2017
--- 37.252.251.19 ping statistics ---
100 packets transmitted, 100 received, 0% packet loss, time 99142ms
rtt min/avg/max/mdev = 127.748/207.163/221.989/31.594 ms


Mon  1 May 00:03:31 BST 2017
--- 37.252.251.19 ping statistics ---
100 packets transmitted, 100 received, 0% packet loss, time 99617ms
rtt min/avg/max/mdev = 0.000/213.832/218.081/21.514 ms


Mon  1 May 06:03:27 BST 2017
--- 37.252.251.19 ping statistics ---
100 packets transmitted, 100 received, 0% packet loss, time 99175ms
rtt min/avg/max/mdev = 215.798/223.906/230.394/2.063 ms


Mon  1 May 12:03:27 BST 2017
--- 37.252.251.19 ping statistics ---
100 packets transmitted, 100 received, 0% packet loss, time 99176ms
rtt min/avg/max/mdev = 130.784/202.147/220.843/35.082 ms


Mon  1 May 18:03:26 BST 2017
--- 37.252.251.19 ping statistics ---
100 packets transmitted, 100 received, 0% packet loss, time 99884ms
rtt min/avg/max/mdev = 0.000/213.715/216.746/21.487 ms


Tue  2 May 00:03:27 BST 2017
--- 37.252.251.19 ping statistics ---
100 packets transmitted, 100 received, 0% packet loss, time 99173ms
rtt min/avg/max/mdev = 58.753/193.210/336.317/66.658 ms


Tue  2 May 06:03:25 BST 2017
--- 37.252.251.19 ping statistics ---
100 packets transmitted, 100 received, 0% packet loss, time 99112ms
rtt min/avg/max/mdev = 218.321/219.309/220.398/0.914 ms


Tue  2 May 12:03:26 BST 2017
--- 37.252.251.19 ping statistics ---
100 packets transmitted, 100 received, 0% packet loss, time 99128ms
rtt min/avg/max/mdev = 201.956/213.603/225.818/5.756 ms


Tue  2 May 18:03:26 BST 2017
--- 37.252.251.19 ping statistics ---
100 packets transmitted, 100 received, 0% packet loss, time 99103ms
rtt min/avg/max/mdev = 215.604/217.181/231.628/1.951 ms


Wed  3 May 00:03:30 BST 2017
--- 37.252.251.19 ping statistics ---
100 packets transmitted, 99 received, 1% packet loss, time 99132ms
rtt min/avg/max/mdev = 215.760/218.775/225.122/1.597 ms


Wed  3 May 06:03:27 BST 2017
--- 37.252.251.19 ping statistics ---
100 packets transmitted, 100 received, 0% packet loss, time 99021ms
rtt min/avg/max/mdev = 216.013/216.360/217.092/0.655 ms


Wed  3 May 12:03:26 BST 2017
--- 37.252.251.19 ping statistics ---
100 packets transmitted, 100 received, 0% packet loss, time 99100ms
rtt min/avg/max/mdev = 215.646/217.894/220.346/0.982 ms


Wed  3 May 18:03:26 BST 2017
--- 37.252.251.19 ping statistics ---
100 packets transmitted, 100 received, 0% packet loss, time 99147ms
rtt min/avg/max/mdev = 137.262/203.596/221.500/32.178 ms


Thu  4 May 00:03:29 BST 2017
--- 37.252.251.19 ping statistics ---
100 packets transmitted, 100 received, 0% packet loss, time 99094ms
rtt min/avg/max/mdev = 215.656/216.300/218.856/0.602 ms


