Tue  4 Apr 06:18:22 BST 2017
--- www.karibcable.com ping statistics ---
100 packets transmitted, 100 received, 0% packet loss, time 99331ms
rtt min/avg/max/mdev = 156.687/158.574/160.481/0.979 ms


Tue  4 Apr 12:18:24 BST 2017
--- www.karibcable.com ping statistics ---
100 packets transmitted, 100 received, 0% packet loss, time 99051ms
rtt min/avg/max/mdev = 122.069/156.594/157.901/4.883 ms


Tue  4 Apr 18:18:26 BST 2017
--- www.karibcable.com ping statistics ---
100 packets transmitted, 100 received, 0% packet loss, time 99099ms
rtt min/avg/max/mdev = 156.101/156.436/158.709/0.307 ms


Wed  5 Apr 00:18:25 BST 2017
--- www.karibcable.com ping statistics ---
100 packets transmitted, 100 received, 0% packet loss, time 99335ms
rtt min/avg/max/mdev = 154.231/158.564/162.976/1.329 ms


Wed  5 Apr 06:18:21 BST 2017
--- www.karibcable.com ping statistics ---
100 packets transmitted, 100 received, 0% packet loss, time 99137ms
rtt min/avg/max/mdev = 164.371/165.526/166.275/0.740 ms


Wed  5 Apr 12:18:28 BST 2017
--- www.karibcable.com ping statistics ---
100 packets transmitted, 100 received, 0% packet loss, time 113194ms
rtt min/avg/max/mdev = 164.259/164.672/176.643/1.239 ms


Wed  5 Apr 18:18:29 BST 2017
--- www.karibcable.com ping statistics ---
100 packets transmitted, 100 received, 0% packet loss, time 113298ms
rtt min/avg/max/mdev = 167.411/168.728/176.260/1.179 ms


Thu  6 Apr 00:18:25 BST 2017
--- www.karibcable.com ping statistics ---
100 packets transmitted, 100 received, 0% packet loss, time 113284ms
rtt min/avg/max/mdev = 173.121/184.736/191.079/4.386 ms


Thu  6 Apr 06:18:22 BST 2017
--- www.karibcable.com ping statistics ---
100 packets transmitted, 100 received, 0% packet loss, time 113252ms
rtt min/avg/max/mdev = 156.021/156.397/157.281/0.584 ms


Thu  6 Apr 12:18:26 BST 2017
--- www.karibcable.com ping statistics ---
100 packets transmitted, 100 received, 0% packet loss, time 113159ms
rtt min/avg/max/mdev = 156.206/159.594/161.517/1.657 ms


Thu  6 Apr 18:18:26 BST 2017
--- www.karibcable.com ping statistics ---
100 packets transmitted, 100 received, 0% packet loss, time 113251ms
rtt min/avg/max/mdev = 156.153/157.060/161.888/0.645 ms


Fri  7 Apr 00:18:27 BST 2017
--- www.karibcable.com ping statistics ---
100 packets transmitted, 100 received, 0% packet loss, time 113183ms
rtt min/avg/max/mdev = 156.303/160.874/173.197/4.009 ms


Fri  7 Apr 06:18:22 BST 2017
--- www.karibcable.com ping statistics ---
100 packets transmitted, 99 received, 1% packet loss, time 99174ms
rtt min/avg/max/mdev = 158.740/160.083/176.956/1.917 ms


Fri  7 Apr 12:18:25 BST 2017
--- www.karibcable.com ping statistics ---
100 packets transmitted, 100 received, 0% packet loss, time 99166ms
rtt min/avg/max/mdev = 125.737/150.508/156.320/10.788 ms


Fri  7 Apr 18:18:31 BST 2017
--- www.karibcable.com ping statistics ---
100 packets transmitted, 100 received, 0% packet loss, time 99083ms
rtt min/avg/max/mdev = 154.744/155.173/162.791/0.956 ms


Sat  8 Apr 00:18:25 BST 2017
--- www.karibcable.com ping statistics ---
100 packets transmitted, 100 received, 0% packet loss, time 99116ms
rtt min/avg/max/mdev = 156.564/158.028/159.422/0.678 ms


Sat  8 Apr 06:18:24 BST 2017
--- www.karibcable.com ping statistics ---
100 packets transmitted, 100 received, 0% packet loss, time 99076ms
rtt min/avg/max/mdev = 154.694/154.927/155.320/0.424 ms


Sat  8 Apr 12:18:26 BST 2017
--- www.karibcable.com ping statistics ---
100 packets transmitted, 100 received, 0% packet loss, time 99041ms
rtt min/avg/max/mdev = 152.775/153.048/153.422/0.450 ms


Sat  8 Apr 18:18:20 BST 2017
--- www.karibcable.com ping statistics ---
100 packets transmitted, 100 received, 0% packet loss, time 99196ms
rtt min/avg/max/mdev = 47.268/138.541/157.479/35.914 ms


Sun  9 Apr 00:18:20 BST 2017
--- www.karibcable.com ping statistics ---
100 packets transmitted, 100 received, 0% packet loss, time 99692ms
rtt min/avg/max/mdev = 152.269/153.060/157.275/0.858 ms


Sun  9 Apr 06:18:21 BST 2017
--- www.karibcable.com ping statistics ---
100 packets transmitted, 100 received, 0% packet loss, time 99155ms
rtt min/avg/max/mdev = 154.770/158.540/174.284/2.213 ms


Sun  9 Apr 12:18:20 BST 2017
--- www.karibcable.com ping statistics ---
100 packets transmitted, 100 received, 0% packet loss, time 99142ms
rtt min/avg/max/mdev = 154.304/155.269/156.295/0.758 ms


Sun  9 Apr 18:18:21 BST 2017
--- www.karibcable.com ping statistics ---
100 packets transmitted, 100 received, 0% packet loss, time 99826ms
rtt min/avg/max/mdev = 0.000/151.696/192.932/15.771 ms


Mon 10 Apr 00:18:21 BST 2017
--- www.karibcable.com ping statistics ---
100 packets transmitted, 100 received, 0% packet loss, time 99316ms
rtt min/avg/max/mdev = 0.000/166.826/187.435/45.951 ms


Mon 10 Apr 06:18:19 BST 2017
--- www.karibcable.com ping statistics ---
100 packets transmitted, 100 received, 0% packet loss, time 99097ms
rtt min/avg/max/mdev = 63.561/138.444/156.397/33.871 ms


Mon 10 Apr 12:18:24 BST 2017
--- www.karibcable.com ping statistics ---
100 packets transmitted, 100 received, 0% packet loss, time 99098ms
rtt min/avg/max/mdev = 152.192/153.667/267.979/11.500 ms


Mon 10 Apr 18:18:24 BST 2017
--- www.karibcable.com ping statistics ---
100 packets transmitted, 100 received, 0% packet loss, time 99182ms
rtt min/avg/max/mdev = 152.676/157.582/161.297/2.237 ms


Tue 11 Apr 00:18:21 BST 2017
--- www.karibcable.com ping statistics ---
100 packets transmitted, 100 received, 0% packet loss, time 99136ms
rtt min/avg/max/mdev = 154.528/155.429/156.977/0.585 ms


Tue 11 Apr 06:18:23 BST 2017
--- www.karibcable.com ping statistics ---
100 packets transmitted, 100 received, 0% packet loss, time 99102ms
rtt min/avg/max/mdev = 152.576/154.000/264.491/11.110 ms


Tue 11 Apr 12:18:23 BST 2017
--- www.karibcable.com ping statistics ---
100 packets transmitted, 100 received, 0% packet loss, time 99176ms
rtt min/avg/max/mdev = 156.443/157.884/159.597/1.015 ms


Tue 11 Apr 18:18:21 BST 2017
--- www.karibcable.com ping statistics ---
100 packets transmitted, 100 received, 0% packet loss, time 99184ms
rtt min/avg/max/mdev = 154.590/155.410/156.373/0.728 ms


Wed 12 Apr 00:18:21 BST 2017
--- www.karibcable.com ping statistics ---
100 packets transmitted, 100 received, 0% packet loss, time 99032ms
rtt min/avg/max/mdev = 152.848/153.496/175.845/2.327 ms


Wed 12 Apr 06:18:22 BST 2017
--- www.karibcable.com ping statistics ---
100 packets transmitted, 100 received, 0% packet loss, time 99201ms
rtt min/avg/max/mdev = 152.875/157.900/161.324/1.247 ms


Wed 12 Apr 12:18:22 BST 2017
--- www.karibcable.com ping statistics ---
100 packets transmitted, 100 received, 0% packet loss, time 99128ms
rtt min/avg/max/mdev = 152.813/154.651/155.692/0.981 ms


Wed 12 Apr 18:18:24 BST 2017
--- www.karibcable.com ping statistics ---
100 packets transmitted, 100 received, 0% packet loss, time 99110ms
rtt min/avg/max/mdev = 152.834/153.481/188.394/3.528 ms


Thu 13 Apr 00:18:23 BST 2017
--- www.karibcable.com ping statistics ---
100 packets transmitted, 100 received, 0% packet loss, time 99227ms
rtt min/avg/max/mdev = 152.865/157.339/160.593/2.210 ms


Thu 13 Apr 06:18:19 BST 2017
--- www.karibcable.com ping statistics ---
100 packets transmitted, 100 received, 0% packet loss, time 99156ms
rtt min/avg/max/mdev = 154.304/154.938/155.706/0.674 ms


Thu 13 Apr 12:18:20 BST 2017
--- www.karibcable.com ping statistics ---
100 packets transmitted, 100 received, 0% packet loss, time 99055ms
rtt min/avg/max/mdev = 154.689/156.420/280.295/12.596 ms


Thu 13 Apr 18:18:20 BST 2017
--- www.karibcable.com ping statistics ---
100 packets transmitted, 100 received, 0% packet loss, time 99231ms
rtt min/avg/max/mdev = 6.732/131.030/161.513/58.658 ms


Fri 14 Apr 00:18:21 BST 2017
--- www.karibcable.com ping statistics ---
100 packets transmitted, 100 received, 0% packet loss, time 99177ms
rtt min/avg/max/mdev = 155.988/156.791/158.279/0.610 ms


Fri 14 Apr 06:18:19 BST 2017
--- www.karibcable.com ping statistics ---
100 packets transmitted, 100 received, 0% packet loss, time 99111ms
rtt min/avg/max/mdev = 151.095/154.553/156.004/1.098 ms


Fri 14 Apr 12:18:21 BST 2017
--- www.karibcable.com ping statistics ---
100 packets transmitted, 100 received, 0% packet loss, time 99213ms
rtt min/avg/max/mdev = 5.938/156.240/161.168/21.402 ms


Fri 14 Apr 18:18:21 BST 2017
--- www.karibcable.com ping statistics ---
100 packets transmitted, 100 received, 0% packet loss, time 99121ms
rtt min/avg/max/mdev = 154.814/156.566/158.335/0.758 ms


Sat 15 Apr 00:18:20 BST 2017
--- www.karibcable.com ping statistics ---
100 packets transmitted, 99 received, 1% packet loss, time 99136ms
rtt min/avg/max/mdev = 152.366/155.076/157.005/1.202 ms


Sat 15 Apr 06:18:21 BST 2017
--- www.karibcable.com ping statistics ---
100 packets transmitted, 100 received, 0% packet loss, time 99297ms
rtt min/avg/max/mdev = 34.425/151.481/161.144/29.329 ms


Sat 15 Apr 12:18:23 BST 2017
--- www.karibcable.com ping statistics ---
100 packets transmitted, 100 received, 0% packet loss, time 99123ms
rtt min/avg/max/mdev = 118.109/155.564/156.604/3.815 ms


Sat 15 Apr 18:18:22 BST 2017
--- www.karibcable.com ping statistics ---
100 packets transmitted, 100 received, 0% packet loss, time 99089ms
rtt min/avg/max/mdev = 154.745/155.173/157.260/0.660 ms


Sun 16 Apr 00:18:20 BST 2017
--- www.karibcable.com ping statistics ---
100 packets transmitted, 100 received, 0% packet loss, time 99176ms
rtt min/avg/max/mdev = 157.797/159.241/161.756/0.912 ms


Sun 16 Apr 06:18:19 BST 2017
--- www.karibcable.com ping statistics ---
100 packets transmitted, 100 received, 0% packet loss, time 99023ms
rtt min/avg/max/mdev = 154.823/156.053/157.140/0.706 ms


Sun 16 Apr 12:18:20 BST 2017
--- www.karibcable.com ping statistics ---
100 packets transmitted, 100 received, 0% packet loss, time 99094ms
rtt min/avg/max/mdev = 154.758/154.972/155.355/0.291 ms


Sun 16 Apr 18:18:19 BST 2017
--- www.karibcable.com ping statistics ---
100 packets transmitted, 100 received, 0% packet loss, time 99201ms
rtt min/avg/max/mdev = 154.786/158.537/161.152/1.840 ms


Mon 17 Apr 00:18:18 BST 2017
--- www.karibcable.com ping statistics ---
100 packets transmitted, 100 received, 0% packet loss, time 99134ms
rtt min/avg/max/mdev = 154.934/156.363/168.862/1.782 ms


Mon 17 Apr 06:18:19 BST 2017
--- www.karibcable.com ping statistics ---
100 packets transmitted, 100 received, 0% packet loss, time 99102ms
rtt min/avg/max/mdev = 154.725/154.968/155.279/0.531 ms


Mon 17 Apr 12:18:19 BST 2017
--- www.karibcable.com ping statistics ---
100 packets transmitted, 100 received, 0% packet loss, time 99174ms
rtt min/avg/max/mdev = 157.547/158.655/159.840/0.782 ms


Mon 17 Apr 18:18:19 BST 2017
--- www.karibcable.com ping statistics ---
100 packets transmitted, 100 received, 0% packet loss, time 99080ms
rtt min/avg/max/mdev = 154.831/155.674/156.709/0.657 ms


Tue 18 Apr 00:18:24 BST 2017
--- www.karibcable.com ping statistics ---
100 packets transmitted, 99 received, 1% packet loss, time 99099ms
rtt min/avg/max/mdev = 151.274/151.902/153.566/0.635 ms


Tue 18 Apr 06:18:18 BST 2017
--- www.karibcable.com ping statistics ---
100 packets transmitted, 100 received, 0% packet loss, time 99221ms
rtt min/avg/max/mdev = 151.227/154.454/156.700/1.619 ms


Tue 18 Apr 12:18:23 BST 2017
--- www.karibcable.com ping statistics ---
100 packets transmitted, 100 received, 0% packet loss, time 99145ms
rtt min/avg/max/mdev = 151.829/152.328/153.510/0.491 ms


Tue 18 Apr 18:18:20 BST 2017
--- www.karibcable.com ping statistics ---
100 packets transmitted, 100 received, 0% packet loss, time 99027ms
rtt min/avg/max/mdev = 151.263/151.566/152.127/0.535 ms


Wed 19 Apr 00:18:19 BST 2017
--- www.karibcable.com ping statistics ---
100 packets transmitted, 99 received, 1% packet loss, time 99132ms
rtt min/avg/max/mdev = 151.126/154.143/156.539/1.506 ms


Wed 19 Apr 06:17:00 BST 2017
--- www.karibcable.com ping statistics ---
100 packets transmitted, 100 received, 0% packet loss, time 99122ms
rtt min/avg/max/mdev = 148.451/150.801/152.074/1.038 ms


Wed 19 Apr 12:18:34 BST 2017
--- www.karibcable.com ping statistics ---
100 packets transmitted, 100 received, 0% packet loss, time 99400ms
rtt min/avg/max/mdev = 150.946/151.193/151.708/0.518 ms


Wed 19 Apr 18:18:28 BST 2017
--- www.karibcable.com ping statistics ---
100 packets transmitted, 100 received, 0% packet loss, time 99142ms
rtt min/avg/max/mdev = 151.047/154.407/206.410/5.404 ms


Thu 20 Apr 00:18:24 BST 2017
--- www.karibcable.com ping statistics ---
100 packets transmitted, 99 received, 1% packet loss, time 99807ms
rtt min/avg/max/mdev = 0.000/150.598/157.095/15.313 ms


Thu 20 Apr 06:18:23 BST 2017
--- www.karibcable.com ping statistics ---
100 packets transmitted, 100 received, 0% packet loss, time 99359ms
rtt min/avg/max/mdev = 151.021/156.082/159.045/2.599 ms


Thu 20 Apr 12:18:23 BST 2017
--- www.karibcable.com ping statistics ---
100 packets transmitted, 100 received, 0% packet loss, time 99192ms
rtt min/avg/max/mdev = 47.278/134.955/325.668/43.468 ms


Thu 20 Apr 18:18:26 BST 2017
--- www.karibcable.com ping statistics ---
100 packets transmitted, 100 received, 0% packet loss, time 99099ms
rtt min/avg/max/mdev = 146.866/156.178/747.331/59.426 ms


Fri 21 Apr 00:18:21 BST 2017
--- www.karibcable.com ping statistics ---
100 packets transmitted, 99 received, 1% packet loss, time 99255ms
rtt min/avg/max/mdev = 0.000/129.085/159.408/58.799 ms


Fri 21 Apr 06:18:18 BST 2017
--- www.karibcable.com ping statistics ---
100 packets transmitted, 100 received, 0% packet loss, time 99155ms
rtt min/avg/max/mdev = 147.190/154.397/304.990/16.657 ms


Fri 21 Apr 12:18:23 BST 2017
--- www.karibcable.com ping statistics ---
100 packets transmitted, 0 received, 100% packet loss, time 100312ms



Fri 21 Apr 18:18:24 BST 2017
--- www.karibcable.com ping statistics ---
100 packets transmitted, 100 received, 0% packet loss, time 99138ms
rtt min/avg/max/mdev = 148.967/156.240/160.460/2.715 ms


Sat 22 Apr 00:18:22 BST 2017
--- www.karibcable.com ping statistics ---
100 packets transmitted, 100 received, 0% packet loss, time 99126ms
rtt min/avg/max/mdev = 149.095/154.215/157.248/1.656 ms


Sat 22 Apr 06:18:25 BST 2017
--- www.karibcable.com ping statistics ---
100 packets transmitted, 100 received, 0% packet loss, time 99814ms
rtt min/avg/max/mdev = 0.000/150.276/154.085/15.150 ms


Sat 22 Apr 12:18:20 BST 2017
--- www.karibcable.com ping statistics ---
100 packets transmitted, 100 received, 0% packet loss, time 99072ms
rtt min/avg/max/mdev = 0.000/150.119/160.346/30.692 ms


Sat 22 Apr 18:18:20 BST 2017
--- www.karibcable.com ping statistics ---
100 packets transmitted, 100 received, 0% packet loss, time 99133ms
rtt min/avg/max/mdev = 150.733/154.115/159.268/1.449 ms


Sun 23 Apr 00:18:24 BST 2017
--- www.karibcable.com ping statistics ---
100 packets transmitted, 100 received, 0% packet loss, time 99803ms
rtt min/avg/max/mdev = 0.000/151.422/181.690/15.969 ms


Sun 23 Apr 06:18:25 BST 2017
--- www.karibcable.com ping statistics ---
100 packets transmitted, 100 received, 0% packet loss, time 99206ms
rtt min/avg/max/mdev = 149.100/156.156/160.870/2.620 ms


Sun 23 Apr 12:18:20 BST 2017
--- www.karibcable.com ping statistics ---
100 packets transmitted, 100 received, 0% packet loss, time 99076ms
rtt min/avg/max/mdev = 151.077/153.685/156.996/1.251 ms


Sun 23 Apr 18:18:29 BST 2017
--- www.karibcable.com ping statistics ---
100 packets transmitted, 100 received, 0% packet loss, time 99099ms
rtt min/avg/max/mdev = 148.958/152.066/161.825/1.709 ms


Mon 24 Apr 00:18:23 BST 2017
--- www.karibcable.com ping statistics ---
100 packets transmitted, 100 received, 0% packet loss, time 99138ms
rtt min/avg/max/mdev = 150.738/157.366/214.480/8.363 ms


Mon 24 Apr 06:18:19 BST 2017
--- www.karibcable.com ping statistics ---
100 packets transmitted, 100 received, 0% packet loss, time 99248ms
rtt min/avg/max/mdev = 148.936/153.228/156.200/1.326 ms


Mon 24 Apr 12:18:27 BST 2017
--- www.karibcable.com ping statistics ---
100 packets transmitted, 100 received, 0% packet loss, time 99098ms
rtt min/avg/max/mdev = 147.039/149.935/152.070/1.101 ms


Mon 24 Apr 18:18:25 BST 2017
--- www.karibcable.com ping statistics ---
100 packets transmitted, 100 received, 0% packet loss, time 99058ms
rtt min/avg/max/mdev = 150.373/155.582/286.854/13.282 ms


Tue 25 Apr 00:18:23 BST 2017
--- www.karibcable.com ping statistics ---
100 packets transmitted, 100 received, 0% packet loss, time 99162ms
rtt min/avg/max/mdev = 148.513/151.725/154.293/1.243 ms


Tue 25 Apr 06:18:19 BST 2017
--- www.karibcable.com ping statistics ---
100 packets transmitted, 100 received, 0% packet loss, time 99108ms
rtt min/avg/max/mdev = 146.882/149.567/152.053/1.348 ms


Tue 25 Apr 12:18:25 BST 2017
--- www.karibcable.com ping statistics ---
100 packets transmitted, 100 received, 0% packet loss, time 99133ms
rtt min/avg/max/mdev = 148.736/153.853/157.295/2.068 ms


Tue 25 Apr 18:18:28 BST 2017
--- www.karibcable.com ping statistics ---
100 packets transmitted, 100 received, 0% packet loss, time 99160ms
rtt min/avg/max/mdev = 103.207/142.721/154.425/18.265 ms


Wed 26 Apr 00:18:25 BST 2017
--- www.karibcable.com ping statistics ---
100 packets transmitted, 100 received, 0% packet loss, time 99099ms
rtt min/avg/max/mdev = 147.026/150.104/152.386/1.201 ms


Wed 26 Apr 06:18:20 BST 2017
--- www.karibcable.com ping statistics ---
100 packets transmitted, 100 received, 0% packet loss, time 99221ms
rtt min/avg/max/mdev = 9.356/137.021/157.455/44.076 ms


Wed 26 Apr 12:18:23 BST 2017
--- www.karibcable.com ping statistics ---
100 packets transmitted, 100 received, 0% packet loss, time 99117ms
rtt min/avg/max/mdev = 147.846/151.094/153.671/1.210 ms


Wed 26 Apr 18:18:28 BST 2017
--- www.karibcable.com ping statistics ---
100 packets transmitted, 100 received, 0% packet loss, time 99028ms
rtt min/avg/max/mdev = 147.044/150.366/154.478/1.765 ms


Thu 27 Apr 00:18:24 BST 2017
--- www.karibcable.com ping statistics ---
100 packets transmitted, 100 received, 0% packet loss, time 99065ms
rtt min/avg/max/mdev = 150.584/154.003/164.978/1.620 ms


Thu 27 Apr 06:18:27 BST 2017
--- www.karibcable.com ping statistics ---
100 packets transmitted, 100 received, 0% packet loss, time 99035ms
rtt min/avg/max/mdev = 148.785/156.903/200.656/11.172 ms


Thu 27 Apr 12:18:32 BST 2017
--- www.karibcable.com ping statistics ---
100 packets transmitted, 100 received, 0% packet loss, time 99014ms
rtt min/avg/max/mdev = 147.008/150.211/156.412/1.475 ms


Thu 27 Apr 18:21:48 BST 2017
--- www.karibcable.com ping statistics ---
100 packets transmitted, 100 received, 0% packet loss, time 99106ms
rtt min/avg/max/mdev = 28.816/130.878/157.039/47.669 ms


Fri 28 Apr 00:21:46 BST 2017
--- www.karibcable.com ping statistics ---
100 packets transmitted, 0 received, 100% packet loss, time 99309ms



Fri 28 Apr 06:21:42 BST 2017
--- www.karibcable.com ping statistics ---
100 packets transmitted, 0 received, 100% packet loss, time 100155ms



Fri 28 Apr 12:21:46 BST 2017
--- www.karibcable.com ping statistics ---
100 packets transmitted, 0 received, 100% packet loss, time 99243ms



Fri 28 Apr 18:23:28 BST 2017
--- www.karibcable.com ping statistics ---
100 packets transmitted, 0 received, 100% packet loss, time 99333ms



Sat 29 Apr 00:23:26 BST 2017
--- www.karibcable.com ping statistics ---
100 packets transmitted, 0 received, 100% packet loss, time 100166ms



Sat 29 Apr 06:23:22 BST 2017
--- www.karibcable.com ping statistics ---
100 packets transmitted, 0 received, 100% packet loss, time 99312ms



Sat 29 Apr 12:23:26 BST 2017
--- www.karibcable.com ping statistics ---
100 packets transmitted, 0 received, 100% packet loss, time 99326ms



Sat 29 Apr 18:23:31 BST 2017
--- www.karibcable.com ping statistics ---
100 packets transmitted, 0 received, 100% packet loss, time 100041ms



Sun 30 Apr 00:23:27 BST 2017
--- www.karibcable.com ping statistics ---
100 packets transmitted, 0 received, 100% packet loss, time 99228ms



Sun 30 Apr 06:23:26 BST 2017
--- www.karibcable.com ping statistics ---
100 packets transmitted, 0 received, 100% packet loss, time 99348ms



Sun 30 Apr 12:23:26 BST 2017
--- www.karibcable.com ping statistics ---
100 packets transmitted, 0 received, 100% packet loss, time 99616ms



Sun 30 Apr 18:29:41 BST 2017
--- www.karibcable.com ping statistics ---
100 packets transmitted, 0 received, 100% packet loss, time 99220ms



Mon  1 May 00:23:37 BST 2017
--- www.karibcable.com ping statistics ---
100 packets transmitted, 0 received, 100% packet loss, time 99543ms



Mon  1 May 06:23:26 BST 2017
--- www.karibcable.com ping statistics ---
100 packets transmitted, 0 received, 100% packet loss, time 100032ms



Mon  1 May 12:23:29 BST 2017
--- www.karibcable.com ping statistics ---
100 packets transmitted, 0 received, 100% packet loss, time 99357ms



Mon  1 May 18:23:34 BST 2017
--- www.karibcable.com ping statistics ---
100 packets transmitted, 0 received, 100% packet loss, time 100173ms



Tue  2 May 00:23:27 BST 2017
--- www.karibcable.com ping statistics ---
100 packets transmitted, 0 received, 100% packet loss, time 99297ms



Tue  2 May 06:23:23 BST 2017
--- www.karibcable.com ping statistics ---
100 packets transmitted, 0 received, 100% packet loss, time 99377ms



Tue  2 May 12:23:30 BST 2017
--- www.karibcable.com ping statistics ---
100 packets transmitted, 0 received, 100% packet loss, time 99331ms



Tue  2 May 18:23:30 BST 2017
--- www.karibcable.com ping statistics ---
100 packets transmitted, 0 received, 100% packet loss, time 99593ms



Wed  3 May 00:23:33 BST 2017
--- www.karibcable.com ping statistics ---
100 packets transmitted, 0 received, 100% packet loss, time 99418ms



Wed  3 May 06:23:29 BST 2017
--- www.karibcable.com ping statistics ---
100 packets transmitted, 0 received, 100% packet loss, time 99605ms



Wed  3 May 12:23:32 BST 2017
--- www.karibcable.com ping statistics ---
100 packets transmitted, 0 received, 100% packet loss, time 99425ms



Wed  3 May 18:23:29 BST 2017
--- www.karibcable.com ping statistics ---
100 packets transmitted, 0 received, 100% packet loss, time 99491ms



Thu  4 May 00:23:31 BST 2017
--- www.karibcable.com ping statistics ---
100 packets transmitted, 0 received, 100% packet loss, time 99358ms



Thu  4 May 06:23:28 BST 2017
--- www.karibcable.com ping statistics ---
100 packets transmitted, 0 received, 100% packet loss, time 99268ms



Thu  4 May 12:23:30 BST 2017
--- www.karibcable.com ping statistics ---
100 packets transmitted, 0 received, 100% packet loss, time 99250ms



Thu  4 May 18:23:29 BST 2017
--- www.karibcable.com ping statistics ---
100 packets transmitted, 0 received, 100% packet loss, time 99338ms



Fri  5 May 00:23:27 BST 2017
--- www.karibcable.com ping statistics ---
100 packets transmitted, 0 received, 100% packet loss, time 99301ms



Fri  5 May 06:23:24 BST 2017
--- www.karibcable.com ping statistics ---
100 packets transmitted, 0 received, 100% packet loss, time 99313ms



Fri  5 May 12:23:30 BST 2017
--- www.karibcable.com ping statistics ---
100 packets transmitted, 0 received, 100% packet loss, time 99417ms



Fri  5 May 21:53:45 BST 2017


Sat  6 May 03:53:48 BST 2017


Sat  6 May 09:53:47 BST 2017


Sat  6 May 15:53:43 BST 2017


Sat  6 May 21:53:47 BST 2017


Sun  7 May 03:53:54 BST 2017


Sun  7 May 09:53:40 BST 2017


Sun  7 May 15:53:49 BST 2017


Sun  7 May 21:53:48 BST 2017


Mon  8 May 03:53:43 BST 2017


Mon  8 May 09:53:43 BST 2017


Mon  8 May 15:53:45 BST 2017


Mon  8 May 21:53:44 BST 2017


