Tue  4 Apr 06:13:21 BST 2017
--- uzpak.uz ping statistics ---
100 packets transmitted, 100 received, 0% packet loss, time 99227ms
rtt min/avg/max/mdev = 121.749/122.658/123.843/0.692 ms


Tue  4 Apr 12:13:24 BST 2017
--- uzpak.uz ping statistics ---
100 packets transmitted, 100 received, 0% packet loss, time 99110ms
rtt min/avg/max/mdev = 119.918/120.215/122.050/0.431 ms


Tue  4 Apr 18:13:26 BST 2017
--- uzpak.uz ping statistics ---
100 packets transmitted, 100 received, 0% packet loss, time 99110ms
rtt min/avg/max/mdev = 119.333/119.552/120.664/0.197 ms


Wed  5 Apr 00:13:23 BST 2017
--- uzpak.uz ping statistics ---
100 packets transmitted, 100 received, 0% packet loss, time 99363ms
rtt min/avg/max/mdev = 4.252/114.063/123.299/29.542 ms


Wed  5 Apr 06:13:21 BST 2017
--- uzpak.uz ping statistics ---
100 packets transmitted, 100 received, 0% packet loss, time 99111ms
rtt min/avg/max/mdev = 85.056/113.508/120.936/13.538 ms


Wed  5 Apr 12:13:27 BST 2017
--- uzpak.uz ping statistics ---
100 packets transmitted, 100 received, 0% packet loss, time 99096ms
rtt min/avg/max/mdev = 119.365/119.584/122.610/0.452 ms


Wed  5 Apr 18:13:26 BST 2017
--- uzpak.uz ping statistics ---
100 packets transmitted, 100 received, 0% packet loss, time 99259ms
rtt min/avg/max/mdev = 121.524/122.386/124.855/0.605 ms


Thu  6 Apr 00:13:24 BST 2017
--- uzpak.uz ping statistics ---
100 packets transmitted, 100 received, 0% packet loss, time 99025ms
rtt min/avg/max/mdev = 119.377/119.930/120.664/0.292 ms


Thu  6 Apr 06:13:21 BST 2017
--- uzpak.uz ping statistics ---
100 packets transmitted, 100 received, 0% packet loss, time 99105ms
rtt min/avg/max/mdev = 119.362/119.477/120.669/0.457 ms


Thu  6 Apr 12:13:25 BST 2017
--- uzpak.uz ping statistics ---
100 packets transmitted, 100 received, 0% packet loss, time 99210ms
rtt min/avg/max/mdev = 121.498/122.384/127.487/0.828 ms


Thu  6 Apr 18:13:24 BST 2017
--- uzpak.uz ping statistics ---
100 packets transmitted, 100 received, 0% packet loss, time 99066ms
rtt min/avg/max/mdev = 119.415/119.914/121.173/0.461 ms


Fri  7 Apr 00:13:26 BST 2017
--- uzpak.uz ping statistics ---
100 packets transmitted, 100 received, 0% packet loss, time 99086ms
rtt min/avg/max/mdev = 115.175/115.273/115.696/0.217 ms


