Tue  4 Apr 06:08:22 BST 2017
--- masbatecity.com ping statistics ---
100 packets transmitted, 100 received, 0% packet loss, time 99196ms
rtt min/avg/max/mdev = 39.071/140.744/165.978/48.269 ms


Tue  4 Apr 12:08:24 BST 2017
--- masbatecity.com ping statistics ---
100 packets transmitted, 100 received, 0% packet loss, time 99032ms
rtt min/avg/max/mdev = 160.372/161.192/161.703/0.623 ms


Tue  4 Apr 18:08:25 BST 2017
--- masbatecity.com ping statistics ---
100 packets transmitted, 100 received, 0% packet loss, time 99010ms
rtt min/avg/max/mdev = 130.352/130.535/132.049/0.444 ms


Wed  5 Apr 00:08:23 BST 2017
--- masbatecity.com ping statistics ---
100 packets transmitted, 100 received, 0% packet loss, time 99198ms
rtt min/avg/max/mdev = 130.396/133.620/135.025/0.884 ms


Wed  5 Apr 06:08:23 BST 2017
--- masbatecity.com ping statistics ---
100 packets transmitted, 100 received, 0% packet loss, time 99128ms
rtt min/avg/max/mdev = 130.901/131.235/131.838/0.528 ms


Wed  5 Apr 12:08:26 BST 2017
--- masbatecity.com ping statistics ---
100 packets transmitted, 100 received, 0% packet loss, time 99080ms
rtt min/avg/max/mdev = 130.381/131.686/203.591/7.546 ms


Wed  5 Apr 18:08:25 BST 2017
--- masbatecity.com ping statistics ---
100 packets transmitted, 100 received, 0% packet loss, time 99258ms
rtt min/avg/max/mdev = 132.698/133.542/134.646/0.755 ms


Thu  6 Apr 00:08:24 BST 2017
--- masbatecity.com ping statistics ---
100 packets transmitted, 100 received, 0% packet loss, time 99060ms
rtt min/avg/max/mdev = 130.393/130.944/131.587/0.518 ms


Thu  6 Apr 06:08:22 BST 2017
--- masbatecity.com ping statistics ---
100 packets transmitted, 100 received, 0% packet loss, time 99009ms
rtt min/avg/max/mdev = 130.371/130.480/131.231/0.192 ms


Thu  6 Apr 12:08:24 BST 2017
--- masbatecity.com ping statistics ---
100 packets transmitted, 100 received, 0% packet loss, time 99125ms
rtt min/avg/max/mdev = 0.000/131.857/140.133/13.347 ms


Thu  6 Apr 18:08:24 BST 2017
--- masbatecity.com ping statistics ---
100 packets transmitted, 100 received, 0% packet loss, time 99061ms
rtt min/avg/max/mdev = 130.379/131.100/131.579/0.312 ms


Fri  7 Apr 00:08:24 BST 2017
--- masbatecity.com ping statistics ---
100 packets transmitted, 100 received, 0% packet loss, time 99070ms
rtt min/avg/max/mdev = 160.343/160.450/160.725/0.355 ms


Fri  7 Apr 06:08:22 BST 2017
--- masbatecity.com ping statistics ---
100 packets transmitted, 100 received, 0% packet loss, time 99166ms
rtt min/avg/max/mdev = 162.933/163.889/164.997/0.678 ms


Fri  7 Apr 12:08:24 BST 2017
--- masbatecity.com ping statistics ---
100 packets transmitted, 100 received, 0% packet loss, time 99222ms
rtt min/avg/max/mdev = 160.373/164.871/168.354/2.435 ms


Fri  7 Apr 18:08:28 BST 2017
--- masbatecity.com ping statistics ---
100 packets transmitted, 100 received, 0% packet loss, time 99583ms
rtt min/avg/max/mdev = 130.371/134.426/138.572/2.243 ms


Sat  8 Apr 00:08:24 BST 2017
--- masbatecity.com ping statistics ---
100 packets transmitted, 100 received, 0% packet loss, time 99084ms
rtt min/avg/max/mdev = 160.366/163.087/164.555/1.359 ms


Sat  8 Apr 06:08:23 BST 2017
--- masbatecity.com ping statistics ---
100 packets transmitted, 100 received, 0% packet loss, time 99068ms
rtt min/avg/max/mdev = 130.364/152.407/162.605/13.349 ms


Sat  8 Apr 12:08:24 BST 2017
--- masbatecity.com ping statistics ---
100 packets transmitted, 100 received, 0% packet loss, time 99216ms
rtt min/avg/max/mdev = 160.408/166.161/169.974/1.701 ms


Sat  8 Apr 18:08:20 BST 2017
--- masbatecity.com ping statistics ---
100 packets transmitted, 100 received, 0% packet loss, time 99134ms
rtt min/avg/max/mdev = 162.446/164.981/255.464/11.616 ms


Sun  9 Apr 00:08:20 BST 2017
--- masbatecity.com ping statistics ---
100 packets transmitted, 100 received, 0% packet loss, time 99082ms
rtt min/avg/max/mdev = 145.453/145.562/146.341/0.524 ms


Sun  9 Apr 06:08:22 BST 2017
--- masbatecity.com ping statistics ---
100 packets transmitted, 100 received, 0% packet loss, time 99233ms
rtt min/avg/max/mdev = 0.102/164.720/168.497/16.584 ms


Sun  9 Apr 12:08:19 BST 2017
--- masbatecity.com ping statistics ---
100 packets transmitted, 100 received, 0% packet loss, time 99106ms
rtt min/avg/max/mdev = 160.352/162.791/164.127/1.170 ms


Sun  9 Apr 18:08:22 BST 2017
--- masbatecity.com ping statistics ---
100 packets transmitted, 100 received, 0% packet loss, time 99010ms
rtt min/avg/max/mdev = 160.359/160.484/161.046/0.141 ms


Mon 10 Apr 00:08:21 BST 2017
--- masbatecity.com ping statistics ---
100 packets transmitted, 100 received, 0% packet loss, time 99156ms
rtt min/avg/max/mdev = 160.363/166.180/168.178/1.357 ms


Mon 10 Apr 06:08:21 BST 2017
--- masbatecity.com ping statistics ---
100 packets transmitted, 100 received, 0% packet loss, time 99152ms
rtt min/avg/max/mdev = 160.362/162.712/164.440/1.195 ms


Mon 10 Apr 12:08:22 BST 2017
--- masbatecity.com ping statistics ---
100 packets transmitted, 100 received, 0% packet loss, time 99069ms
rtt min/avg/max/mdev = 160.371/160.463/160.768/0.518 ms


Mon 10 Apr 18:08:22 BST 2017
--- masbatecity.com ping statistics ---
100 packets transmitted, 100 received, 0% packet loss, time 99297ms
rtt min/avg/max/mdev = 164.399/165.950/168.909/1.174 ms


Tue 11 Apr 00:08:21 BST 2017
--- masbatecity.com ping statistics ---
100 packets transmitted, 100 received, 0% packet loss, time 99126ms
rtt min/avg/max/mdev = 162.112/162.796/163.855/0.584 ms


