Tue  4 Apr 06:03:22 BST 2017
--- ez.net.id ping statistics ---
100 packets transmitted, 100 received, 0% packet loss, time 99231ms
rtt min/avg/max/mdev = 347.005/350.056/361.256/2.503 ms


Tue  4 Apr 12:03:23 BST 2017
--- ez.net.id ping statistics ---
100 packets transmitted, 100 received, 0% packet loss, time 99065ms
rtt min/avg/max/mdev = 340.447/342.690/351.918/1.763 ms


Tue  4 Apr 18:03:24 BST 2017
--- ez.net.id ping statistics ---
100 packets transmitted, 100 received, 0% packet loss, time 99156ms
rtt min/avg/max/mdev = 340.492/347.129/368.689/6.172 ms


Wed  5 Apr 00:03:23 BST 2017
--- ez.net.id ping statistics ---
100 packets transmitted, 100 received, 0% packet loss, time 99131ms
rtt min/avg/max/mdev = 358.538/378.370/389.549/7.505 ms


Wed  5 Apr 06:03:24 BST 2017
--- ez.net.id ping statistics ---
100 packets transmitted, 100 received, 0% packet loss, time 99067ms
rtt min/avg/max/mdev = 323.495/348.526/357.009/11.215 ms


Wed  5 Apr 12:03:24 BST 2017
--- ez.net.id ping statistics ---
100 packets transmitted, 100 received, 0% packet loss, time 99120ms
rtt min/avg/max/mdev = 348.694/351.923/356.702/1.586 ms


Wed  5 Apr 18:03:23 BST 2017
--- ez.net.id ping statistics ---
100 packets transmitted, 100 received, 0% packet loss, time 99267ms
rtt min/avg/max/mdev = 357.589/360.496/382.290/2.745 ms


Thu  6 Apr 00:03:23 BST 2017
--- ez.net.id ping statistics ---
100 packets transmitted, 100 received, 0% packet loss, time 99098ms
rtt min/avg/max/mdev = 360.210/376.921/383.221/8.042 ms


Thu  6 Apr 06:03:23 BST 2017
--- ez.net.id ping statistics ---
100 packets transmitted, 100 received, 0% packet loss, time 99073ms
rtt min/avg/max/mdev = 358.697/359.318/361.529/0.633 ms


Thu  6 Apr 12:03:22 BST 2017
--- ez.net.id ping statistics ---
100 packets transmitted, 100 received, 0% packet loss, time 99218ms
rtt min/avg/max/mdev = 290.542/302.176/310.446/4.243 ms


Thu  6 Apr 18:03:23 BST 2017
--- ez.net.id ping statistics ---
100 packets transmitted, 100 received, 0% packet loss, time 99197ms
rtt min/avg/max/mdev = 294.677/302.991/309.555/2.202 ms


Fri  7 Apr 00:03:23 BST 2017
--- ez.net.id ping statistics ---
100 packets transmitted, 100 received, 0% packet loss, time 99083ms
rtt min/avg/max/mdev = 282.406/298.837/310.545/7.750 ms


Fri  7 Apr 06:03:23 BST 2017
--- ez.net.id ping statistics ---
100 packets transmitted, 100 received, 0% packet loss, time 99198ms
rtt min/avg/max/mdev = 285.896/297.110/308.264/5.796 ms


Fri  7 Apr 12:03:24 BST 2017
--- ez.net.id ping statistics ---
100 packets transmitted, 100 received, 0% packet loss, time 99092ms
rtt min/avg/max/mdev = 282.453/292.533/305.549/5.226 ms


Fri  7 Apr 18:03:25 BST 2017
--- ez.net.id ping statistics ---
100 packets transmitted, 97 received, 3% packet loss, time 99205ms
rtt min/avg/max/mdev = 294.776/310.498/318.203/4.584 ms


Sat  8 Apr 00:03:24 BST 2017
--- ez.net.id ping statistics ---
100 packets transmitted, 100 received, 0% packet loss, time 99200ms
rtt min/avg/max/mdev = 286.173/287.842/292.454/1.189 ms


