Tue  4 Apr 06:11:40 BST 2017
--- thecuriouskiwi.co.nz ping statistics ---
100 packets transmitted, 100 received, 0% packet loss, time 99261ms
rtt min/avg/max/mdev = 281.794/283.941/287.118/1.495 ms


Tue  4 Apr 12:11:43 BST 2017
--- thecuriouskiwi.co.nz ping statistics ---
100 packets transmitted, 100 received, 0% packet loss, time 99069ms
rtt min/avg/max/mdev = 276.289/277.906/281.371/1.141 ms


Tue  4 Apr 18:11:45 BST 2017
--- thecuriouskiwi.co.nz ping statistics ---
100 packets transmitted, 100 received, 0% packet loss, time 99323ms
rtt min/avg/max/mdev = 0.000/273.268/277.833/27.489 ms


Wed  5 Apr 00:11:42 BST 2017
--- thecuriouskiwi.co.nz ping statistics ---
100 packets transmitted, 100 received, 0% packet loss, time 99268ms
rtt min/avg/max/mdev = 279.733/287.297/354.107/8.868 ms


Wed  5 Apr 06:11:41 BST 2017
--- thecuriouskiwi.co.nz ping statistics ---
100 packets transmitted, 100 received, 0% packet loss, time 99159ms
rtt min/avg/max/mdev = 281.001/281.897/300.222/1.944 ms


Wed  5 Apr 12:11:45 BST 2017
--- thecuriouskiwi.co.nz ping statistics ---
100 packets transmitted, 100 received, 0% packet loss, time 99020ms
rtt min/avg/max/mdev = 265.043/265.513/275.918/1.466 ms


Wed  5 Apr 18:11:44 BST 2017
--- thecuriouskiwi.co.nz ping statistics ---
100 packets transmitted, 100 received, 0% packet loss, time 99362ms
rtt min/avg/max/mdev = 293.205/297.883/426.508/17.862 ms


Thu  6 Apr 00:11:43 BST 2017
--- thecuriouskiwi.co.nz ping statistics ---
100 packets transmitted, 100 received, 0% packet loss, time 99152ms
rtt min/avg/max/mdev = 242.935/262.725/312.432/10.493 ms


Thu  6 Apr 06:11:41 BST 2017
--- thecuriouskiwi.co.nz ping statistics ---
100 packets transmitted, 100 received, 0% packet loss, time 99125ms
rtt min/avg/max/mdev = 261.985/264.981/276.561/1.567 ms


Thu  6 Apr 12:11:43 BST 2017
--- thecuriouskiwi.co.nz ping statistics ---
100 packets transmitted, 100 received, 0% packet loss, time 99124ms
rtt min/avg/max/mdev = 267.253/271.049/276.245/1.560 ms


Thu  6 Apr 18:11:43 BST 2017
--- thecuriouskiwi.co.nz ping statistics ---
100 packets transmitted, 100 received, 0% packet loss, time 99129ms
rtt min/avg/max/mdev = 210.392/263.033/391.436/14.955 ms


Fri  7 Apr 00:11:44 BST 2017
--- thecuriouskiwi.co.nz ping statistics ---
100 packets transmitted, 100 received, 0% packet loss, time 99334ms
rtt min/avg/max/mdev = 0.000/266.187/686.683/53.013 ms


