Tue  4 Apr 06:15:01 BST 2017
--- waggagolf.com.au ping statistics ---
100 packets transmitted, 99 received, 1% packet loss, time 99144ms
rtt min/avg/max/mdev = 214.524/329.782/361.405/52.488 ms


Tue  4 Apr 12:15:03 BST 2017
--- waggagolf.com.au ping statistics ---
100 packets transmitted, 100 received, 0% packet loss, time 99111ms
rtt min/avg/max/mdev = 346.638/348.002/349.989/1.167 ms


Tue  4 Apr 18:15:05 BST 2017
--- waggagolf.com.au ping statistics ---
100 packets transmitted, 100 received, 0% packet loss, time 99073ms
rtt min/avg/max/mdev = 344.899/345.884/347.456/0.913 ms


Wed  5 Apr 00:15:02 BST 2017
--- waggagolf.com.au ping statistics ---
100 packets transmitted, 97 received, 3% packet loss, time 99362ms
rtt min/avg/max/mdev = 347.247/357.366/375.895/5.916 ms


Wed  5 Apr 06:15:01 BST 2017
--- waggagolf.com.au ping statistics ---
100 packets transmitted, 100 received, 0% packet loss, time 99059ms
rtt min/avg/max/mdev = 315.632/342.916/350.865/12.719 ms


Wed  5 Apr 12:15:06 BST 2017
--- waggagolf.com.au ping statistics ---
100 packets transmitted, 98 received, 2% packet loss, time 99140ms
rtt min/avg/max/mdev = 342.916/346.611/349.093/1.341 ms


Wed  5 Apr 18:15:06 BST 2017
--- waggagolf.com.au ping statistics ---
100 packets transmitted, 100 received, 0% packet loss, time 99264ms
rtt min/avg/max/mdev = 231.224/334.790/369.022/46.531 ms


Thu  6 Apr 00:15:04 BST 2017
--- waggagolf.com.au ping statistics ---
100 packets transmitted, 100 received, 0% packet loss, time 99019ms
rtt min/avg/max/mdev = 323.465/348.516/352.658/3.700 ms


